[Bulk Import] Starting run with:
  Import script: /workspace/tools/importer/import-press-release.bundle.js
  URLs file:     /workspace/tools/importer/urls-batch.txt
  Output dir:    /workspace/content
  URL count:     70

[1/70] Starting https://www.astrazeneca.it/area-stampa/press-releases/2016/ricercagenomica.html
[Browser Console] JQMIGRATE: Migrate is installed, version 3.2.0
[Browser Console] Found 2 block instances on page
[1/70] ✅ Saved content to area-stampa/press-releases/2016/ricercagenomica
[2/70] Starting https://www.astrazeneca.it/area-stampa/press-releases/2016/risultati_Socrates.html
[Browser Console] JQMIGRATE: Migrate is installed, version 3.2.0
[Browser Console] Found 2 block instances on page
[2/70] ✅ Saved content to area-stampa/press-releases/2016/risultati-socrates
[3/70] Starting https://www.astrazeneca.it/area-stampa/press-releases/2016/secretomics.html
[Browser Console] JQMIGRATE: Migrate is installed, version 3.2.0
[Browser Console] Found 2 block instances on page
[3/70] ✅ Saved content to area-stampa/press-releases/2016/secretomics
[4/70] Starting https://www.astrazeneca.it/area-stampa/press-releases/2016/selumetinib.html
[Browser Console] JQMIGRATE: Migrate is installed, version 3.2.0
[Browser Console] Found 2 block instances on page
[4/70] ✅ Saved content to area-stampa/press-releases/2016/selumetinib
[5/70] Starting https://www.astrazeneca.it/area-stampa/press-releases/2016/selumetinib_farmacoorfano.html
[Browser Console] JQMIGRATE: Migrate is installed, version 3.2.0
[Browser Console] Found 2 block instances on page
[5/70] ✅ Saved content to area-stampa/press-releases/2016/selumetinib-farmacoorfano
[6/70] Starting https://www.astrazeneca.it/area-stampa/press-releases/2016/testBRCA.html
[Browser Console] JQMIGRATE: Migrate is installed, version 3.2.0
[Browser Console] Found 2 block instances on page
[6/70] ✅ Saved content to area-stampa/press-releases/2016/testbrca
[7/70] Starting https://www.astrazeneca.it/area-stampa/press-releases/2017/Cambridge_nuovasede.html
[Browser Console] JQMIGRATE: Migrate is installed, version 3.2.0
[Browser Console] Block "download-press" selector not found: .download-lockup
[Browser Console] Found 1 block instances on page
[7/70] ✅ Saved content to area-stampa/press-releases/2017/cambridge-nuovasede
[8/70] Starting https://www.astrazeneca.it/area-stampa/press-releases/2017/Durvalumab_EMA.html
[Browser Console] JQMIGRATE: Migrate is installed, version 3.2.0
[Browser Console] Block "download-press" selector not found: .download-lockup
[Browser Console] Found 1 block instances on page
[8/70] ✅ Saved content to area-stampa/press-releases/2017/durvalumab-ema
[9/70] Starting https://www.astrazeneca.it/area-stampa/press-releases/2017/GlobalDiabetesPolicyForum.html
[Browser Console] JQMIGRATE: Migrate is installed, version 3.2.0
[Browser Console] Block "download-press" selector not found: .download-lockup
[Browser Console] Found 1 block instances on page
[9/70] ✅ Saved content to area-stampa/press-releases/2017/globaldiabetespolicyforum
[10/70] Starting https://www.astrazeneca.it/area-stampa/press-releases/2017/MedImmune_SanofiPasteur_MEDI8897.html
[Browser Console] JQMIGRATE: Migrate is installed, version 3.2.0
[Browser Console] get data url from a base64 image (https://www.astrazeneca.it/area-stampa/press-releases/2017/MedImmune_SanofiPasteur_MEDI8897.html): InvalidCharacterError: Failed to execute 'atob' on 'Window': The string to be decoded is not correctly encoded.
    at _C.getDataUrlFromB64Img (<anonymous>:2:1876557)
    at <anonymous>:2:1892650
    at NodeList.forEach (<anonymous>)
    at u.storageHandler.preProcess (<anonymous>:2:1892424)
    at u.storageHandler.import (<anonymous>:2:1893650)
    at async jC (<anonymous>:2:1900296)
[Browser Console] Found 2 block instances on page
[10/70] ✅ Saved content to area-stampa/press-releases/2017/medimmune-sanofipasteur-medi8897
[11/70] Starting https://www.astrazeneca.it/area-stampa/press-releases/2017/Neuromieliteottica.html
[Browser Console] JQMIGRATE: Migrate is installed, version 3.2.0
[Browser Console] get data url from a base64 image (https://www.astrazeneca.it/area-stampa/press-releases/2017/Neuromieliteottica.html): InvalidCharacterError: Failed to execute 'atob' on 'Window': The string to be decoded is not correctly encoded.
    at _C.getDataUrlFromB64Img (<anonymous>:2:1876557)
    at <anonymous>:2:1892650
    at NodeList.forEach (<anonymous>)
    at u.storageHandler.preProcess (<anonymous>:2:1892424)
    at u.storageHandler.import (<anonymous>:2:1893650)
    at async jC (<anonymous>:2:1900296)
[Browser Console] Found 2 block instances on page
[11/70] ✅ Saved content to area-stampa/press-releases/2017/neuromieliteottica
[12/70] Starting https://www.astrazeneca.it/area-stampa/press-releases/2017/Olaparib_OlympiAD.html
[Browser Console] JQMIGRATE: Migrate is installed, version 3.2.0
[Browser Console] get data url from a base64 image (https://www.astrazeneca.it/area-stampa/press-releases/2017/Olaparib_OlympiAD.html): InvalidCharacterError: Failed to execute 'atob' on 'Window': The string to be decoded is not correctly encoded.
    at _C.getDataUrlFromB64Img (<anonymous>:2:1876557)
    at <anonymous>:2:1892650
    at NodeList.forEach (<anonymous>)
    at u.storageHandler.preProcess (<anonymous>:2:1892424)
    at u.storageHandler.import (<anonymous>:2:1893650)
    at async jC (<anonymous>:2:1900296)
[Browser Console] Found 2 block instances on page
[12/70] ✅ Saved content to area-stampa/press-releases/2017/olaparib-olympiad
[13/70] Starting https://www.astrazeneca.it/area-stampa/press-releases/2017/Olaparib_carcinomamammario_OlympiAD.html
[Browser Console] JQMIGRATE: Migrate is installed, version 3.2.0
[Browser Console] Block "download-press" selector not found: .download-lockup
[Browser Console] Found 1 block instances on page
[13/70] ✅ Saved content to area-stampa/press-releases/2017/olaparib-carcinomamammario-olympiad
[14/70] Starting https://www.astrazeneca.it/area-stampa/press-releases/2017/Olaparib_tumoreovarico_studioSOLO2.html
[Browser Console] JQMIGRATE: Migrate is installed, version 3.2.0
[Browser Console] Block "download-press" selector not found: .download-lockup
[Browser Console] Found 1 block instances on page
[14/70] ✅ Saved content to area-stampa/press-releases/2017/olaparib-tumoreovarico-studiosolo2
[15/70] Starting https://www.astrazeneca.it/area-stampa/press-releases/2017/Osimertinib_BTD.html
[Browser Console] JQMIGRATE: Migrate is installed, version 3.2.0
[Browser Console] Block "download-press" selector not found: .download-lockup
[Browser Console] Found 1 block instances on page
[15/70] ✅ Saved content to area-stampa/press-releases/2017/osimertinib-btd
[16/70] Starting https://www.astrazeneca.it/area-stampa/press-releases/2017/Patient Advocacy Network.html
[Browser Console] JQMIGRATE: Migrate is installed, version 3.2.0
[Browser Console] Block "download-press" selector not found: .download-lockup
[Browser Console] Found 1 block instances on page
[16/70] ✅ Saved content to area-stampa/press-releases/2017/patient-advocacy-network
[17/70] Starting https://www.astrazeneca.it/area-stampa/press-releases/2017/acalabrutinib.html
[Browser Console] JQMIGRATE: Migrate is installed, version 3.2.0
[Browser Console] Block "download-press" selector not found: .download-lockup
[Browser Console] Found 1 block instances on page
[17/70] ✅ Saved content to area-stampa/press-releases/2017/acalabrutinib
[18/70] Starting https://www.astrazeneca.it/area-stampa/press-releases/2017/benralizumab_ZONDA.html
[Browser Console] JQMIGRATE: Migrate is installed, version 3.2.0
[Browser Console] Block "download-press" selector not found: .download-lockup
[Browser Console] Found 1 block instances on page
[18/70] ✅ Saved content to area-stampa/press-releases/2017/benralizumab-zonda
[19/70] Starting https://www.astrazeneca.it/area-stampa/press-releases/2017/brodalumab.html
[Browser Console] JQMIGRATE: Migrate is installed, version 3.2.0
[Browser Console] get data url from a base64 image (https://www.astrazeneca.it/area-stampa/press-releases/2017/brodalumab.html): InvalidCharacterError: Failed to execute 'atob' on 'Window': The string to be decoded is not correctly encoded.
    at _C.getDataUrlFromB64Img (<anonymous>:2:1876557)
    at <anonymous>:2:1892650
    at NodeList.forEach (<anonymous>)
    at u.storageHandler.preProcess (<anonymous>:2:1892424)
    at u.storageHandler.import (<anonymous>:2:1893650)
    at async jC (<anonymous>:2:1900296)
[Browser Console] Found 2 block instances on page
[19/70] ✅ Saved content to area-stampa/press-releases/2017/brodalumab
[20/70] Starting https://www.astrazeneca.it/area-stampa/press-releases/2017/dapagliflozin_ADA.html
[Browser Console] JQMIGRATE: Migrate is installed, version 3.2.0
[Browser Console] Block "download-press" selector not found: .download-lockup
[Browser Console] Found 1 block instances on page
[20/70] ✅ Saved content to area-stampa/press-releases/2017/dapagliflozin-ada
[21/70] Starting https://www.astrazeneca.it/area-stampa/press-releases/2017/diabete_dapagliflozin_saxagliptin.html
[Browser Console] JQMIGRATE: Migrate is installed, version 3.2.0
[Browser Console] get data url from a base64 image (https://www.astrazeneca.it/area-stampa/press-releases/2017/diabete_dapagliflozin_saxagliptin.html): InvalidCharacterError: Failed to execute 'atob' on 'Window': The string to be decoded is not correctly encoded.
    at _C.getDataUrlFromB64Img (<anonymous>:2:1876557)
    at <anonymous>:2:1892650
    at NodeList.forEach (<anonymous>)
    at u.storageHandler.preProcess (<anonymous>:2:1892424)
    at u.storageHandler.import (<anonymous>:2:1893650)
    at async jC (<anonymous>:2:1900296)
[Browser Console] Found 2 block instances on page
[21/70] ✅ Saved content to area-stampa/press-releases/2017/diabete-dapagliflozin-saxagliptin
[22/70] Starting https://www.astrazeneca.it/area-stampa/press-releases/2017/durvalumab_StudioPACIFIC.html
[Browser Console] JQMIGRATE: Migrate is installed, version 3.2.0
[Browser Console] Block "download-press" selector not found: .download-lockup
[Browser Console] Found 1 block instances on page
[22/70] ✅ Saved content to area-stampa/press-releases/2017/durvalumab-studiopacific
[23/70] Starting https://www.astrazeneca.it/area-stampa/press-releases/2017/durvalumab_approvazioneFDA.html
[Browser Console] JQMIGRATE: Migrate is installed, version 3.2.0
[Browser Console] Block "download-press" selector not found: .download-lockup
[Browser Console] Found 1 block instances on page
[23/70] ✅ Saved content to area-stampa/press-releases/2017/durvalumab-approvazionefda
[24/70] Starting https://www.astrazeneca.it/area-stampa/press-releases/2017/exenatide_studioEXSCEL.html
[Browser Console] JQMIGRATE: Migrate is installed, version 3.2.0
[Browser Console] Block "download-press" selector not found: .download-lockup
[Browser Console] Found 1 block instances on page
[24/70] ✅ Saved content to area-stampa/press-releases/2017/exenatide-studioexscel
[25/70] Starting https://www.astrazeneca.it/area-stampa/press-releases/2017/goserelin.html
[Browser Console] JQMIGRATE: Migrate is installed, version 3.2.0
[Browser Console] get data url from a base64 image (https://www.astrazeneca.it/area-stampa/press-releases/2017/goserelin.html): InvalidCharacterError: Failed to execute 'atob' on 'Window': The string to be decoded is not correctly encoded.
    at _C.getDataUrlFromB64Img (<anonymous>:2:1876557)
    at <anonymous>:2:1892650
    at NodeList.forEach (<anonymous>)
    at u.storageHandler.preProcess (<anonymous>:2:1892424)
    at u.storageHandler.import (<anonymous>:2:1893650)
    at async jC (<anonymous>:2:1900296)
[Browser Console] Found 2 block instances on page
[25/70] ✅ Saved content to area-stampa/press-releases/2017/goserelin
[26/70] Starting https://www.astrazeneca.it/area-stampa/press-releases/2017/immunoncologia.html
[Browser Console] JQMIGRATE: Migrate is installed, version 3.2.0
[Browser Console] Found 2 block instances on page
[26/70] ✅ Saved content to area-stampa/press-releases/2017/immunoncologia
[27/70] Starting https://www.astrazeneca.it/area-stampa/press-releases/2017/linfoma_mantellare.html
[Browser Console] JQMIGRATE: Migrate is installed, version 3.2.0
[Browser Console] Block "download-press" selector not found: .download-lockup
[Browser Console] Found 1 block instances on page
[27/70] ✅ Saved content to area-stampa/press-releases/2017/linfoma-mantellare
[28/70] Starting https://www.astrazeneca.it/area-stampa/press-releases/2017/osimertinib_tumorealpolmone_AURA3.html
[Browser Console] JQMIGRATE: Migrate is installed, version 3.2.0
[Browser Console] Block "download-press" selector not found: .download-lockup
[Browser Console] Found 1 block instances on page
[28/70] ✅ Saved content to area-stampa/press-releases/2017/osimertinib-tumorealpolmone-aura3
[29/70] Starting https://www.astrazeneca.it/area-stampa/press-releases/2018/AA.html
[Browser Console] JQMIGRATE: Migrate is installed, version 3.2.0
[Browser Console] Found 2 block instances on page
[29/70] ✅ Saved content to area-stampa/press-releases/2018/aa
[30/70] Starting https://www.astrazeneca.it/area-stampa/press-releases/2018/ACALABRUTINIB_LLC_ASCEND.html
[Browser Console] JQMIGRATE: Migrate is installed, version 3.2.0
[Browser Console] Found 2 block instances on page
[30/70] ✅ Saved content to area-stampa/press-releases/2018/acalabrutinib-llc-ascend
[31/70] Starting https://www.astrazeneca.it/area-stampa/press-releases/2018/AHA_2018.html
[Browser Console] JQMIGRATE: Migrate is installed, version 3.2.0
[Browser Console] Found 2 block instances on page
[31/70] ✅ Saved content to area-stampa/press-releases/2018/aha-2018
[32/70] Starting https://www.astrazeneca.it/area-stampa/press-releases/2018/ASTRAZENECA_COVID-19.html
[Browser Console] JQMIGRATE: Migrate is installed, version 3.2.0
[Browser Console] Found 2 block instances on page
[32/70] ✅ Saved content to area-stampa/press-releases/2018/astrazeneca-covid-19
[33/70] Starting https://www.astrazeneca.it/area-stampa/press-releases/2018/ASTRAZENECA_VACCINO_COVID-19.html
[Browser Console] JQMIGRATE: Migrate is installed, version 3.2.0
[Browser Console] Found 2 block instances on page
[33/70] ✅ Saved content to area-stampa/press-releases/2018/astrazeneca-vaccino-covid-19
[34/70] Starting https://www.astrazeneca.it/area-stampa/press-releases/2018/BENRALIZUMAB_CHMP_AUTOSOMMINISTRAZIONE.html
[Browser Console] JQMIGRATE: Migrate is installed, version 3.2.0
[Browser Console] Found 2 block instances on page
[34/70] ✅ Saved content to area-stampa/press-releases/2018/benralizumab-chmp-autosomministrazione
[35/70] Starting https://www.astrazeneca.it/area-stampa/press-releases/2018/BENRALIZUMAB_PONENTE.html
[Browser Console] JQMIGRATE: Migrate is installed, version 3.2.0
[Browser Console] Found 2 block instances on page
[35/70] ✅ Saved content to area-stampa/press-releases/2018/benralizumab-ponente
[36/70] Starting https://www.astrazeneca.it/area-stampa/press-releases/2018/Benralizumab_BORA_ERS.html
[Browser Console] JQMIGRATE: Migrate is installed, version 3.2.0
[Browser Console] Found 2 block instances on page
[36/70] ✅ Saved content to area-stampa/press-releases/2018/benralizumab-bora-ers
[37/70] Starting https://www.astrazeneca.it/area-stampa/press-releases/2018/DAPAGLIFLOZIN_CHMP_DECLARE_CVDATA.html
[Browser Console] JQMIGRATE: Migrate is installed, version 3.2.0
[Browser Console] Found 2 block instances on page
[37/70] ✅ Saved content to area-stampa/press-releases/2018/dapagliflozin-chmp-declare-cvdata
[38/70] Starting https://www.astrazeneca.it/area-stampa/press-releases/2018/DAPAGLIFLOZIN_DAPA-CKD_ESC.html
[Browser Console] JQMIGRATE: Migrate is installed, version 3.2.0
[Browser Console] Found 2 block instances on page
[38/70] ✅ Saved content to area-stampa/press-releases/2018/dapagliflozin-dapa-ckd-esc
[39/70] Starting https://www.astrazeneca.it/area-stampa/press-releases/2018/DAPAGLIFLOZIN_DAPA-HF_ESC2019.html
[Browser Console] JQMIGRATE: Migrate is installed, version 3.2.0
[Browser Console] Found 2 block instances on page
[39/70] ✅ Saved content to area-stampa/press-releases/2018/dapagliflozin-dapa-hf-esc2019
[40/70] Starting https://www.astrazeneca.it/area-stampa/press-releases/2018/DAPAGLIFLOZIN_DAPACKD_ACC.html
[Browser Console] JQMIGRATE: Migrate is installed, version 3.2.0
[Browser Console] Found 2 block instances on page
[40/70] ✅ Saved content to area-stampa/press-releases/2018/dapagliflozin-dapackd-acc
[41/70] Starting https://www.astrazeneca.it/area-stampa/press-releases/2018/DAPAGLIFLOZIN_DECLARE_renaldata.html
[Browser Console] JQMIGRATE: Migrate is installed, version 3.2.0
[Browser Console] Found 2 block instances on page
[41/70] ✅ Saved content to area-stampa/press-releases/2018/dapagliflozin-declare-renaldata
[42/70] Starting https://www.astrazeneca.it/area-stampa/press-releases/2018/DURVALUMAB_CASPIAN_IASLC.html
[Browser Console] JQMIGRATE: Migrate is installed, version 3.2.0
[Browser Console] Found 2 block instances on page
[42/70] ✅ Saved content to area-stampa/press-releases/2018/durvalumab-caspian-iaslc
[43/70] Starting https://www.astrazeneca.it/area-stampa/press-releases/2018/DURVALUMAB_OK_UE_SCLC.html
[Browser Console] JQMIGRATE: Migrate is installed, version 3.2.0
[Browser Console] Found 2 block instances on page
[43/70] ✅ Saved content to area-stampa/press-releases/2018/durvalumab-ok-ue-sclc
[44/70] Starting https://www.astrazeneca.it/area-stampa/press-releases/2018/DURVALUMAB_PACIFIC_ESMO.html
[Browser Console] JQMIGRATE: Migrate is installed, version 3.2.0
[Browser Console] Found 2 block instances on page
[44/70] ✅ Saved content to area-stampa/press-releases/2018/durvalumab-pacific-esmo
[45/70] Starting https://www.astrazeneca.it/area-stampa/press-releases/2018/DURVALUMAB_TumorePolmone.html
[Browser Console] JQMIGRATE: Migrate is installed, version 3.2.0
[Browser Console] Found 2 block instances on page
[45/70] ✅ Saved content to area-stampa/press-releases/2018/durvalumab-tumorepolmone
[46/70] Starting https://www.astrazeneca.it/area-stampa/press-releases/2018/Dapaglifozin__DECLARE_top_line.html
[Browser Console] JQMIGRATE: Migrate is installed, version 3.2.0
[Browser Console] Found 2 block instances on page
[46/70] ✅ Saved content to area-stampa/press-releases/2018/dapaglifozin-declare-top-line
[47/70] Starting https://www.astrazeneca.it/area-stampa/press-releases/2018/Durvalumab_parerepositivoCHMP.html
[Browser Console] JQMIGRATE: Migrate is installed, version 3.2.0
[Browser Console] Block "download-press" selector not found: .download-lockup
[Browser Console] Found 1 block instances on page
[47/70] ✅ Saved content to area-stampa/press-releases/2018/durvalumab-parerepositivochmp
[48/70] Starting https://www.astrazeneca.it/area-stampa/press-releases/2018/LUNG_AMBITION_ALLIANCE.html
[Browser Console] JQMIGRATE: Migrate is installed, version 3.2.0
[Browser Console] Found 2 block instances on page
[48/70] ✅ Saved content to area-stampa/press-releases/2018/lung-ambition-alliance
[49/70] Starting https://www.astrazeneca.it/area-stampa/press-releases/2018/NOTASTAMPA_DATI_INGLESI_RWE.html
[Browser Console] JQMIGRATE: Migrate is installed, version 3.2.0
[Browser Console] Found 2 block instances on page
[49/70] ✅ Saved content to area-stampa/press-releases/2018/notastampa-dati-inglesi-rwe
[50/70] Starting https://www.astrazeneca.it/area-stampa/press-releases/2018/NOVELSTART.html
[Browser Console] JQMIGRATE: Migrate is installed, version 3.2.0
[Browser Console] Found 2 block instances on page
[50/70] ✅ Saved content to area-stampa/press-releases/2018/novelstart
[51/70] Starting https://www.astrazeneca.it/area-stampa/press-releases/2018/Nomina_Chiara_Gargiulo_VP_RIA.html
[Browser Console] JQMIGRATE: Migrate is installed, version 3.2.0
[Browser Console] Found 2 block instances on page
[51/70] ✅ Saved content to area-stampa/press-releases/2018/nomina-chiara-gargiulo-vp-ria
[52/70] Starting https://www.astrazeneca.it/area-stampa/press-releases/2018/OLAPARIB_OVAIO_SOLOI_APPROVAZIONEEU.html
[Browser Console] JQMIGRATE: Migrate is installed, version 3.2.0
[Browser Console] Found 2 block instances on page
[52/70] ✅ Saved content to area-stampa/press-releases/2018/olaparib-ovaio-soloi-approvazioneeu
[53/70] Starting https://www.astrazeneca.it/area-stampa/press-releases/2018/OLAPARIB_PAOLAI_APPROVAZIONEEU.html
[Browser Console] JQMIGRATE: Migrate is installed, version 3.2.0
[Browser Console] Found 2 block instances on page
[53/70] ✅ Saved content to area-stampa/press-releases/2018/olaparib-paolai-approvazioneeu
[54/70] Starting https://www.astrazeneca.it/area-stampa/press-releases/2018/OLAPARIB_PROFUND_APPROVAZIONEEU.html
[Browser Console] JQMIGRATE: Migrate is installed, version 3.2.0
[Browser Console] Found 2 block instances on page
[54/70] ✅ Saved content to area-stampa/press-releases/2018/olaparib-profund-approvazioneeu
[55/70] Starting https://www.astrazeneca.it/area-stampa/press-releases/2018/OLAPARIB_PSP_AZ-MSD.html
[Browser Console] JQMIGRATE: Migrate is installed, version 3.2.0
[Browser Console] Found 2 block instances on page
[55/70] ✅ Saved content to area-stampa/press-releases/2018/olaparib-psp-az-msd
[56/70] Starting https://www.astrazeneca.it/area-stampa/press-releases/2018/OLAPARIB_SENO_OVAIO_RIMBORSABILITA.html
[Browser Console] JQMIGRATE: Migrate is installed, version 3.2.0
[Browser Console] Found 2 block instances on page
[56/70] ✅ Saved content to area-stampa/press-releases/2018/olaparib-seno-ovaio-rimborsabilita
[57/70] Starting https://www.astrazeneca.it/area-stampa/press-releases/2018/OLAPARIB_TumorePancreas.html
[Browser Console] JQMIGRATE: Migrate is installed, version 3.2.0
[Browser Console] Found 2 block instances on page
[57/70] ✅ Saved content to area-stampa/press-releases/2018/olaparib-tumorepancreas
[58/70] Starting https://www.astrazeneca.it/area-stampa/press-releases/2018/OSIMERTINIB_RIMBORSABILITA_1LINEA.html
[Browser Console] JQMIGRATE: Migrate is installed, version 3.2.0
[Browser Console] Found 2 block instances on page
[58/70] ✅ Saved content to area-stampa/press-releases/2018/osimertinib-rimborsabilita-1linea
[59/70] Starting https://www.astrazeneca.it/area-stampa/press-releases/2018/Osimertinib_Eu.html
[Browser Console] JQMIGRATE: Migrate is installed, version 3.2.0
[Browser Console] Block "download-press" selector not found: .download-lockup
[Browser Console] Found 1 block instances on page
[59/70] ✅ Saved content to area-stampa/press-releases/2018/osimertinib-eu
[60/70] Starting https://www.astrazeneca.it/area-stampa/press-releases/2018/PACIFIC_OS_WCLC.html
[Browser Console] JQMIGRATE: Migrate is installed, version 3.2.0
[Browser Console] Found 2 block instances on page
[60/70] ✅ Saved content to area-stampa/press-releases/2018/pacific-os-wclc
[61/70] Starting https://www.astrazeneca.it/area-stampa/press-releases/2018/PENNABENRALIZUMAB_DISPONIBILITAITALIA.html
[Browser Console] JQMIGRATE: Migrate is installed, version 3.2.0
[Browser Console] Found 2 block instances on page
[61/70] ✅ Saved content to area-stampa/press-releases/2018/pennabenralizumab-disponibilitaitalia
[62/70] Starting https://www.astrazeneca.it/area-stampa/press-releases/2018/TICAGRELOR_THEMIS_ESC2019.html
[Browser Console] JQMIGRATE: Migrate is installed, version 3.2.0
[Browser Console] Found 2 block instances on page
[62/70] ✅ Saved content to area-stampa/press-releases/2018/ticagrelor-themis-esc2019
[63/70] Starting https://www.astrazeneca.it/area-stampa/press-releases/2018/campagnaioscelgodisapere.html
[Browser Console] JQMIGRATE: Migrate is installed, version 3.2.0
[Browser Console] Found 2 block instances on page
[63/70] ✅ Saved content to area-stampa/press-releases/2018/campagnaioscelgodisapere
[64/70] Starting https://www.astrazeneca.it/area-stampa/press-releases/2018/durvalumab.html
[Browser Console] JQMIGRATE: Migrate is installed, version 3.2.0
[Browser Console] Block "download-press" selector not found: .download-lockup
[Browser Console] Found 1 block instances on page
[64/70] ✅ Saved content to area-stampa/press-releases/2018/durvalumab
[65/70] Starting https://www.astrazeneca.it/area-stampa/press-releases/2018/durvalumabPACIFICOS.html
[Browser Console] JQMIGRATE: Migrate is installed, version 3.2.0
[Browser Console] Found 2 block instances on page
[65/70] ✅ Saved content to area-stampa/press-releases/2018/durvalumabpacificos
[66/70] Starting https://www.astrazeneca.it/area-stampa/press-releases/2018/osimertinib_tumorealpolmone_AURA3.html
[Browser Console] JQMIGRATE: Migrate is installed, version 3.2.0
[Browser Console] Block "download-press" selector not found: .download-lockup
[Browser Console] Found 1 block instances on page
[66/70] ✅ Saved content to area-stampa/press-releases/2018/osimertinib-tumorealpolmone-aura3
[67/70] Starting https://www.astrazeneca.it/area-stampa/press-releases/2018/patientadvocacynetwork2018.html
[Browser Console] JQMIGRATE: Migrate is installed, version 3.2.0
[Browser Console] Found 2 block instances on page
[67/70] ✅ Saved content to area-stampa/press-releases/2018/patientadvocacynetwork2018
[68/70] Starting https://www.astrazeneca.it/area-stampa/press-releases/2018/studiocvdreal.html
[Browser Console] JQMIGRATE: Migrate is installed, version 3.2.0
[Browser Console] Block "download-press" selector not found: .download-lockup
[Browser Console] Found 1 block instances on page
[68/70] ✅ Saved content to area-stampa/press-releases/2018/studiocvdreal
[69/70] Starting https://www.astrazeneca.it/area-stampa/press-releases/2018/ticagrelor.html
[Browser Console] JQMIGRATE: Migrate is installed, version 3.2.0
[Browser Console] Block "download-press" selector not found: .download-lockup
[Browser Console] Found 1 block instances on page
[69/70] ✅ Saved content to area-stampa/press-releases/2018/ticagrelor
[70/70] Starting https://www.astrazeneca.it/area-stampa/press-releases/2018/trialsygma.html
[Browser Console] JQMIGRATE: Migrate is installed, version 3.2.0
[Browser Console] Found 2 block instances on page
[70/70] ✅ Saved content to area-stampa/press-releases/2018/trialsygma
[Bulk Import] Completed. Success: 70/70, Failures: 0
[Excel Export] Found 104 report file(s). Compiling to Excel...
[Excel Export] ✅ Compiled 104 reports to: /workspace/tools/importer/reports/import-press-release.report.xlsx
