=========================================
STEP 3: UPLOADING 58 NEW PDFs TO DA
=========================================
✅ PDF [1/58] AACR_oncologia.pdf
✅ PDF [2/58] Acalabrutinib-EMA1.pdf
✅ PDF [3/58] Accordo-Aralez.pdf
✅ PDF [4/58] AstraZeneca_TOP_EMPLOYER_2019 _final.pdf
✅ PDF [5/58] Az-e-Pfizer.pdf
✅ PDF [6/58] Benralizumab-SIROCCO-CALIMA.pdf
✅ PDF [7/58] BudesonideFormoterolo_Spray.pdf
✅ PDF [8/58] CS Acalabrunitib_ELEVATOR-TN_ASH.pdf
✅ PDF [9/58] CS Acalabrutinib_LLC_Approvazione EU.pdf
✅ PDF [10/58] CS Acalabrutinib_LLC_EHA.pdf
✅ PDF [11/58] CS AstraZeneca Benralizumab_CHMP__14.11.2017.pdf
✅ PDF [12/58] CS AstraZeneca Top Employers 08 02 2017.pdf
✅ PDF [13/58] CS AstraZeneca Top Employers 2018 05 02 2018.pdf
✅ PDF [14/58] CS AstraZeneca Top Employers 2020.pdf
✅ PDF [15/58] CS AstraZeneca_TOP_EMPLOYER_2021.pdf
✅ PDF [16/58] CS AstraZeneca_Vaccino_COVID.pdf
✅ PDF [17/58] CS Budesonide-glicopirronio-formoterolo_ETHOS.pdf
✅ PDF [18/58] CS Dapagliflozin_HF_Approvazione EU.pdf
✅ PDF [19/58] CS Olaparib_PROfound_ESMO.pdf
✅ PDF [20/58] CS Olaparib_SOLO-1_ESMO.pdf
✅ PDF [21/58] CS_Durvalumab_CASPIAN_SCLC_ASCO.pdf
✅ PDF [22/58] CS_Studio_DECLARE_ACC_18.03_Definitiva_v2.pdf
✅ PDF [23/58] CS_olaparib_SOLO1_ESMO_2018.pdf
✅ PDF [24/58] CVD-REAL ACC.17_ 20 03 2017_DEF.pdf
✅ PDF [25/58] Circassia.pdf
✅ PDF [26/58] Consorzio-RCP2.pdf
✅ PDF [27/58] Cs Osimertinib_NSCLC_Adaura_ASCO.pdf
✅ PDF [28/58] David-Goldstein-Annoucement.pdf
✅ PDF [29/58] Durvalumab_ESMO.pdf
✅ PDF [30/58] Durvalumab_FDA.pdf
✅ PDF [31/58] FLAURA_osimertinib.pdf
✅ PDF [32/58] LEO-Pharma_accordi.pdf
✅ PDF [33/58] LESINURAD_Gruenenthal.pdf
✅ PDF [34/58] Lesinurad-EU-Approval.pdf
✅ PDF [35/58] Moventig_ProStrakan.pdf
✅ PDF [36/58] Nota Stampa.pdf
✅ PDF [37/58] Nota stampa AstraZeneca Nomina Pescatore.pdf
✅ PDF [38/58] Nota stampa Nomina Tamara Driol.pdf
✅ PDF [39/58] Nota stampa nomina Constanza Oliveros.pdf
✅ PDF [40/58] Nota stampa nomina Mirko Merletti.pdf
✅ PDF [41/58] Nota_stampa.pdf
✅ PDF [42/58] Olaparib1.pdf
✅ PDF [43/58] Osimertinib_ApprovazioneCE.pdf
✅ PDF [44/58] Osimertinib_rimborsabilità.pdf
✅ PDF [45/58] PLAIV-CHMP.pdf
✅ PDF [46/58] Pacific_ESMO_durvalumab.pdf
✅ PDF [47/58] SOLO1_olaparib_03072018.pdf
✅ PDF [48/58] Takeda.pdf
✅ PDF [49/58] Top-employer-2016.pdf
✅ PDF [50/58] ZS-9_Iperkaliemia.pdf
✅ PDF [51/58] ZS9_iperkaliemia_ZSPHARMA.pdf
✅ PDF [52/58] benralizumabEMA.pdf
✅ PDF [53/58] cs Patient advocacy_final 23 maggio.pdf
✅ PDF [54/58] olaparib_solo2.pdf
✅ PDF [55/58] oncologia_congressiscientifici.pdf
✅ PDF [56/58] osimertinib_FDAUSA.pdf
✅ PDF [57/58] osimertinib_cFDA.pdf
✅ PDF [58/58] osimertinib_risultati_aura3.pdf

PDFs: Success=58, Failed=0

=========================================
STEP 4: UPLOAD + PREVIEW + PUBLISH CONTENT
=========================================
✅ Page [1] plaiv-chmp
✅ Page [2] top-employer
✅ Page [3] acalabrutinib-ema
✅ Page [4] aralez
✅ Page [5] astrazeneca-stipula-due-accordi-di-licenza-con-leo-pharmap-er-il-trattamento-delle-malattie-cutanee
✅ Page [6] benralizumab-sirocco-calima
✅ Page [7] congressiscientifici
✅ Page [8] consorzio-rcp2
✅ Page [9] davidgoldstein
✅ Page [10] durvalumab
✅ Page [11] durvalumabasco2016
✅ Page [12] lesinurad
✅ Page [13] lesinurad1
✅ Page [14] moventig-prostrakan
✅ Page [15] osimertinib-aura3
✅ Page [16] takeda
✅ Page [17] aacr-oncologia
✅ Page [18] circassia-patologierespiratorie
✅ Page [19] topemployers2017
✅ Page [20] zs-9-iperkaliemia
✅ Page [21] zs9-iperkaliemia-zspharma
✅ Page [22] benralizumab
✅ Page [23] budesonide-formoterolo-spray
✅ Page [24] osimertinib-fdausa
✅ Page [25] osimertinib-rimborsabile
✅ Page [26] acalabrutinib-llc-approvazioneeu
✅ Page [27] aha-20181
✅ Page [28] astrazeneca-topemployer2021
✅ Page [29] astrazeneca-top-employers-2020
✅ Page [30] astrazeneca-vaccino-covid19
✅ Page [31] dapagliflozin-hf-approvazioneeu
✅ Page [32] declaresottoanalisi
✅ Page [33] hlr-flaura-os
✅ Page [34] nomina-driol-hr
✅ Page [35] nomina-mirkomerletti
✅ Page [36] nomina-oliveros-medicalhead
✅ Page [37] notastampaestraneitavenditamercatiparalleli
✅ Page [38] nomina-scott-pescatore-vp-obu
✅ Page [39] osimertinib-flaura-esmo2019
✅ Page [40] patientadvocacynetwork
✅ Page [41] solo1-esmo2018
✅ Page [42] solo1-olaparib
✅ Page [43] topemployers2017
✅ Page [44] benralizumabema
✅ Page [45] topemployers2018
✅ Page [46] pfizer
✅ Page [47] olaparib
✅ Page [48] notastampaconsegnevaccino
✅ Page [49] accordoaspen
✅ Page [50] acalabrutinib-elevatetn-ash
✅ Page [51] acalabrutinib-llc-eha
✅ Page [52] durvalumabesmo
✅ Page [53] osimertinib-ce
✅ Page [54] cvd-real-sglt2
✅ Page [55] flaura-tumore-al-polmone1
✅ Page [56] olaparib-brca-solo2
✅ Page [57] pacific-tumore-al-polmone
❌ Page NotFound: /area-stampa/press-releases/2017/durvalumab-breakthrough therapy designation
✅ Page [58] osimertinib-cfda
✅ Page [59] budesonide-glicopirronio-formoterolo-ethos-bpco
✅ Page [60] durvalumab-caspian-sclc-asco
✅ Page [61] olaparib-paola-esmo2019
✅ Page [62] olaparib-profound-esmo
✅ Page [63] olaparib-profound-prostata-esmo2019
✅ Page [64] olaparib-solo-1-esmo
✅ Page [65] osimertinib-nsclc-adaura-asco

=========================================
COMPLETE
PDFs: Success=58, Failed=0
Pages: Success=0, Failed=0
=========================================
