=========================================
STEP 1: IMPORT 110 PAGES (2017+2018)
=========================================
[Bulk Import] Starting run with:
[Browser Console] Found 2 block instances on page
[1/110] ✅ Saved content to area-stampa/press-releases/2017/aacr-oncologia
[Browser Console] Found 2 block instances on page
[2/110] ✅ Saved content to area-stampa/press-releases/2017/cvd-real-sglt2
[Browser Console] Found 2 block instances on page
[3/110] ✅ Saved content to area-stampa/press-releases/2017/cambridge-nuovasede
[Browser Console] Found 2 block instances on page
[4/110] ✅ Saved content to area-stampa/press-releases/2017/circassia-patologierespiratorie
[Browser Console] Found 2 block instances on page
[5/110] ✅ Saved content to area-stampa/press-releases/2017/durvalumab-ema
[Browser Console] Found 3 block instances on page
[6/110] ✅ Saved content to area-stampa/press-releases/2017/flaura-tumore-al-polmone1
[Browser Console] Found 2 block instances on page
[7/110] ✅ Saved content to area-stampa/press-releases/2017/globaldiabetespolicyforum
[Browser Console] Found 2 block instances on page
[8/110] ✅ Saved content to area-stampa/press-releases/2017/medimmune-sanofipasteur-medi8897
[Browser Console] Found 2 block instances on page
[9/110] ✅ Saved content to area-stampa/press-releases/2017/neuromieliteottica
[Browser Console] Found 3 block instances on page
[10/110] ✅ Saved content to area-stampa/press-releases/2017/olaparib-brca-solo2
[Browser Console] Found 2 block instances on page
[11/110] ✅ Saved content to area-stampa/press-releases/2017/olaparib-olympiad
[Browser Console] Found 2 block instances on page
[12/110] ✅ Saved content to area-stampa/press-releases/2017/olaparib-carcinomamammario-olympiad
[Browser Console] Found 2 block instances on page
[13/110] ✅ Saved content to area-stampa/press-releases/2017/olaparib-tumoreovarico-studiosolo2
[Browser Console] Found 2 block instances on page
[14/110] ✅ Saved content to area-stampa/press-releases/2017/osimertinib-btd
[Browser Console] Found 3 block instances on page
[15/110] ✅ Saved content to area-stampa/press-releases/2017/pacific-tumore-al-polmone
[Browser Console] Found 2 block instances on page
[16/110] ✅ Saved content to area-stampa/press-releases/2017/patient-advocacy-network
[Browser Console] Found 2 block instances on page
[17/110] ✅ Saved content to area-stampa/press-releases/2017/topemployers2017
[Browser Console] Found 2 block instances on page
[18/110] ✅ Saved content to area-stampa/press-releases/2017/zs-9-iperkaliemia
[Browser Console] Found 2 block instances on page
[19/110] ✅ Saved content to area-stampa/press-releases/2017/zs9-iperkaliemia-zspharma
[Browser Console] Found 3 block instances on page
[20/110] ✅ Saved content to area-stampa/press-releases/2017/acalabrutinib
[Browser Console] Found 2 block instances on page
[21/110] ✅ Saved content to area-stampa/press-releases/2017/benralizumab
[Browser Console] Found 2 block instances on page
[22/110] ✅ Saved content to area-stampa/press-releases/2017/benralizumab-zonda
[Browser Console] Found 2 block instances on page
[23/110] ✅ Saved content to area-stampa/press-releases/2017/brodalumab
[Browser Console] Found 2 block instances on page
[24/110] ✅ Saved content to area-stampa/press-releases/2017/budesonide-formoterolo-spray
[Browser Console] Found 2 block instances on page
[25/110] ✅ Saved content to area-stampa/press-releases/2017/dapagliflozin-ada
[Browser Console] Found 2 block instances on page
[26/110] ✅ Saved content to area-stampa/press-releases/2017/diabete-dapagliflozin-saxagliptin
[Browser Console] Found 2 block instances on page
[27/110] ✅ Saved content to area-stampa/press-releases/2017/durvalumab-studiopacific
[Browser Console] Found 3 block instances on page
[28/110] ✅ Saved content to area-stampa/press-releases/2017/durvalumab-approvazionefda
[Browser Console] Found 2 block instances on page
[29/110] ✅ Saved content to area-stampa/press-releases/2017/durvalumab-breakthrough-therapy-designation
[Browser Console] Found 2 block instances on page
[30/110] ✅ Saved content to area-stampa/press-releases/2017/exenatide-studioexscel
[Browser Console] Found 2 block instances on page
[31/110] ✅ Saved content to area-stampa/press-releases/2017/goserelin
[Browser Console] Found 2 block instances on page
[32/110] ✅ Saved content to area-stampa/press-releases/2017/immunoncologia
[Browser Console] Found 2 block instances on page
[33/110] ✅ Saved content to area-stampa/press-releases/2017/linfoma-mantellare
[Browser Console] Found 2 block instances on page
[34/110] ✅ Saved content to area-stampa/press-releases/2017/osimertinib-fdausa
[Browser Console] Found 2 block instances on page
[35/110] ✅ Saved content to area-stampa/press-releases/2017/osimertinib-cfda
[Browser Console] Found 2 block instances on page
[36/110] ✅ Saved content to area-stampa/press-releases/2017/osimertinib-rimborsabile
[Browser Console] Found 2 block instances on page
[37/110] ✅ Saved content to area-stampa/press-releases/2017/osimertinib-tumorealpolmone-aura3
[Browser Console] Found 2 block instances on page
[38/110] ✅ Saved content to area-stampa/press-releases/2018/aa
[Browser Console] Found 4 block instances on page
[39/110] ✅ Saved content to area-stampa/press-releases/2018/acalabrutinib-elevatetn-ash
[Browser Console] Found 2 block instances on page
[40/110] ✅ Saved content to area-stampa/press-releases/2018/acalabrutinib-llc-approvazioneeu
[Browser Console] Found 3 block instances on page
[41/110] ✅ Saved content to area-stampa/press-releases/2018/acalabrutinib-llc-ascend
[Browser Console] Found 4 block instances on page
[42/110] ✅ Saved content to area-stampa/press-releases/2018/acalabrutinib-llc-eha
[Browser Console] Found 2 block instances on page
[43/110] ✅ Saved content to area-stampa/press-releases/2018/aha-2018
[Browser Console] Found 2 block instances on page
[44/110] ✅ Saved content to area-stampa/press-releases/2018/aha-20181
[Browser Console] Found 2 block instances on page
[45/110] ✅ Saved content to area-stampa/press-releases/2018/astrazeneca-covid-19
[Browser Console] Found 2 block instances on page
[46/110] ✅ Saved content to area-stampa/press-releases/2018/astrazeneca-topemployer2021
[Browser Console] Found 2 block instances on page
[47/110] ✅ Saved content to area-stampa/press-releases/2018/astrazeneca-top-employers-2020
[Browser Console] Found 2 block instances on page
[48/110] ✅ Saved content to area-stampa/press-releases/2018/astrazeneca-vaccino-covid-19
[Browser Console] Found 2 block instances on page
[49/110] ✅ Saved content to area-stampa/press-releases/2018/astrazeneca-vaccino-covid19
[Browser Console] Found 2 block instances on page
[50/110] ✅ Saved content to area-stampa/press-releases/2018/benralizumab-chmp-autosomministrazione
[Browser Console] Found 2 block instances on page
[51/110] ✅ Saved content to area-stampa/press-releases/2018/benralizumab-ponente
[Browser Console] Found 4 block instances on page
[52/110] ✅ Saved content to area-stampa/press-releases/2018/budesonide-glicopirronio-formoterolo-ethos-bpco
[Browser Console] Found 2 block instances on page
[53/110] ✅ Saved content to area-stampa/press-releases/2018/benralizumab-bora-ers
[Browser Console] Found 2 block instances on page
[54/110] ✅ Saved content to area-stampa/press-releases/2018/dapagliflozin-chmp-declare-cvdata
[Browser Console] Found 2 block instances on page
[55/110] ✅ Saved content to area-stampa/press-releases/2018/dapagliflozin-dapa-ckd-esc
[Browser Console] Found 2 block instances on page
[56/110] ✅ Saved content to area-stampa/press-releases/2018/dapagliflozin-dapa-hf-esc2019
[Browser Console] Found 2 block instances on page
[57/110] ✅ Saved content to area-stampa/press-releases/2018/dapagliflozin-dapackd-acc
[Browser Console] Found 2 block instances on page
[58/110] ✅ Saved content to area-stampa/press-releases/2018/dapagliflozin-declare-renaldata
[Browser Console] Found 2 block instances on page
[59/110] ✅ Saved content to area-stampa/press-releases/2018/dapagliflozin-hf-approvazioneeu
[Browser Console] Found 2 block instances on page
[60/110] ✅ Saved content to area-stampa/press-releases/2018/declaresottoanalisi
[Browser Console