=========================================
STEP 3: UPLOADING 58 NEW PDFs TO DA
=========================================
❌ PDF Upload(401): AACR_oncologia.pdf
❌ PDF Upload(401): Acalabrutinib-EMA1.pdf
❌ PDF Upload(401): Accordo-Aralez.pdf
❌ PDF Upload(401): AstraZeneca_TOP_EMPLOYER_2019 _final.pdf
❌ PDF Upload(401): Az-e-Pfizer.pdf
❌ PDF Upload(401): Benralizumab-SIROCCO-CALIMA.pdf
❌ PDF Upload(401): BudesonideFormoterolo_Spray.pdf
❌ PDF Upload(401): CS Acalabrunitib_ELEVATOR-TN_ASH.pdf
❌ PDF Upload(401): CS Acalabrutinib_LLC_Approvazione EU.pdf
❌ PDF Upload(401): CS Acalabrutinib_LLC_EHA.pdf
❌ PDF Upload(401): CS AstraZeneca Benralizumab_CHMP__14.11.2017.pdf
❌ PDF Upload(401): CS AstraZeneca Top Employers 08 02 2017.pdf
❌ PDF Upload(401): CS AstraZeneca Top Employers 2018 05 02 2018.pdf
❌ PDF Upload(401): CS AstraZeneca Top Employers 2020.pdf
❌ PDF Upload(401): CS AstraZeneca_TOP_EMPLOYER_2021.pdf
❌ PDF Upload(401): CS AstraZeneca_Vaccino_COVID.pdf
❌ PDF Upload(401): CS Budesonide-glicopirronio-formoterolo_ETHOS.pdf
❌ PDF Upload(401): CS Dapagliflozin_HF_Approvazione EU.pdf
❌ PDF Upload(401): CS Olaparib_PROfound_ESMO.pdf
❌ PDF Upload(401): CS Olaparib_SOLO-1_ESMO.pdf
❌ PDF Upload(401): CS_Durvalumab_CASPIAN_SCLC_ASCO.pdf
❌ PDF Upload(401): CS_Studio_DECLARE_ACC_18.03_Definitiva_v2.pdf
❌ PDF Upload(401): CS_olaparib_SOLO1_ESMO_2018.pdf
❌ PDF Upload(401): CVD-REAL ACC.17_ 20 03 2017_DEF.pdf
❌ PDF Upload(401): Circassia.pdf
❌ PDF Upload(401): Consorzio-RCP2.pdf
❌ PDF Upload(401): Cs Osimertinib_NSCLC_Adaura_ASCO.pdf
❌ PDF Upload(401): David-Goldstein-Annoucement.pdf
❌ PDF Upload(401): Durvalumab_ESMO.pdf
❌ PDF Upload(401): Durvalumab_FDA.pdf
❌ PDF Upload(401): FLAURA_osimertinib.pdf
❌ PDF Upload(401): LEO-Pharma_accordi.pdf
❌ PDF Upload(401): LESINURAD_Gruenenthal.pdf
❌ PDF Upload(401): Lesinurad-EU-Approval.pdf
❌ PDF Upload(401): Moventig_ProStrakan.pdf
❌ PDF Upload(401): Nota Stampa.pdf
❌ PDF Upload(401): Nota stampa AstraZeneca Nomina Pescatore.pdf
❌ PDF Upload(401): Nota stampa Nomina Tamara Driol.pdf
❌ PDF Upload(401): Nota stampa nomina Constanza Oliveros.pdf
❌ PDF Upload(401): Nota stampa nomina Mirko Merletti.pdf
❌ PDF Upload(401): Nota_stampa.pdf
❌ PDF Upload(401): Olaparib1.pdf
❌ PDF Upload(401): Osimertinib_ApprovazioneCE.pdf
❌ PDF Upload(401): Osimertinib_rimborsabilità.pdf
❌ PDF Upload(401): PLAIV-CHMP.pdf
❌ PDF Upload(401): Pacific_ESMO_durvalumab.pdf
❌ PDF Upload(401): SOLO1_olaparib_03072018.pdf
❌ PDF Upload(401): Takeda.pdf
❌ PDF Upload(401): Top-employer-2016.pdf
❌ PDF Upload(401): ZS-9_Iperkaliemia.pdf
❌ PDF Upload(401): ZS9_iperkaliemia_ZSPHARMA.pdf
❌ PDF Upload(401): benralizumabEMA.pdf
❌ PDF Upload(401): cs Patient advocacy_final 23 maggio.pdf
❌ PDF Upload(401): olaparib_solo2.pdf
❌ PDF Upload(401): oncologia_congressiscientifici.pdf
❌ PDF Upload(401): osimertinib_FDAUSA.pdf
❌ PDF Upload(401): osimertinib_cFDA.pdf
❌ PDF Upload(401): osimertinib_risultati_aura3.pdf

PDFs: Success=0, Failed=58

=========================================
STEP 4: UPLOAD + PREVIEW + PUBLISH CONTENT
=========================================
❌ Page Upload(401): plaiv-chmp.plain.html
❌ Page Upload(401): top-employer.plain.html
❌ Page Upload(401): acalabrutinib-ema.plain.html
❌ Page Upload(401): aralez.plain.html
❌ Page Upload(401): astrazeneca-stipula-due-accordi-di-licenza-con-leo-pharmap-er-il-trattamento-delle-malattie-cutanee.plain.html
❌ Page Upload(401): benralizumab-sirocco-calima.plain.html
❌ Page Upload(401): congressiscientifici.plain.html
❌ Page Upload(401): consorzio-rcp2.plain.html
❌ Page Upload(401): davidgoldstein.plain.html
❌ Page Upload(401): durvalumab.plain.html
❌ Page Upload(401): durvalumabasco2016.plain.html
❌ Page Upload(401): lesinurad.plain.html
❌ Page Upload(401): lesinurad1.plain.html
❌ Page Upload(401): moventig-prostrakan.plain.html
❌ Page Upload(401): osimertinib-aura3.plain.html
❌ Page Upload(401): takeda.plain.html
❌ Page Upload(401): aacr-oncologia.plain.html
❌ Page Upload(401): circassia-patologierespiratorie.plain.html
❌ Page Upload(401): topemployers2017.plain.html
❌ Page Upload(401): zs-9-iperkaliemia.plain.html
❌ Page Upload(401): zs9-iperkaliemia-zspharma.plain.html
❌ Page Upload(401): benralizumab.plain.html
❌ Page Upload(401): budesonide-formoterolo-spray.plain.html
❌ Page Upload(401): osimertinib-fdausa.plain.html
❌ Page Upload(401): osimertinib-rimborsabile.plain.html
❌ Page Upload(401): acalabrutinib-llc-approvazioneeu.plain.html
❌ Page Upload(401): aha-20181.plain.html
❌ Page Upload(401): astrazeneca-topemployer2021.plain.html
❌ Page Upload(401): astrazeneca-top-employers-2020.plain.html
❌ Page Upload(401): astrazeneca-vaccino-covid19.plain.html
❌ Page Upload(401): dapagliflozin-hf-approvazioneeu.plain.html
❌ Page Upload(401): declaresottoanalisi.plain.html
❌ Page Upload(401): hlr-flaura-os.plain.html
❌ Page Upload(401): nomina-driol-hr.plain.html
❌ Page Upload(401): nomina-mirkomerletti.plain.html
❌ Page Upload(401): nomina-oliveros-medicalhead.plain.html
❌ Page Upload(401): notastampaestraneitavenditamercatiparalleli.plain.html
❌ Page Upload(401): nomina-scott-pescatore-vp-obu.plain.html
❌ Page Upload(401): osimertinib-flaura-esmo2019.plain.html
❌ Page Upload(401): patientadvocacynetwork.plain.html
❌ Page Upload(401): solo1-esmo2018.plain.html
❌ Page Upload(401): solo1-olaparib.plain.html
❌ Page Upload(401): topemployers2017.plain.html
❌ Page Upload(401): benralizumabema.plain.html
❌ Page Upload(401): topemployers2018.plain.html
❌ Page Upload(401): pfizer.plain.html
❌ Page Upload(401): olaparib.plain.html
❌ Page Upload(401): notastampaconsegnevaccino.plain.html
❌ Page Upload(401): accordoaspen.plain.html
❌ Page Upload(401): acalabrutinib-elevatetn-ash.plain.html
❌ Page Upload(401): acalabrutinib-llc-eha.plain.html
❌ Page Upload(401): durvalumabesmo.plain.html
❌ Page Upload(401): osimertinib-ce.plain.html
❌ Page Upload(401): cvd-real-sglt2.plain.html
❌ Page Upload(401): flaura-tumore-al-polmone1.plain.html
❌ Page Upload(401): olaparib-brca-solo2.plain.html
❌ Page Upload(401): pacific-tumore-al-polmone.plain.html
❌ Page NotFound: /area-stampa/press-releases/2017/durvalumab-breakthrough therapy designation
❌ Page Upload(401): osimertinib-cfda.plain.html
❌ Page Upload(401): budesonide-glicopirronio-formoterolo-ethos-bpco.plain.html
❌ Page Upload(401): durvalumab-caspian-sclc-asco.plain.html
❌ Page Upload(401): olaparib-paola-esmo2019.plain.html
❌ Page Upload(401): olaparib-profound-esmo.plain.html
❌ Page Upload(401): olaparib-profound-prostata-esmo2019.plain.html
❌ Page Upload(401): olaparib-solo-1-esmo.plain.html
❌ Page Upload(401): osimertinib-nsclc-adaura-asco.plain.html

=========================================
COMPLETE
PDFs: Success=0, Failed=58
Pages: Success=0, Failed=0
=========================================
