[Bulk Import] Starting run with:
  Import script: /workspace/tools/importer/import-press-release.bundle.js
  URLs file:     /workspace/tools/importer/urls-remaining-v3.txt
  Output dir:    /workspace/content
  URL count:     16

[1/16] Starting https://www.astrazeneca.it/area-stampa/press-releases/2018/Dapaglifozin__DECLARE_top_line.html
[Browser Console] JQMIGRATE: Migrate is installed, version 3.2.0
[Browser Console] An error occurred with the dark site request {readyState: 4, getResponseHeader: , getAllResponseHeaders: , setRequestHeader: , overrideMimeType: }
[Browser Console] Block "table-press" selector not found: .rich-text table
[Browser Console] Found 2 block instances on page
[1/16] ✅ Saved content to area-stampa/press-releases/2018/dapaglifozin-declare-top-line
[2/16] Starting https://www.astrazeneca.it/area-stampa/press-releases/2016/MEDI551_Orphan_Drug.html
[Browser Console] JQMIGRATE: Migrate is installed, version 3.2.0
[Browser Console] An error occurred with the dark site request {readyState: 4, getResponseHeader: , getAllResponseHeaders: , setRequestHeader: , overrideMimeType: }
[Browser Console] Block "table-press" selector not found: .rich-text table
[Browser Console] Found 2 block instances on page
[2/16] ✅ Saved content to area-stampa/press-releases/2016/medi551-orphan-drug
[3/16] Starting https://www.astrazeneca.it/area-stampa/press-releases/2016/felodipina.html
[Browser Console] JQMIGRATE: Migrate is installed, version 3.2.0
[Browser Console] An error occurred with the dark site request {readyState: 4, getResponseHeader: , getAllResponseHeaders: , setRequestHeader: , overrideMimeType: }
[Browser Console] Block "table-press" selector not found: .rich-text table
[Browser Console] Found 2 block instances on page
[3/16] ✅ Saved content to area-stampa/press-releases/2016/felodipina
[4/16] Starting https://www.astrazeneca.it/area-stampa/press-releases/2016/durvalumab-breakthroughTherapy.html
[Browser Console] JQMIGRATE: Migrate is installed, version 3.2.0
[Browser Console] An error occurred with the dark site request {readyState: 4, getResponseHeader: , getAllResponseHeaders: , setRequestHeader: , overrideMimeType: }
[Browser Console] Block "table-press" selector not found: .rich-text table
[Browser Console] Found 2 block instances on page
[4/16] ✅ Saved content to area-stampa/press-releases/2016/durvalumab-breakthroughtherapy
[5/16] Starting https://www.astrazeneca.it/area-stampa/press-releases/2016/lesinurad.html
[Browser Console] JQMIGRATE: Migrate is installed, version 3.2.0
[Browser Console] An error occurred with the dark site request {readyState: 4, getResponseHeader: , getAllResponseHeaders: , setRequestHeader: , overrideMimeType: }
[Browser Console] Block "table-press" selector not found: .rich-text table
[Browser Console] Found 2 block instances on page
[5/16] ✅ Saved content to area-stampa/press-releases/2016/lesinurad
[6/16] Starting https://www.astrazeneca.it/area-stampa/press-releases/2016/acalabrutinib_EMA.html
[Browser Console] JQMIGRATE: Migrate is installed, version 3.2.0
[Browser Console] An error occurred with the dark site request {readyState: 4, getResponseHeader: , getAllResponseHeaders: , setRequestHeader: , overrideMimeType: }
[Browser Console] Block "table-press" selector not found: .rich-text table
[Browser Console] Found 2 block instances on page
[6/16] ✅ Saved content to area-stampa/press-releases/2016/acalabrutinib-ema
[7/16] Starting https://www.astrazeneca.it/area-stampa/press-releases/2016/lynparza-breakthroughTherapy.html
[Browser Console] JQMIGRATE: Migrate is installed, version 3.2.0
[Browser Console] An error occurred with the dark site request {readyState: 4, getResponseHeader: , getAllResponseHeaders: , setRequestHeader: , overrideMimeType: }
[Browser Console] Block "table-press" selector not found: .rich-text table
[Browser Console] Found 2 block instances on page
[7/16] ✅ Saved content to area-stampa/press-releases/2016/lynparza-breakthroughtherapy
[8/16] Starting https://www.astrazeneca.it/area-stampa/press-releases/2016/consorzio-RCP2.html
[Browser Console] JQMIGRATE: Migrate is installed, version 3.2.0
[Browser Console] An error occurred with the dark site request {readyState: 4, getResponseHeader: , getAllResponseHeaders: , setRequestHeader: , overrideMimeType: }
[Browser Console] Block "table-press" selector not found: .rich-text table
[Browser Console] Found 2 block instances on page
[8/16] ✅ Saved content to area-stampa/press-releases/2016/consorzio-rcp2
[9/16] Starting https://www.astrazeneca.it/area-stampa/press-releases/2016/acerta_pharma.html
[Browser Console] JQMIGRATE: Migrate is installed, version 3.2.0
[Browser Console] An error occurred with the dark site request {readyState: 4, getResponseHeader: , getAllResponseHeaders: , setRequestHeader: , overrideMimeType: }
[Browser Console] Block "table-press" selector not found: .rich-text table
[Browser Console] Found 2 block instances on page
[9/16] ✅ Saved content to area-stampa/press-releases/2016/acerta-pharma
[10/16] Starting https://www.astrazeneca.it/area-stampa/press-releases/2016/moderna_therapeutics.html
[Browser Console] JQMIGRATE: Migrate is installed, version 3.2.0
[Browser Console] An error occurred with the dark site request {readyState: 4, getResponseHeader: , getAllResponseHeaders: , setRequestHeader: , overrideMimeType: }
[Browser Console] Block "table-press" selector not found: .rich-text table
[Browser Console] Found 2 block instances on page
[10/16] ✅ Saved content to area-stampa/press-releases/2016/moderna-therapeutics
[11/16] Starting https://www.astrazeneca.it/area-stampa/press-releases/2016/ricerca_traslazionale.html
[Browser Console] JQMIGRATE: Migrate is installed, version 3.2.0
[Browser Console] An error occurred with the dark site request {readyState: 4, getResponseHeader: , getAllResponseHeaders: , setRequestHeader: , overrideMimeType: }
[Browser Console] Block "table-press" selector not found: .rich-text table
[Browser Console] Found 2 block instances on page
[11/16] ✅ Saved content to area-stampa/press-releases/2016/ricerca-traslazionale
[12/16] Starting https://www.astrazeneca.it/area-stampa/press-releases/2016/incyte.html
[Browser Console] JQMIGRATE: Migrate is installed, version 3.2.0
[Browser Console] An error occurred with the dark site request {readyState: 4, getResponseHeader: , getAllResponseHeaders: , setRequestHeader: , overrideMimeType: }
[Browser Console] Block "table-press" selector not found: .rich-text table
[Browser Console] Found 2 block instances on page
[12/16] ✅ Saved content to area-stampa/press-releases/2016/incyte
[13/16] Starting https://www.astrazeneca.it/area-stampa/press-releases/2016/secretomics.html
[Browser Console] JQMIGRATE: Migrate is installed, version 3.2.0
[Browser Console] An error occurred with the dark site request {readyState: 4, getResponseHeader: , getAllResponseHeaders: , setRequestHeader: , overrideMimeType: }
[Browser Console] Block "table-press" selector not found: .rich-text table
[Browser Console] Found 2 block instances on page
[13/16] ✅ Saved content to area-stampa/press-releases/2016/secretomics
[14/16] Starting https://www.astrazeneca.it/area-stampa/press-releases/2016/Voluntis.html
[Browser Console] JQMIGRATE: Migrate is installed, version 3.2.0
[Browser Console] An error occurred with the dark site request {readyState: 4, getResponseHeader: , getAllResponseHeaders: , setRequestHeader: , overrideMimeType: }
[Browser Console] Block "table-press" selector not found: .rich-text table
[Browser Console] Found 2 block instances on page
[14/16] ✅ Saved content to area-stampa/press-releases/2016/voluntis
[15/16] Starting https://www.astrazeneca.it/area-stampa/press-releases/2016/Top_Employer.html
[Browser Console] JQMIGRATE: Migrate is installed, version 3.2.0
[Browser Console] An error occurred with the dark site request {readyState: 4, getResponseHeader: , getAllResponseHeaders: , setRequestHeader: , overrideMimeType: }
[Browser Console] Block "table-press" selector not found: .rich-text table
[Browser Console] Found 2 block instances on page
[15/16] ✅ Saved content to area-stampa/press-releases/2016/top-employer
[16/16] Starting https://www.astrazeneca.it/area-stampa/press-releases/2016/osimertinib_CE.html
[Browser Console] JQMIGRATE: Migrate is installed, version 3.2.0
[Browser Console] An error occurred with the dark site request {readyState: 4, getResponseHeader: , getAllResponseHeaders: , setRequestHeader: , overrideMimeType: }
[Browser Console] Found 3 block instances on page
[16/16] ✅ Saved content to area-stampa/press-releases/2016/osimertinib-ce
[Bulk Import] Completed. Success: 16/16, Failures: 0
[Excel Export] Found 199 report file(s). Compiling to Excel...
[Excel Export] ✅ Compiled 199 reports to: /workspace/tools/importer/reports/import-press-release.report.xlsx
