❌ Download failed (404): https://www.astrazeneca.it/content/dam/az-it/downloads/acalabrutinib_fda.pdf
❌ Download failed (404): https://www.astrazeneca.it/content/dam/az-it/downloads/accordo-acerta.pdf
❌ Download failed (404): https://www.astrazeneca.it/content/dam/az-it/downloads/accordo-olaparib-con-fmi.pdf
❌ Download failed (404): https://www.astrazeneca.it/content/dam/az-it/downloads/accordo-rhinocort-aqua.pdf
❌ Download failed (404): https://www.astrazeneca.it/content/dam/az-it/downloads/apollo.pdf
❌ Download failed (404): https://www.astrazeneca.it/content/dam/az-it/downloads/astrazeneca_io_polmone.pdf
❌ Download failed (404): https://www.astrazeneca.it/content/dam/az-it/downloads/benralizumab-ers.pdf
❌ Download failed (404): https://www.astrazeneca.it/content/dam/az-it/downloads/bodalumabfda.pdf
❌ Download failed (404): https://www.astrazeneca.it/content/dam/az-it/downloads/cambridge_nuovasede.pdf
❌ Download failed (404): https://www.astrazeneca.it/content/dam/az-it/downloads/caz-avi-chmp.pdf
❌ Download failed (404): https://www.astrazeneca.it/content/dam/az-it/downloads/cediranib.pdf
❌ Download failed (404): https://www.astrazeneca.it/content/dam/az-it/downloads/ceftazidime_avibactam_studioreprove.pdf
❌ Download failed (404): https://www.astrazeneca.it/content/dam/az-it/downloads/ceftazidime_avibactam_ue.pdf
❌ Download failed (404): https://www.astrazeneca.it/content/dam/az-it/downloads/centro-ricerca-genomica.pdf
❌ Download failed (404): https://www.astrazeneca.it/content/dam/az-it/downloads/congresso-esmo.pdf
❌ Download failed (404): https://www.astrazeneca.it/content/dam/az-it/downloads/cs%20acalabrutinib_llc_ascend_20%20giugno.pdf
❌ Download failed (404): https://www.astrazeneca.it/content/dam/az-it/downloads/cs%20astrazeneca_benralizumab%20bora_ers.pdf
❌ Download failed (404): https://www.astrazeneca.it/content/dam/az-it/downloads/cs%20astrazeneca_vaccino_covid-19.pdf
❌ Download failed (404): https://www.astrazeneca.it/content/dam/az-it/downloads/cs%20benralizumab%20chmp%20autosomministrazione%20e%20pen.pdf
❌ Download failed (404): https://www.astrazeneca.it/content/dam/az-it/downloads/cs%20benralizumab_ponente.pdf
❌ Download failed (404): https://www.astrazeneca.it/content/dam/az-it/downloads/cs%20budesonide-formoterolo_novel%20start.pdf
❌ Download failed (404): https://www.astrazeneca.it/content/dam/az-it/downloads/cs%20dapagliflozin%20chmp%20declare%20(cv%20data).pdf
❌ Download failed (404): https://www.astrazeneca.it/content/dam/az-it/downloads/cs%20dapagliflozin%20dapa-ckd.pdf
❌ Download failed (404): https://www.astrazeneca.it/content/dam/az-it/downloads/cs%20dapagliflozin_dapa-ckd_esc.pdf
❌ Download failed (404): https://www.astrazeneca.it/content/dam/az-it/downloads/cs%20dapaglifozin_ada_11.06.2019.pdf
❌ Download failed (404): https://www.astrazeneca.it/content/dam/az-it/downloads/cs%20dapaglifozin_studio_declare_top%20line%20results_final_28012019.pdf
❌ Download failed (404): https://www.astrazeneca.it/content/dam/az-it/downloads/cs%20durvalumab%20pacific.pdf
❌ Download failed (404): https://www.astrazeneca.it/content/dam/az-it/downloads/cs%20durvalumab_%20nsclc_pacific_esmo.pdf
❌ Download failed (404): https://www.astrazeneca.it/content/dam/az-it/downloads/cs%20durvalumab_sclc_ok%20ue.pdf
❌ Download failed (404): https://www.astrazeneca.it/content/dam/az-it/downloads/cs%20ioscelgodisapere_8maggio18_final%20draft%20(002).pdf
❌ Download failed (404): https://www.astrazeneca.it/content/dam/az-it/downloads/cs%20lung%20ambition%20alliance.pdf
❌ Download failed (404): https://www.astrazeneca.it/content/dam/az-it/downloads/cs%20nsclcsiii%20p3%20pacific%20asco.pdf
❌ Download failed (404): https://www.astrazeneca.it/content/dam/az-it/downloads/cs%20olaparib%20rimborsabilit%C3%A0%20tumore%20seno%20e%20ovaio.pdf
❌ Download failed (404): https://www.astrazeneca.it/content/dam/az-it/downloads/cs%20olaparib%20solo%20i%20approvazione%20eu%2020%20giugno.pdf
❌ Download failed (404): https://www.astrazeneca.it/content/dam/az-it/downloads/cs%20olaparib%20studio%20polo.pdf
❌ Download failed (404): https://www.astrazeneca.it/content/dam/az-it/downloads/cs%20olaparib_carcinoma%20ovarico%20avanzato1l_ok%20eu.pdf
❌ Download failed (404): https://www.astrazeneca.it/content/dam/az-it/downloads/cs%20olaparib_profound_approvazione%20eu.pdf
❌ Download failed (404): https://www.astrazeneca.it/content/dam/az-it/downloads/cs%20olaparib_psp_az-msd.pdf
❌ Download failed (404): https://www.astrazeneca.it/content/dam/az-it/downloads/cs%20osimertinib_rimborsabilit%C3%A0_1%C2%B0linea.pdf
❌ Download failed (404): https://www.astrazeneca.it/content/dam/az-it/downloads/cs%20patient%20advocacy%20network18.pdf
❌ Download failed (404): https://www.astrazeneca.it/content/dam/az-it/downloads/cs%20penna%20benralizumab_disponibilit%C3%A0%20italia.pdf
❌ Download failed (404): https://www.astrazeneca.it/content/dam/az-it/downloads/cs-declare_aha_final_12112018.pdf
❌ Download failed (404): https://www.astrazeneca.it/content/dam/az-it/downloads/cs_astrazeneca_covid-19.pdf
❌ Download failed (404): https://www.astrazeneca.it/content/dam/az-it/downloads/cs_astrazeneca_studio%20themis%20fase%203%20ticagrelor%20(002).pdf
❌ Upload failed (401): /content/dam/az-it/downloads/dapagliflozin_due-nuovi-trial.pdf
❌ Download failed (404): https://www.astrazeneca.it/content/dam/az-it/downloads/diabete_dapagliflozin_ada.pdf
❌ Download failed (404): https://www.astrazeneca.it/content/dam/az-it/downloads/diabete_dapagliflozin_saxagliptin.pdf
❌ Download failed (404): https://www.astrazeneca.it/content/dam/az-it/downloads/durvalumab-breakthrough-therapy.pdf
❌ Download failed (404): https://www.astrazeneca.it/content/dam/az-it/downloads/durvalumab_approvazionefda.pdf
❌ Download failed (404): https://www.astrazeneca.it/content/dam/az-it/downloads/durvalumab_ema.pdf
❌ Download failed (404): https://www.astrazeneca.it/content/dam/az-it/downloads/durvalumab_fda_febbraio.pdf
❌ Download failed (404): https://www.astrazeneca.it/content/dam/az-it/downloads/durvalumab_pacific_eu_chmp_30072016.pdf
❌ Download failed (404): https://www.astrazeneca.it/content/dam/az-it/downloads/durvalumab_studiopacific.pdf
❌ Download failed (404): https://www.astrazeneca.it/content/dam/az-it/downloads/eccmid-2016.pdf
❌ Download failed (404): https://www.astrazeneca.it/content/dam/az-it/downloads/elcc-2016-osimertinib.pdf
❌ Download failed (404): https://www.astrazeneca.it/content/dam/az-it/downloads/exenatide-e-dapagliflozin.pdf
❌ Download failed (404): https://www.astrazeneca.it/content/dam/az-it/downloads/faslodex-falcon.pdf
❌ Download failed (404): https://www.astrazeneca.it/content/dam/az-it/downloads/fda-glicopirrolato-e-formoterolo-fumarato.pdf
❌ Download failed (404): https://www.astrazeneca.it/content/dam/az-it/downloads/felodipina_cms.pdf
❌ Download failed (404): https://www.astrazeneca.it/content/dam/az-it/downloads/fulvestrant-falcon-esmo.pdf
❌ Download failed (404): https://www.astrazeneca.it/content/dam/az-it/downloads/global%20diabetes%20policy%20forum.pdf
❌ Download failed (404): https://www.astrazeneca.it/content/dam/az-it/downloads/goserelin.pdf
❌ Download failed (404): https://www.astrazeneca.it/content/dam/az-it/downloads/il%20new%20england%20journal%20of%20medicine%20ha%20pubblicato%20i%20risultati%20di%20due%20studi%20budesonide%20formoterolo%20via%20turbohaler%C2%AE%20come%20terapia%20anti-infiammatoria%20al%20bisogno%20per%20il%20trattamento%20dell&#x27;asma%20lieve.pdf
❌ Download failed (404): https://www.astrazeneca.it/content/dam/az-it/downloads/incyte.pdf
❌ Download failed (404): https://www.astrazeneca.it/content/dam/az-it/downloads/ironwood.pdf
❌ Download failed (404): https://www.astrazeneca.it/content/dam/az-it/downloads/licenza-allergan.pdf
❌ Download failed (404): https://www.astrazeneca.it/content/dam/az-it/downloads/linee-guida-acc-aha-ticagrelor.pdf
❌ Upload failed (401): /content/dam/az-it/downloads/linfoma_mantellare.pdf
❌ Download failed (404): https://www.astrazeneca.it/content/dam/az-it/downloads/lynparza-breakthrough-therapy.pdf
❌ Download failed (404): https://www.astrazeneca.it/content/dam/az-it/downloads/medi551-orphan-drug-designation.pdf
❌ Download failed (404): https://www.astrazeneca.it/content/dam/az-it/downloads/medi8852_-fda-fast-track.pdf
❌ Download failed (404): https://www.astrazeneca.it/content/dam/az-it/downloads/medimmune%20e%20sanofi%20pasteur_medi8897.pdf
❌ Download failed (404): https://www.astrazeneca.it/content/dam/az-it/downloads/neuromieliteottica_az.pdf
❌ Download failed (404): https://www.astrazeneca.it/content/dam/az-it/downloads/nota%20stampa%20nomina%20gargiulo%20astrazeneca.pdf
❌ Download failed (404): https://www.astrazeneca.it/content/dam/az-it/downloads/ns%20dati%20inglesi%20rwe.pdf
❌ Download failed (404): https://www.astrazeneca.it/content/dam/az-it/downloads/olaparib-asco-2016.pdf
❌ Download failed (404): https://www.astrazeneca.it/content/dam/az-it/downloads/olaparib-gold.pdf
❌ Upload failed (401): /content/dam/az-it/downloads/olaparib.pdf
❌ Download failed (404): https://www.astrazeneca.it/content/dam/az-it/downloads/olaparib_carcinomamammario_olympiad.pdf
❌ Download failed (404): https://www.astrazeneca.it/content/dam/az-it/downloads/olaparib_olympiad.pdf
❌ Upload failed (401): /content/dam/az-it/downloads/olaparib_solo2.pdf
❌ Download failed (404): https://www.astrazeneca.it/content/dam/az-it/downloads/osimertinib%20approvazione%20eu%20-%2015.06.2018.pdf
❌ Download failed (404): https://www.astrazeneca.it/content/dam/az-it/downloads/osimertinib%20breakthrough%20designation.pdf
❌ Download failed (404): https://www.astrazeneca.it/content/dam/az-it/downloads/osimertinib.pdf
❌ Download failed (404): https://www.astrazeneca.it/content/dam/az-it/downloads/osimertinib_tumorealpolmone_aura3.pdf
❌ Download failed (404): https://www.astrazeneca.it/content/dam/az-it/downloads/pacific_wclc_26%20sett.pdf
❌ Download failed (404): https://www.astrazeneca.it/content/dam/az-it/downloads/patient%20advocacy%20network.pdf
❌ Download failed (404): https://www.astrazeneca.it/content/dam/az-it/downloads/selumetinib-designazione-farmaco-orfano.pdf
❌ Download failed (404): https://www.astrazeneca.it/content/dam/az-it/downloads/selumetinib.pdf
❌ Download failed (404): https://www.astrazeneca.it/content/dam/az-it/downloads/socrates-top-line-results.pdf
❌ Download failed (404): https://www.astrazeneca.it/content/dam/az-it/downloads/studio%20exscel%20-%20exenatide.pdf
❌ Download failed (404): https://www.astrazeneca.it/content/dam/az-it/downloads/studio-euclid.pdf
❌ Upload failed (401): /content/dam/az-it/downloads/studiocvdreal.pdf
❌ Download failed (404): https://www.astrazeneca.it/content/dam/az-it/downloads/test_brca.pdf
❌ Upload failed (401): /content/dam/az-it/downloads/ticagrelor60mg_feb18.pdf
❌ Download failed (404): https://www.astrazeneca.it/content/dam/az-it/downloads/trial%20zonda_benralizumab.docx.pdf
❌ Download failed (404): https://www.astrazeneca.it/content/dam/az-it/downloads/voluntis.pdf

Done. Success: 0, Failed: 97
