✅ [1/96] Accordo-Acerta.pdf
✅ [2/96] Accordo-Rhinocort-Aqua.pdf
✅ [3/96] Accordo-olaparib-con-FMI.pdf
✅ [4/96] Apollo.pdf
✅ [5/96] AstraZeneca_IO_Polmone.pdf
✅ [6/96] Benralizumab-ERS.pdf
✅ [7/96] BodalumabFDA.pdf
✅ [8/96] CAZ-AVI-CHMP.pdf
✅ [9/96] CS AstraZeneca_benralizumab BORA_ERS.pdf
✅ [10/96] CS AstraZeneca_vaccino_Covid-19.pdf
✅ [11/96] CS Benralizumab CHMP autosomministrazione e pen.pdf
✅ [12/96] CS Benralizumab_PONENTE.pdf
✅ [13/96] CS Budesonide-formoterolo_Novel START.pdf
✅ [14/96] CS DAPAGLIFOZIN_ADA_11.06.2019.pdf
✅ [15/96] CS Dapagliflozin CHMP DECLARE (CV data).pdf
✅ [16/96] CS Dapagliflozin DAPA-CKD.pdf
✅ [17/96] CS Dapagliflozin_DAPA-CKD_ESC.pdf
✅ [18/96] CS Dapaglifozin_Studio_DECLARE_top line results_FINAL_28012019.pdf
✅ [19/96] CS Durvalumab_ NSCLC_PACIFIC_ESMO.pdf
✅ [20/96] CS Durvalumab_SCLC_OK UE.pdf
✅ [21/96] CS IoScelgoDiSapere_8maggio18_final draft (002).pdf
✅ [22/96] CS Lung Ambition Alliance.pdf
✅ [23/96] CS Olaparib Rimborsabilità tumore seno e ovaio.pdf
✅ [24/96] CS Olaparib Studio POLO.pdf
✅ [25/96] CS Olaparib_Carcinoma ovarico avanzato1L_Ok EU.pdf
✅ [26/96] CS Olaparib_PROFound_Approvazione EU.pdf
✅ [27/96] CS Olaparib_PSP_AZ-MSD.pdf
✅ [28/96] CS Osimertinib_Rimborsabilità_1°linea.pdf
✅ [29/96] CS Patient Advocacy Network18.pdf
✅ [30/96] CS Penna benralizumab_Disponibilità Italia.pdf
✅ [31/96] CS durvalumab pacific.pdf
✅ [32/96] CS-DECLARE_AHA_FINAL_12112018.pdf
✅ [33/96] CS_AstraZeneca_COVID-19.pdf
✅ [34/96] CS_AstraZeneca_Studio THEMIS FAse 3 Ticagrelor (002).pdf
✅ [35/96] Cambridge_Nuovasede.pdf
✅ [36/96] Cediranib.pdf
✅ [37/96] CeftazidIme_Avibactam_StudioREPROVE.pdf
✅ [38/96] Ceftazidime_avibactam_UE.pdf
✅ [39/96] Centro-Ricerca-Genomica.pdf
✅ [40/96] Congresso-ESMO.pdf
✅ [41/96] Diabete_dapagliflozin_ADA.pdf
✅ [42/96] Diabete_dapagliflozin_saxagliptin.pdf
✅ [43/96] Durvalumab-Breakthrough-Therapy.pdf
✅ [44/96] Durvalumab_FDA_Febbraio.pdf
✅ [45/96] Durvalumab_PACIFIC_EU_CHMP_30072016.pdf
✅ [46/96] Durvalumab_studioPACIFIC.pdf
✅ [47/96] ECCMID-2016.pdf
✅ [48/96] ELCC-2016-osimertinib.pdf
✅ [49/96] Exenatide-e-dapagliflozin.pdf
✅ [50/96] FDA-glicopirrolato-e-formoterolo-fumarato.pdf
✅ [51/96] Faslodex-FALCON.pdf
✅ [52/96] Felodipina_CMS.pdf
✅ [53/96] Fulvestrant-FALCON-ESMO.pdf
✅ [54/96] Global Diabetes Policy Forum.pdf
✅ [55/96] Goserelin.pdf
✅ [56/96] Il New England Journal of Medicine ha pubblicato i risultati di due studi budesonide formoterolo via Turbohaler® come terapia anti-infiammatoria al bisogno per il trattamento dell'asma lieve.pdf
✅ [57/96] Incyte.pdf
✅ [58/96] Ironwood.pdf
✅ [59/96] Licenza-Allergan.pdf
✅ [60/96] Linee-guida-ACC-AHA-ticagrelor.pdf
✅ [61/96] Lynparza-Breakthrough-Therapy.pdf
✅ [62/96] MEDI551-Orphan-Drug-designation.pdf
✅ [63/96] MEDI8852_-FDA-Fast-Track.pdf
✅ [64/96] MedImmune e Sanofi Pasteur_MEDI8897.pdf
✅ [65/96] NS Dati inglesi RWE.pdf
✅ [66/96] Nota stampa Nomina Gargiulo AstraZeneca.pdf
✅ [67/96] Olaparib-ASCO-2016.pdf
✅ [68/96] Olaparib-GOLD.pdf
✅ [69/96] Olaparib_OlympiAD.pdf
✅ [70/96] Olaparib_SOLO2.pdf
✅ [71/96] Olaparib_carcinomamammario_OlympiAD.pdf
✅ [72/96] Osimertinib Approvazione EU - 15.06.2018.pdf
✅ [73/96] Osimertinib breakthrough designation.pdf
✅ [74/96] Osimertinib.pdf
✅ [75/96] Osimertinib_tumorealpolmone_AURA3.pdf
✅ [76/96] PACIFIC_WCLC_26 sett.pdf
✅ [77/96] SOCRATES-top-line-results.pdf
✅ [78/96] Selumetinib-designazione-farmaco-orfano.pdf
✅ [79/96] Selumetinib.pdf
✅ [80/96] Studio EXSCEL - exenatide.pdf
✅ [81/96] Studio-Euclid.pdf
✅ [82/96] Test_BRCA.pdf
✅ [83/96] Trial ZONDA_benralizumab.DOCX.pdf
✅ [84/96] VOLUNTIS.pdf
✅ [85/96] acalabrutinib_FDA.pdf
✅ [86/96] cs NSCLCsIII P3 PACIFIC ASCO.pdf
✅ [87/96] cs acalabrutinib_LLC_ASCEND_20 giugno.pdf
✅ [88/96] cs olaparib SOLO I approvazione EU 20 giugno.pdf
✅ [89/96] dapagliflozin_due-nuovi-trial.pdf
✅ [90/96] durvalumab_EMA.pdf
✅ [91/96] durvalumab_approvazioneFDA.pdf
✅ [92/96] linfoma_mantellare.pdf
✅ [93/96] neuromieliteottica_AZ.pdf
✅ [94/96] olaparib.pdf
✅ [95/96] studiocvdreal.pdf
✅ [96/96] ticagrelor60mg_feb18.pdf

=== COMPLETE ===
Success: 96 / 96
Failed: 0
