❌ Upload failed (401): /content/dam/az-it/downloads/Accordo-Acerta.pdf
❌ Upload failed (401): /content/dam/az-it/downloads/Accordo-Rhinocort-Aqua.pdf
❌ Upload failed (401): /content/dam/az-it/downloads/Accordo-olaparib-con-FMI.pdf
❌ Upload failed (401): /content/dam/az-it/downloads/Apollo.pdf
❌ Upload failed (401): /content/dam/az-it/downloads/AstraZeneca_IO_Polmone.pdf
❌ Upload failed (401): /content/dam/az-it/downloads/Benralizumab-ERS.pdf
❌ Upload failed (401): /content/dam/az-it/downloads/BodalumabFDA.pdf
❌ Upload failed (401): /content/dam/az-it/downloads/CAZ-AVI-CHMP.pdf
❌ Download failed (000): https://www.astrazeneca.it/content/dam/az-it/downloads/CS AstraZeneca_benralizumab BORA_ERS.pdf
❌ Download failed (000): https://www.astrazeneca.it/content/dam/az-it/downloads/CS AstraZeneca_vaccino_Covid-19.pdf
❌ Download failed (000): https://www.astrazeneca.it/content/dam/az-it/downloads/CS Benralizumab CHMP autosomministrazione e pen.pdf
❌ Download failed (000): https://www.astrazeneca.it/content/dam/az-it/downloads/CS Benralizumab_PONENTE.pdf
❌ Download failed (000): https://www.astrazeneca.it/content/dam/az-it/downloads/CS Budesonide-formoterolo_Novel START.pdf
❌ Download failed (000): https://www.astrazeneca.it/content/dam/az-it/downloads/CS DAPAGLIFOZIN_ADA_11.06.2019.pdf
❌ Download failed (000): https://www.astrazeneca.it/content/dam/az-it/downloads/CS Dapagliflozin CHMP DECLARE (CV data).pdf
❌ Download failed (000): https://www.astrazeneca.it/content/dam/az-it/downloads/CS Dapagliflozin DAPA-CKD.pdf
❌ Download failed (000): https://www.astrazeneca.it/content/dam/az-it/downloads/CS Dapagliflozin_DAPA-CKD_ESC.pdf
❌ Download failed (000): https://www.astrazeneca.it/content/dam/az-it/downloads/CS Dapaglifozin_Studio_DECLARE_top line results_FINAL_28012019.pdf
❌ Download failed (000): https://www.astrazeneca.it/content/dam/az-it/downloads/CS Durvalumab_ NSCLC_PACIFIC_ESMO.pdf
❌ Download failed (000): https://www.astrazeneca.it/content/dam/az-it/downloads/CS Durvalumab_SCLC_OK UE.pdf
❌ Download failed (000): https://www.astrazeneca.it/content/dam/az-it/downloads/CS IoScelgoDiSapere_8maggio18_final draft (002).pdf
❌ Download failed (000): https://www.astrazeneca.it/content/dam/az-it/downloads/CS Lung Ambition Alliance.pdf
❌ Download failed (000): https://www.astrazeneca.it/content/dam/az-it/downloads/CS Olaparib Rimborsabilità tumore seno e ovaio.pdf
❌ Download failed (000): https://www.astrazeneca.it/content/dam/az-it/downloads/CS Olaparib Studio POLO.pdf
❌ Download failed (000): https://www.astrazeneca.it/content/dam/az-it/downloads/CS Olaparib_Carcinoma ovarico avanzato1L_Ok EU.pdf
❌ Download failed (000): https://www.astrazeneca.it/content/dam/az-it/downloads/CS Olaparib_PROFound_Approvazione EU.pdf
❌ Download failed (000): https://www.astrazeneca.it/content/dam/az-it/downloads/CS Olaparib_PSP_AZ-MSD.pdf
❌ Download failed (000): https://www.astrazeneca.it/content/dam/az-it/downloads/CS Osimertinib_Rimborsabilità_1°linea.pdf
❌ Download failed (000): https://www.astrazeneca.it/content/dam/az-it/downloads/CS Patient Advocacy Network18.pdf
❌ Download failed (000): https://www.astrazeneca.it/content/dam/az-it/downloads/CS Penna benralizumab_Disponibilità Italia.pdf
❌ Download failed (000): https://www.astrazeneca.it/content/dam/az-it/downloads/CS durvalumab pacific.pdf
❌ Upload failed (401): /content/dam/az-it/downloads/CS-DECLARE_AHA_FINAL_12112018.pdf
❌ Upload failed (401): /content/dam/az-it/downloads/CS_AstraZeneca_COVID-19.pdf
❌ Download failed (000): https://www.astrazeneca.it/content/dam/az-it/downloads/CS_AstraZeneca_Studio THEMIS FAse 3 Ticagrelor (002).pdf
❌ Upload failed (401): /content/dam/az-it/downloads/Cambridge_Nuovasede.pdf
❌ Upload failed (401): /content/dam/az-it/downloads/Cediranib.pdf
❌ Upload failed (401): /content/dam/az-it/downloads/CeftazidIme_Avibactam_StudioREPROVE.pdf
❌ Upload failed (401): /content/dam/az-it/downloads/Ceftazidime_avibactam_UE.pdf
❌ Upload failed (401): /content/dam/az-it/downloads/Centro-Ricerca-Genomica.pdf
❌ Upload failed (401): /content/dam/az-it/downloads/Congresso-ESMO.pdf
❌ Upload failed (401): /content/dam/az-it/downloads/Diabete_dapagliflozin_ADA.pdf
❌ Upload failed (401): /content/dam/az-it/downloads/Diabete_dapagliflozin_saxagliptin.pdf
❌ Upload failed (401): /content/dam/az-it/downloads/Durvalumab-Breakthrough-Therapy.pdf
❌ Upload failed (401): /content/dam/az-it/downloads/Durvalumab_FDA_Febbraio.pdf
❌ Upload failed (401): /content/dam/az-it/downloads/Durvalumab_PACIFIC_EU_CHMP_30072016.pdf
❌ Upload failed (401): /content/dam/az-it/downloads/Durvalumab_studioPACIFIC.pdf
❌ Upload failed (401): /content/dam/az-it/downloads/ECCMID-2016.pdf
❌ Upload failed (401): /content/dam/az-it/downloads/ELCC-2016-osimertinib.pdf
❌ Upload failed (401): /content/dam/az-it/downloads/Exenatide-e-dapagliflozin.pdf
❌ Upload failed (401): /content/dam/az-it/downloads/FDA-glicopirrolato-e-formoterolo-fumarato.pdf
❌ Upload failed (401): /content/dam/az-it/downloads/Faslodex-FALCON.pdf
❌ Upload failed (401): /content/dam/az-it/downloads/Felodipina_CMS.pdf
❌ Upload failed (401): /content/dam/az-it/downloads/Fulvestrant-FALCON-ESMO.pdf
❌ Download failed (000): https://www.astrazeneca.it/content/dam/az-it/downloads/Global Diabetes Policy Forum.pdf
❌ Upload failed (401): /content/dam/az-it/downloads/Goserelin.pdf
❌ Download failed (000): https://www.astrazeneca.it/content/dam/az-it/downloads/Il New England Journal of Medicine ha pubblicato i risultati di due studi budesonide formoterolo via Turbohaler® come terapia anti-infiammatoria al bisogno per il trattamento dell'asma lieve.pdf
❌ Upload failed (401): /content/dam/az-it/downloads/Incyte.pdf
❌ Upload failed (401): /content/dam/az-it/downloads/Ironwood.pdf
❌ Upload failed (401): /content/dam/az-it/downloads/Licenza-Allergan.pdf
❌ Upload failed (401): /content/dam/az-it/downloads/Linee-guida-ACC-AHA-ticagrelor.pdf
❌ Upload failed (401): /content/dam/az-it/downloads/Lynparza-Breakthrough-Therapy.pdf
❌ Upload failed (401): /content/dam/az-it/downloads/MEDI551-Orphan-Drug-designation.pdf
❌ Upload failed (401): /content/dam/az-it/downloads/MEDI8852_-FDA-Fast-Track.pdf
❌ Download failed (000): https://www.astrazeneca.it/content/dam/az-it/downloads/MedImmune e Sanofi Pasteur_MEDI8897.pdf
❌ Download failed (000): https://www.astrazeneca.it/content/dam/az-it/downloads/NS Dati inglesi RWE.pdf
❌ Download failed (000): https://www.astrazeneca.it/content/dam/az-it/downloads/Nota stampa Nomina Gargiulo AstraZeneca.pdf
❌ Upload failed (401): /content/dam/az-it/downloads/Olaparib-ASCO-2016.pdf
❌ Upload failed (401): /content/dam/az-it/downloads/Olaparib-GOLD.pdf
❌ Upload failed (401): /content/dam/az-it/downloads/Olaparib_OlympiAD.pdf
❌ Upload failed (401): /content/dam/az-it/downloads/Olaparib_SOLO2.pdf
❌ Upload failed (401): /content/dam/az-it/downloads/Olaparib_carcinomamammario_OlympiAD.pdf
❌ Download failed (000): https://www.astrazeneca.it/content/dam/az-it/downloads/Osimertinib Approvazione EU - 15.06.2018.pdf
❌ Download failed (000): https://www.astrazeneca.it/content/dam/az-it/downloads/Osimertinib breakthrough designation.pdf
❌ Upload failed (401): /content/dam/az-it/downloads/Osimertinib.pdf
❌ Upload failed (401): /content/dam/az-it/downloads/Osimertinib_tumorealpolmone_AURA3.pdf
❌ Download failed (000): https://www.astrazeneca.it/content/dam/az-it/downloads/PACIFIC_WCLC_26 sett.pdf
❌ Upload failed (401): /content/dam/az-it/downloads/SOCRATES-top-line-results.pdf
❌ Upload failed (401): /content/dam/az-it/downloads/Selumetinib-designazione-farmaco-orfano.pdf
❌ Upload failed (401): /content/dam/az-it/downloads/Selumetinib.pdf
❌ Download failed (000): https://www.astrazeneca.it/content/dam/az-it/downloads/Studio EXSCEL - exenatide.pdf
❌ Upload failed (401): /content/dam/az-it/downloads/Studio-Euclid.pdf
❌ Upload failed (401): /content/dam/az-it/downloads/Test_BRCA.pdf
❌ Download failed (000): https://www.astrazeneca.it/content/dam/az-it/downloads/Trial ZONDA_benralizumab.DOCX.pdf
❌ Upload failed (401): /content/dam/az-it/downloads/VOLUNTIS.pdf
❌ Upload failed (401): /content/dam/az-it/downloads/acalabrutinib_FDA.pdf
❌ Download failed (000): https://www.astrazeneca.it/content/dam/az-it/downloads/cs NSCLCsIII P3 PACIFIC ASCO.pdf
❌ Download failed (000): https://www.astrazeneca.it/content/dam/az-it/downloads/cs acalabrutinib_LLC_ASCEND_20 giugno.pdf
❌ Download failed (000): https://www.astrazeneca.it/content/dam/az-it/downloads/cs olaparib SOLO I approvazione EU 20 giugno.pdf
❌ Upload failed (401): /content/dam/az-it/downloads/dapagliflozin_due-nuovi-trial.pdf
❌ Upload failed (401): /content/dam/az-it/downloads/durvalumab_EMA.pdf
❌ Upload failed (401): /content/dam/az-it/downloads/durvalumab_approvazioneFDA.pdf
❌ Upload failed (401): /content/dam/az-it/downloads/linfoma_mantellare.pdf
❌ Upload failed (401): /content/dam/az-it/downloads/neuromieliteottica_AZ.pdf
❌ Upload failed (401): /content/dam/az-it/downloads/olaparib.pdf
❌ Upload failed (401): /content/dam/az-it/downloads/studiocvdreal.pdf
❌ Upload failed (401): /content/dam/az-it/downloads/ticagrelor60mg_feb18.pdf

Done. Success: 0, Failed: 96
