✅ [1/171] https://main--xmod-azit--meejain.aem.live/content/area-stampa/press-releases/2016/caz-avi-chmp
✅ [2/171] https://main--xmod-azit--meejain.aem.live/content/area-stampa/press-releases/2016/eccmid-2016
✅ [3/171] https://main--xmod-azit--meejain.aem.live/content/area-stampa/press-releases/2016/fda-glicopirrolato
✅ [4/171] https://main--xmod-azit--meejain.aem.live/content/area-stampa/press-releases/2016/fulvestrant-falcon
✅ [5/171] https://main--xmod-azit--meejain.aem.live/content/area-stampa/press-releases/2016/linee-guida-acc-aha-ticagrelor
✅ [6/171] https://main--xmod-azit--meejain.aem.live/content/area-stampa/press-releases/2016/medi551-orphan-drug
✅ [7/171] https://main--xmod-azit--meejain.aem.live/content/area-stampa/press-releases/2016/medi8852-fda-fast-track
✅ [8/171] https://main--xmod-azit--meejain.aem.live/content/area-stampa/press-releases/2016/plaiv-chmp
✅ [9/171] https://main--xmod-azit--meejain.aem.live/content/area-stampa/press-releases/2016/pfizer
✅ [10/171] https://main--xmod-azit--meejain.aem.live/content/area-stampa/press-releases/2016/saxa-dapa-chmp
✅ [11/171] https://main--xmod-azit--meejain.aem.live/content/area-stampa/press-releases/2016/top-employer
✅ [12/171] https://main--xmod-azit--meejain.aem.live/content/area-stampa/press-releases/2016/voluntis
✅ [13/171] https://main--xmod-azit--meejain.aem.live/content/area-stampa/press-releases/2016/acalabrutinib-ema
✅ [14/171] https://main--xmod-azit--meejain.aem.live/content/area-stampa/press-releases/2016/accordo-cilag
✅ [15/171] https://main--xmod-azit--meejain.aem.live/content/area-stampa/press-releases/2016/accordoaspen
✅ [16/171] https://main--xmod-azit--meejain.aem.live/content/area-stampa/press-releases/2016/accordoolaparivconfmi
✅ [17/171] https://main--xmod-azit--meejain.aem.live/content/area-stampa/press-releases/2016/acerta-pharma
✅ [18/171] https://main--xmod-azit--meejain.aem.live/content/area-stampa/press-releases/2016/allergan
✅ [19/171] https://main--xmod-azit--meejain.aem.live/content/area-stampa/press-releases/2016/aralez
✅ [20/171] https://main--xmod-azit--meejain.aem.live/content/area-stampa/press-releases/2016/astrazeneca-stipula-due-accordi-di-licenza-con-leo-pharmap-er-il-trattamento-delle-malattie-cutanee
✅ [21/171] https://main--xmod-azit--meejain.aem.live/content/area-stampa/press-releases/2016/benralizumabers
✅ [22/171] https://main--xmod-azit--meejain.aem.live/content/area-stampa/press-releases/2016/benralizumab-sirocco-calima
✅ [23/171] https://main--xmod-azit--meejain.aem.live/content/area-stampa/press-releases/2016/cediranib
✅ [24/171] https://main--xmod-azit--meejain.aem.live/content/area-stampa/press-releases/2016/ceftazidime-avibactam-approvato-nell-unione-europea-per-il-trattamento-dei-pazienti-con-gravi-infezioni-batteriche
✅ [25/171] https://main--xmod-azit--meejain.aem.live/content/area-stampa/press-releases/2016/ceftazidime-avibactam
✅ [26/171] https://main--xmod-azit--meejain.aem.live/content/area-stampa/press-releases/2016/congressiscientifici
✅ [27/171] https://main--xmod-azit--meejain.aem.live/content/area-stampa/press-releases/2016/consorzio-rcp2
✅ [28/171] https://main--xmod-azit--meejain.aem.live/content/area-stampa/press-releases/2016/dapagliflozin
✅ [29/171] https://main--xmod-azit--meejain.aem.live/content/area-stampa/press-releases/2016/davidgoldstein
✅ [30/171] https://main--xmod-azit--meejain.aem.live/content/area-stampa/press-releases/2016/durvalumab-breakthroughtherapy
✅ [31/171] https://main--xmod-azit--meejain.aem.live/content/area-stampa/press-releases/2016/durvalumab
✅ [32/171] https://main--xmod-azit--meejain.aem.live/content/area-stampa/press-releases/2016/durvalumabasco2016
✅ [33/171] https://main--xmod-azit--meejain.aem.live/content/area-stampa/press-releases/2016/durvalumabesmo
✅ [34/171] https://main--xmod-azit--meejain.aem.live/content/area-stampa/press-releases/2016/elcc-osimertinib
✅ [35/171] https://main--xmod-azit--meejain.aem.live/content/area-stampa/press-releases/2016/euclid
✅ [36/171] https://main--xmod-azit--meejain.aem.live/content/area-stampa/press-releases/2016/exenatide
✅ [37/171] https://main--xmod-azit--meejain.aem.live/content/area-stampa/press-releases/2016/felodipina
✅ [38/171] https://main--xmod-azit--meejain.aem.live/content/area-stampa/press-releases/2016/fulvestrantesmo
✅ [39/171] https://main--xmod-azit--meejain.aem.live/content/area-stampa/press-releases/2016/fulvestrant-esmo
✅ [40/171] https://main--xmod-azit--meejain.aem.live/content/area-stampa/press-releases/2016/incyte
✅ [41/171] https://main--xmod-azit--meejain.aem.live/content/area-stampa/press-releases/2016/ironwwod
✅ [42/171] https://main--xmod-azit--meejain.aem.live/content/area-stampa/press-releases/2016/lesinurad
✅ [43/171] https://main--xmod-azit--meejain.aem.live/content/area-stampa/press-releases/2016/lesinurad1
✅ [44/171] https://main--xmod-azit--meejain.aem.live/content/area-stampa/press-releases/2016/lynparza-breakthroughtherapy
✅ [45/171] https://main--xmod-azit--meejain.aem.live/content/area-stampa/press-releases/2016/moderna-therapeutics
✅ [46/171] https://main--xmod-azit--meejain.aem.live/content/area-stampa/press-releases/2016/moventig-prostrakan
✅ [47/171] https://main--xmod-azit--meejain.aem.live/content/area-stampa/press-releases/2016/olaparib
✅ [48/171] https://main--xmod-azit--meejain.aem.live/content/area-stampa/press-releases/2016/olaparib-gold
✅ [49/171] https://main--xmod-azit--meejain.aem.live/content/area-stampa/press-releases/2016/olaparibasco2016
✅ [50/171] https://main--xmod-azit--meejain.aem.live/content/area-stampa/press-releases/2016/olaparibsolo2
✅ [51/171] https://main--xmod-azit--meejain.aem.live/content/area-stampa/press-releases/2016/osimertinib-aura3
✅ [52/171] https://main--xmod-azit--meejain.aem.live/content/area-stampa/press-releases/2016/osimertinib-ce
✅ [53/171] https://main--xmod-azit--meejain.aem.live/content/area-stampa/press-releases/2016/osimertinibasco2016
✅ [54/171] https://main--xmod-azit--meejain.aem.live/content/area-stampa/press-releases/2016/ricerca-traslazionale
✅ [55/171] https://main--xmod-azit--meejain.aem.live/content/area-stampa/press-releases/2016/ricercagenomica
✅ [56/171] https://main--xmod-azit--meejain.aem.live/content/area-stampa/press-releases/2016/risultati-socrates
✅ [57/171] https://main--xmod-azit--meejain.aem.live/content/area-stampa/press-releases/2016/secretomics
✅ [58/171] https://main--xmod-azit--meejain.aem.live/content/area-stampa/press-releases/2016/selumetinib
✅ [59/171] https://main--xmod-azit--meejain.aem.live/content/area-stampa/press-releases/2016/selumetinib-farmacoorfano
✅ [60/171] https://main--xmod-azit--meejain.aem.live/content/area-stampa/press-releases/2016/takeda
✅ [61/171] https://main--xmod-azit--meejain.aem.live/content/area-stampa/press-releases/2016/testbrca
✅ [62/171] https://main--xmod-azit--meejain.aem.live/content/area-stampa/press-releases/2017/aacr-oncologia
✅ [63/171] https://main--xmod-azit--meejain.aem.live/content/area-stampa/press-releases/2017/cvd-real-sglt2
✅ [64/171] https://main--xmod-azit--meejain.aem.live/content/area-stampa/press-releases/2017/cambridge-nuovasede
✅ [65/171] https://main--xmod-azit--meejain.aem.live/content/area-stampa/press-releases/2017/circassia-patologierespiratorie
✅ [66/171] https://main--xmod-azit--meejain.aem.live/content/area-stampa/press-releases/2017/durvalumab-ema
✅ [67/171] https://main--xmod-azit--meejain.aem.live/content/area-stampa/press-releases/2017/flaura-tumore-al-polmone1
✅ [68/171] https://main--xmod-azit--meejain.aem.live/content/area-stampa/press-releases/2017/globaldiabetespolicyforum
✅ [69/171] https://main--xmod-azit--meejain.aem.live/content/area-stampa/press-releases/2017/medimmune-sanofipasteur-medi8897
✅ [70/171] https://main--xmod-azit--meejain.aem.live/content/area-stampa/press-releases/2017/neuromieliteottica
✅ [71/171] https://main--xmod-azit--meejain.aem.live/content/area-stampa/press-releases/2017/olaparib-brca-solo2
✅ [72/171] https://main--xmod-azit--meejain.aem.live/content/area-stampa/press-releases/2017/olaparib-olympiad
✅ [73/171] https://main--xmod-azit--meejain.aem.live/content/area-stampa/press-releases/2017/olaparib-carcinomamammario-olympiad
✅ [74/171] https://main--xmod-azit--meejain.aem.live/content/area-stampa/press-releases/2017/olaparib-tumoreovarico-studiosolo2
✅ [75/171] https://main--xmod-azit--meejain.aem.live/content/area-stampa/press-releases/2017/osimertinib-btd
✅ [76/171] https://main--xmod-azit--meejain.aem.live/content/area-stampa/press-releases/2017/pacific-tumore-al-polmone
❌ [77/171] P:000 L:000 /content/area-stampa/press-releases/2017/patient advocacy network
✅ [78/171] https://main--xmod-azit--meejain.aem.live/content/area-stampa/press-releases/2017/topemployers2017
✅ [79/171] https://main--xmod-azit--meejain.aem.live/content/area-stampa/press-releases/2017/zs-9-iperkaliemia
✅ [80/171] https://main--xmod-azit--meejain.aem.live/content/area-stampa/press-releases/2017/zs9-iperkaliemia-zspharma
✅ [81/171] https://main--xmod-azit--meejain.aem.live/content/area-stampa/press-releases/2017/acalabrutinib
✅ [82/171] https://main--xmod-azit--meejain.aem.live/content/area-stampa/press-releases/2017/benralizumab
✅ [83/171] https://main--xmod-azit--meejain.aem.live/content/area-stampa/press-releases/2017/benralizumab-zonda
✅ [84/171] https://main--xmod-azit--meejain.aem.live/content/area-stampa/press-releases/2017/brodalumab
✅ [85/171] https://main--xmod-azit--meejain.aem.live/content/area-stampa/press-releases/2017/budesonide-formoterolo-spray
✅ [86/171] https://main--xmod-azit--meejain.aem.live/content/area-stampa/press-releases/2017/dapagliflozin-ada
✅ [87/171] https://main--xmod-azit--meejain.aem.live/content/area-stampa/press-releases/2017/diabete-dapagliflozin-saxagliptin
✅ [88/171] https://main--xmod-azit--meejain.aem.live/content/area-stampa/press-releases/2017/durvalumab-studiopacific
✅ [89/171] https://main--xmod-azit--meejain.aem.live/content/area-stampa/press-releases/2017/durvalumab-approvazionefda
❌ [90/171] P:000 L:000 /content/area-stampa/press-releases/2017/durvalumab-breakthrough therapy designation
✅ [91/171] https://main--xmod-azit--meejain.aem.live/content/area-stampa/press-releases/2017/exenatide-studioexscel
✅ [92/171] https://main--xmod-azit--meejain.aem.live/content/area-stampa/press-releases/2017/goserelin
✅ [93/171] https://main--xmod-azit--meejain.aem.live/content/area-stampa/press-releases/2017/immunoncologia
✅ [94/171] https://main--xmod-azit--meejain.aem.live/content/area-stampa/press-releases/2017/linfoma-mantellare
✅ [95/171] https://main--xmod-azit--meejain.aem.live/content/area-stampa/press-releases/2017/osimertinib-fdausa
✅ [96/171] https://main--xmod-azit--meejain.aem.live/content/area-stampa/press-releases/2017/osimertinib-cfda
✅ [97/171] https://main--xmod-azit--meejain.aem.live/content/area-stampa/press-releases/2017/osimertinib-rimborsabile
✅ [98/171] https://main--xmod-azit--meejain.aem.live/content/area-stampa/press-releases/2017/osimertinib-tumorealpolmone-aura3
✅ [99/171] https://main--xmod-azit--meejain.aem.live/content/area-stampa/press-releases/2018/aa
✅ [100/171] https://main--xmod-azit--meejain.aem.live/content/area-stampa/press-releases/2018/acalabrutinib-elevatetn-ash
✅ [101/171] https://main--xmod-azit--meejain.aem.live/content/area-stampa/press-releases/2018/acalabrutinib-llc-approvazioneeu
✅ [102/171] https://main--xmod-azit--meejain.aem.live/content/area-stampa/press-releases/2018/acalabrutinib-llc-ascend
✅ [103/171] https://main--xmod-azit--meejain.aem.live/content/area-stampa/press-releases/2018/acalabrutinib-llc-eha
✅ [104/171] https://main--xmod-azit--meejain.aem.live/content/area-stampa/press-releases/2018/aha-2018
✅ [105/171] https://main--xmod-azit--meejain.aem.live/content/area-stampa/press-releases/2018/aha-20181
✅ [106/171] https://main--xmod-azit--meejain.aem.live/content/area-stampa/press-releases/2018/astrazeneca-covid-19
✅ [107/171] https://main--xmod-azit--meejain.aem.live/content/area-stampa/press-releases/2018/astrazeneca-topemployer2021
✅ [108/171] https://main--xmod-azit--meejain.aem.live/content/area-stampa/press-releases/2018/astrazeneca-top-employers-2020
✅ [109/171] https://main--xmod-azit--meejain.aem.live/content/area-stampa/press-releases/2018/astrazeneca-vaccino-covid-19
✅ [110/171] https://main--xmod-azit--meejain.aem.live/content/area-stampa/press-releases/2018/astrazeneca-vaccino-covid19
✅ [111/171] https://main--xmod-azit--meejain.aem.live/content/area-stampa/press-releases/2018/benralizumab-chmp-autosomministrazione
✅ [112/171] https://main--xmod-azit--meejain.aem.live/content/area-stampa/press-releases/2018/benralizumab-ponente
✅ [113/171] https://main--xmod-azit--meejain.aem.live/content/area-stampa/press-releases/2018/budesonide-glicopirronio-formoterolo-ethos-bpco
✅ [114/171] https://main--xmod-azit--meejain.aem.live/content/area-stampa/press-releases/2018/benralizumab-bora-ers
✅ [115/171] https://main--xmod-azit--meejain.aem.live/content/area-stampa/press-releases/2018/dapagliflozin-chmp-declare-cvdata
✅ [116/171] https://main--xmod-azit--meejain.aem.live/content/area-stampa/press-releases/2018/dapagliflozin-dapa-ckd-esc
✅ [117/171] https://main--xmod-azit--meejain.aem.live/content/area-stampa/press-releases/2018/dapagliflozin-dapa-hf-esc2019
✅ [118/171] https://main--xmod-azit--meejain.aem.live/content/area-stampa/press-releases/2018/dapagliflozin-dapackd-acc
✅ [119/171] https://main--xmod-azit--meejain.aem.live/content/area-stampa/press-releases/2018/dapagliflozin-declare-renaldata
✅ [120/171] https://main--xmod-azit--meejain.aem.live/content/area-stampa/press-releases/2018/dapagliflozin-hf-approvazioneeu
✅ [121/171] https://main--xmod-azit--meejain.aem.live/content/area-stampa/press-releases/2018/declaresottoanalisi
✅ [122/171] https://main--xmod-azit--meejain.aem.live/content/area-stampa/press-releases/2018/durvalumab-caspian-iaslc
✅ [123/171] https://main--xmod-azit--meejain.aem.live/content/area-stampa/press-releases/2018/durvalumab-caspian-sclc-asco
✅ [124/171] https://main--xmod-azit--meejain.aem.live/content/area-stampa/press-releases/2018/durvalumab-ok-ue-sclc
✅ [125/171] https://main--xmod-azit--meejain.aem.live/content/area-stampa/press-releases/2018/durvalumab-pacific-esmo
✅ [126/171] https://main--xmod-azit--meejain.aem.live/content/area-stampa/press-releases/2018/durvalumab-tumorepolmone
✅ [127/171] https://main--xmod-azit--meejain.aem.live/content/area-stampa/press-releases/2018/dapaglifozin--declare-top-line
✅ [128/171] https://main--xmod-azit--meejain.aem.live/content/area-stampa/press-releases/2018/durvalumab-parerepositivochmp
✅ [129/171] https://main--xmod-azit--meejain.aem.live/content/area-stampa/press-releases/2018/hlr-flaura-os
✅ [130/171] https://main--xmod-azit--meejain.aem.live/content/area-stampa/press-releases/2018/lung-ambition-alliance
✅ [131/171] https://main--xmod-azit--meejain.aem.live/content/area-stampa/press-releases/2018/nomina-driol-hr
✅ [132/171] https://main--xmod-azit--meejain.aem.live/content/area-stampa/press-releases/2018/nomina-mirkomerletti
✅ [133/171] https://main--xmod-azit--meejain.aem.live/content/area-stampa/press-releases/2018/nomina-oliveros-medicalhead
✅ [134/171] https://main--xmod-azit--meejain.aem.live/content/area-stampa/press-releases/2018/notastampaconsegnevaccino
✅ [135/171] https://main--xmod-azit--meejain.aem.live/content/area-stampa/press-releases/2018/notastampaestraneitavenditamercatiparalleli
✅ [136/171] https://main--xmod-azit--meejain.aem.live/content/area-stampa/press-releases/2018/notastampa-dati-inglesi-rwe
✅ [137/171] https://main--xmod-azit--meejain.aem.live/content/area-stampa/press-releases/2018/novelstart
✅ [138/171] https://main--xmod-azit--meejain.aem.live/content/area-stampa/press-releases/2018/nomina-chiara-gargiulo-vp-ria
✅ [139/171] https://main--xmod-azit--meejain.aem.live/content/area-stampa/press-releases/2018/nomina-scott-pescatore-vp-obu
✅ [140/171] https://main--xmod-azit--meejain.aem.live/content/area-stampa/press-releases/2018/olaparib-ovaio-soloi-approvazioneeu
✅ [141/171] https://main--xmod-azit--meejain.aem.live/content/area-stampa/press-releases/2018/olaparib-paolai-approvazioneeu
✅ [142/171] https://main--xmod-azit--meejain.aem.live/content/area-stampa/press-releases/2018/olaparib-paola-esmo2019
✅ [143/171] https://main--xmod-azit--meejain.aem.live/content/area-stampa/press-releases/2018/olaparib-profound-esmo
✅ [144/171] https://main--xmod-azit--meejain.aem.live/content/area-stampa/press-releases/2018/olaparib-profound-prostata-esmo2019
✅ [145/171] https://main--xmod-azit--meejain.aem.live/content/area-stampa/press-releases/2018/olaparib-profund-approvazioneeu
✅ [146/171] https://main--xmod-azit--meejain.aem.live/content/area-stampa/press-releases/2018/olaparib-psp-az-msd
✅ [147/171] https://main--xmod-azit--meejain.aem.live/content/area-stampa/press-releases/2018/olaparib-seno-ovaio-rimborsabilita
✅ [148/171] https://main--xmod-azit--meejain.aem.live/content/area-stampa/press-releases/2018/olaparib-solo-1-esmo
✅ [149/171] https://main--xmod-azit--meejain.aem.live/content/area-stampa/press-releases/2018/olaparib-tumorepancreas
✅ [150/171] https://main--xmod-azit--meejain.aem.live/content/area-stampa/press-releases/2018/osimertinib-flaura-esmo2019
✅ [151/171] https://main--xmod-azit--meejain.aem.live/content/area-stampa/press-releases/2018/osimertinib-nsclc-adaura-asco
✅ [152/171] https://main--xmod-azit--meejain.aem.live/content/area-stampa/press-releases/2018/osimertinib-rimborsabilita-1linea
✅ [153/171] https://main--xmod-azit--meejain.aem.live/content/area-stampa/press-releases/2018/osimertinib-eu
✅ [154/171] https://main--xmod-azit--meejain.aem.live/content/area-stampa/press-releases/2018/pacific-os-wclc
✅ [155/171] https://main--xmod-azit--meejain.aem.live/content/area-stampa/press-releases/2018/patientadvocacynetwork
✅ [156/171] https://main--xmod-azit--meejain.aem.live/content/area-stampa/press-releases/2018/pennabenralizumab-disponibilitaitalia
❌ [157/171] P:404 L:404 /content/area-stampa/press-releases/2018/senometastatico
✅ [158/171] https://main--xmod-azit--meejain.aem.live/content/area-stampa/press-releases/2018/solo1-esmo2018
✅ [159/171] https://main--xmod-azit--meejain.aem.live/content/area-stampa/press-releases/2018/solo1-olaparib
✅ [160/171] https://main--xmod-azit--meejain.aem.live/content/area-stampa/press-releases/2018/ticagrelor-themis-esc2019
✅ [161/171] https://main--xmod-azit--meejain.aem.live/content/area-stampa/press-releases/2018/topemployers2017
✅ [162/171] https://main--xmod-azit--meejain.aem.live/content/area-stampa/press-releases/2018/benralizumabema
✅ [163/171] https://main--xmod-azit--meejain.aem.live/content/area-stampa/press-releases/2018/campagnaioscelgodisapere
✅ [164/171] https://main--xmod-azit--meejain.aem.live/content/area-stampa/press-releases/2018/durvalumab
✅ [165/171] https://main--xmod-azit--meejain.aem.live/content/area-stampa/press-releases/2018/durvalumabpacificos
✅ [166/171] https://main--xmod-azit--meejain.aem.live/content/area-stampa/press-releases/2018/osimertinib-tumorealpolmone-aura3
✅ [167/171] https://main--xmod-azit--meejain.aem.live/content/area-stampa/press-releases/2018/patientadvocacynetwork2018
✅ [168/171] https://main--xmod-azit--meejain.aem.live/content/area-stampa/press-releases/2018/studiocvdreal
✅ [169/171] https://main--xmod-azit--meejain.aem.live/content/area-stampa/press-releases/2018/ticagrelor
✅ [170/171] https://main--xmod-azit--meejain.aem.live/content/area-stampa/press-releases/2018/topemployers2018
✅ [171/171] https://main--xmod-azit--meejain.aem.live/content/area-stampa/press-releases/2018/trialsygma

=========================================
PREVIEW + PUBLISH COMPLETE
Preview: OK=168, Fail=3
Publish: OK=168, Fail=3
=========================================
