✅ [1] accordo-cilag
✅ [2] accordoolaparivconfmi
✅ [3] acerta-pharma
✅ [4] allergan
✅ [5] benralizumabers
✅ [6] caz-avi-chmp
✅ [7] cediranib
✅ [8] ceftazidime-avibactam-approvato-nell-unione-europea-per-il-trattamento-dei-pazienti-con-gravi-infezioni-batteriche
✅ [9] ceftazidime-avibactam
✅ [10] dapagliflozin
✅ [11] durvalumab-breakthroughtherapy
✅ [12] eccmid-2016
✅ [13] elcc-osimertinib
✅ [14] euclid
✅ [15] exenatide
✅ [16] fda-glicopirrolato
✅ [17] felodipina
✅ [18] fulvestrant-esmo
✅ [19] fulvestrant-falcon
✅ [20] fulvestrantesmo
✅ [21] incyte
✅ [22] ironwwod
✅ [23] linee-guida-acc-aha-ticagrelor
✅ [24] lynparza-breakthroughtherapy
✅ [25] medi551-orphan-drug
✅ [26] medi8852-fda-fast-track
✅ [27] moderna-therapeutics
✅ [28] olaparib-gold
✅ [29] olaparibasco2016
✅ [30] olaparibsolo2
✅ [31] osimertinibasco2016
✅ [32] ricerca-traslazionale
✅ [33] ricercagenomica
✅ [34] risultati-socrates
✅ [35] saxa-dapa-chmp
✅ [36] secretomics
✅ [37] selumetinib-farmacoorfano
✅ [38] selumetinib
✅ [39] testbrca
✅ [40] voluntis
✅ [41] acalabrutinib
✅ [42] benralizumab-zonda
✅ [43] brodalumab
✅ [44] cambridge-nuovasede
✅ [45] dapagliflozin-ada
✅ [46] diabete-dapagliflozin-saxagliptin
✅ [47] durvalumab-approvazionefda
✅ [48] durvalumab-ema
✅ [49] durvalumab-studiopacific
✅ [50] exenatide-studioexscel
✅ [51] globaldiabetespolicyforum
✅ [52] goserelin
✅ [53] immunoncologia
✅ [54] linfoma-mantellare
✅ [55] medimmune-sanofipasteur-medi8897
✅ [56] neuromieliteottica
✅ [57] olaparib-carcinomamammario-olympiad
✅ [58] olaparib-olympiad
✅ [59] olaparib-tumoreovarico-studiosolo2
✅ [60] osimertinib-btd
✅ [61] osimertinib-tumorealpolmone-aura3
✅ [62] patient-advocacy-network
✅ [63] aa
✅ [64] acalabrutinib-llc-ascend
✅ [65] aha-2018
✅ [66] astrazeneca-covid-19
✅ [67] astrazeneca-vaccino-covid-19
✅ [68] benralizumab-bora-ers
✅ [69] benralizumab-chmp-autosomministrazione
✅ [70] benralizumab-ponente
✅ [71] campagnaioscelgodisapere
✅ [72] dapagliflozin-chmp-declare-cvdata
✅ [73] dapagliflozin-dapa-ckd-esc
✅ [74] dapagliflozin-dapa-hf-esc2019
✅ [75] dapagliflozin-dapackd-acc
✅ [76] dapagliflozin-declare-renaldata
✅ [77] dapaglifozin-declare-top-line
✅ [78] durvalumab-caspian-iaslc
✅ [79] durvalumab-ok-ue-sclc
✅ [80] durvalumab-pacific-esmo
✅ [81] durvalumab-parerepositivochmp
✅ [82] durvalumab-tumorepolmone
✅ [83] durvalumab
✅ [84] durvalumabpacificos
✅ [85] lung-ambition-alliance
✅ [86] nomina-chiara-gargiulo-vp-ria
✅ [87] notastampa-dati-inglesi-rwe
✅ [88] novelstart
✅ [89] olaparib-ovaio-soloi-approvazioneeu
✅ [90] olaparib-paolai-approvazioneeu
✅ [91] olaparib-profund-approvazioneeu
✅ [92] olaparib-psp-az-msd
✅ [93] olaparib-seno-ovaio-rimborsabilita
✅ [94] olaparib-tumorepancreas
✅ [95] osimertinib-eu
✅ [96] osimertinib-rimborsabilita-1linea
✅ [97] osimertinib-tumorealpolmone-aura3
✅ [98] pacific-os-wclc
✅ [99] patientadvocacynetwork2018
✅ [100] pennabenralizumab-disponibilitaitalia
✅ [101] studiocvdreal
✅ [102] ticagrelor-themis-esc2019
✅ [103] ticagrelor
✅ [104] trialsygma

=== PUBLISH COMPLETE ===
Success: 0
Failed: 0
