✅ [1] https://main--xmod-azit--meejain.aem.live/content/area-stampa/press-releases/2016/acalabrutinib-ema
✅ [2] https://main--xmod-azit--meejain.aem.live/content/area-stampa/press-releases/2016/accordo-cilag
✅ [3] https://main--xmod-azit--meejain.aem.live/content/area-stampa/press-releases/2016/accordoaspen
✅ [4] https://main--xmod-azit--meejain.aem.live/content/area-stampa/press-releases/2016/accordoolaparivconfmi
✅ [5] https://main--xmod-azit--meejain.aem.live/content/area-stampa/press-releases/2016/acerta-pharma
✅ [6] https://main--xmod-azit--meejain.aem.live/content/area-stampa/press-releases/2016/allergan
✅ [7] https://main--xmod-azit--meejain.aem.live/content/area-stampa/press-releases/2016/aralez
✅ [8] https://main--xmod-azit--meejain.aem.live/content/area-stampa/press-releases/2016/astrazeneca-stipula-due-accordi-di-licenza-con-leo-pharmap-er-il-trattamento-delle-malattie-cutanee
✅ [9] https://main--xmod-azit--meejain.aem.live/content/area-stampa/press-releases/2016/benralizumab-sirocco-calima
✅ [10] https://main--xmod-azit--meejain.aem.live/content/area-stampa/press-releases/2016/benralizumabers
✅ [11] https://main--xmod-azit--meejain.aem.live/content/area-stampa/press-releases/2016/caz-avi-chmp
✅ [12] https://main--xmod-azit--meejain.aem.live/content/area-stampa/press-releases/2016/cediranib
✅ [13] https://main--xmod-azit--meejain.aem.live/content/area-stampa/press-releases/2016/ceftazidime-avibactam-approvato-nell-unione-europea-per-il-trattamento-dei-pazienti-con-gravi-infezioni-batteriche
✅ [14] https://main--xmod-azit--meejain.aem.live/content/area-stampa/press-releases/2016/ceftazidime-avibactam
✅ [15] https://main--xmod-azit--meejain.aem.live/content/area-stampa/press-releases/2016/congressiscientifici
✅ [16] https://main--xmod-azit--meejain.aem.live/content/area-stampa/press-releases/2016/consorzio-rcp2
✅ [17] https://main--xmod-azit--meejain.aem.live/content/area-stampa/press-releases/2016/dapagliflozin
✅ [18] https://main--xmod-azit--meejain.aem.live/content/area-stampa/press-releases/2016/davidgoldstein
✅ [19] https://main--xmod-azit--meejain.aem.live/content/area-stampa/press-releases/2016/durvalumab-breakthroughtherapy
✅ [20] https://main--xmod-azit--meejain.aem.live/content/area-stampa/press-releases/2016/durvalumab
✅ [21] https://main--xmod-azit--meejain.aem.live/content/area-stampa/press-releases/2016/durvalumabasco2016
✅ [22] https://main--xmod-azit--meejain.aem.live/content/area-stampa/press-releases/2016/durvalumabesmo
✅ [23] https://main--xmod-azit--meejain.aem.live/content/area-stampa/press-releases/2016/eccmid-2016
✅ [24] https://main--xmod-azit--meejain.aem.live/content/area-stampa/press-releases/2016/elcc-osimertinib
✅ [25] https://main--xmod-azit--meejain.aem.live/content/area-stampa/press-releases/2016/euclid
✅ [26] https://main--xmod-azit--meejain.aem.live/content/area-stampa/press-releases/2016/exenatide
✅ [27] https://main--xmod-azit--meejain.aem.live/content/area-stampa/press-releases/2016/fda-glicopirrolato
✅ [28] https://main--xmod-azit--meejain.aem.live/content/area-stampa/press-releases/2016/felodipina
✅ [29] https://main--xmod-azit--meejain.aem.live/content/area-stampa/press-releases/2016/fulvestrant-esmo
✅ [30] https://main--xmod-azit--meejain.aem.live/content/area-stampa/press-releases/2016/fulvestrant-falcon
✅ [31] https://main--xmod-azit--meejain.aem.live/content/area-stampa/press-releases/2016/fulvestrantesmo
✅ [32] https://main--xmod-azit--meejain.aem.live/content/area-stampa/press-releases/2016/incyte
✅ [33] https://main--xmod-azit--meejain.aem.live/content/area-stampa/press-releases/2016/ironwwod
✅ [34] https://main--xmod-azit--meejain.aem.live/content/area-stampa/press-releases/2016/lesinurad
✅ [35] https://main--xmod-azit--meejain.aem.live/content/area-stampa/press-releases/2016/lesinurad1
✅ [36] https://main--xmod-azit--meejain.aem.live/content/area-stampa/press-releases/2016/linee-guida-acc-aha-ticagrelor
✅ [37] https://main--xmod-azit--meejain.aem.live/content/area-stampa/press-releases/2016/lynparza-breakthroughtherapy
✅ [38] https://main--xmod-azit--meejain.aem.live/content/area-stampa/press-releases/2016/medi551-orphan-drug
✅ [39] https://main--xmod-azit--meejain.aem.live/content/area-stampa/press-releases/2016/medi8852-fda-fast-track
✅ [40] https://main--xmod-azit--meejain.aem.live/content/area-stampa/press-releases/2016/moderna-therapeutics
✅ [41] https://main--xmod-azit--meejain.aem.live/content/area-stampa/press-releases/2016/moventig-prostrakan
✅ [42] https://main--xmod-azit--meejain.aem.live/content/area-stampa/press-releases/2016/olaparib-gold
✅ [43] https://main--xmod-azit--meejain.aem.live/content/area-stampa/press-releases/2016/olaparib
✅ [44] https://main--xmod-azit--meejain.aem.live/content/area-stampa/press-releases/2016/olaparibasco2016
✅ [45] https://main--xmod-azit--meejain.aem.live/content/area-stampa/press-releases/2016/olaparibsolo2
✅ [46] https://main--xmod-azit--meejain.aem.live/content/area-stampa/press-releases/2016/osimertinib-aura3
✅ [47] https://main--xmod-azit--meejain.aem.live/content/area-stampa/press-releases/2016/osimertinib-ce
✅ [48] https://main--xmod-azit--meejain.aem.live/content/area-stampa/press-releases/2016/osimertinibasco2016
✅ [49] https://main--xmod-azit--meejain.aem.live/content/area-stampa/press-releases/2016/pfizer
✅ [50] https://main--xmod-azit--meejain.aem.live/content/area-stampa/press-releases/2016/plaiv-chmp
✅ [51] https://main--xmod-azit--meejain.aem.live/content/area-stampa/press-releases/2016/ricerca-traslazionale
✅ [52] https://main--xmod-azit--meejain.aem.live/content/area-stampa/press-releases/2016/ricercagenomica
✅ [53] https://main--xmod-azit--meejain.aem.live/content/area-stampa/press-releases/2016/risultati-socrates
✅ [54] https://main--xmod-azit--meejain.aem.live/content/area-stampa/press-releases/2016/saxa-dapa-chmp
✅ [55] https://main--xmod-azit--meejain.aem.live/content/area-stampa/press-releases/2016/secretomics
✅ [56] https://main--xmod-azit--meejain.aem.live/content/area-stampa/press-releases/2016/selumetinib-farmacoorfano
✅ [57] https://main--xmod-azit--meejain.aem.live/content/area-stampa/press-releases/2016/selumetinib
✅ [58] https://main--xmod-azit--meejain.aem.live/content/area-stampa/press-releases/2016/takeda
✅ [59] https://main--xmod-azit--meejain.aem.live/content/area-stampa/press-releases/2016/testbrca
✅ [60] https://main--xmod-azit--meejain.aem.live/content/area-stampa/press-releases/2016/top-employer
✅ [61] https://main--xmod-azit--meejain.aem.live/content/area-stampa/press-releases/2016/voluntis
✅ [62] https://main--xmod-azit--meejain.aem.live/content/area-stampa/press-releases/2017/aacr-oncologia
✅ [63] https://main--xmod-azit--meejain.aem.live/content/area-stampa/press-releases/2017/acalabrutinib
✅ [64] https://main--xmod-azit--meejain.aem.live/content/area-stampa/press-releases/2017/benralizumab-zonda
✅ [65] https://main--xmod-azit--meejain.aem.live/content/area-stampa/press-releases/2017/benralizumab
✅ [66] https://main--xmod-azit--meejain.aem.live/content/area-stampa/press-releases/2017/brodalumab
✅ [67] https://main--xmod-azit--meejain.aem.live/content/area-stampa/press-releases/2017/budesonide-formoterolo-spray
✅ [68] https://main--xmod-azit--meejain.aem.live/content/area-stampa/press-releases/2017/cambridge-nuovasede
✅ [69] https://main--xmod-azit--meejain.aem.live/content/area-stampa/press-releases/2017/circassia-patologierespiratorie
✅ [70] https://main--xmod-azit--meejain.aem.live/content/area-stampa/press-releases/2017/cvd-real-sglt2
✅ [71] https://main--xmod-azit--meejain.aem.live/content/area-stampa/press-releases/2017/dapagliflozin-ada
✅ [72] https://main--xmod-azit--meejain.aem.live/content/area-stampa/press-releases/2017/diabete-dapagliflozin-saxagliptin
✅ [73] https://main--xmod-azit--meejain.aem.live/content/area-stampa/press-releases/2017/durvalumab-approvazionefda
✅ [74] https://main--xmod-azit--meejain.aem.live/content/area-stampa/press-releases/2017/durvalumab-breakthrough-therapy-designation
✅ [75] https://main--xmod-azit--meejain.aem.live/content/area-stampa/press-releases/2017/durvalumab-ema
✅ [76] https://main--xmod-azit--meejain.aem.live/content/area-stampa/press-releases/2017/durvalumab-studiopacific
✅ [77] https://main--xmod-azit--meejain.aem.live/content/area-stampa/press-releases/2017/exenatide-studioexscel
✅ [78] https://main--xmod-azit--meejain.aem.live/content/area-stampa/press-releases/2017/flaura-tumore-al-polmone1
✅ [79] https://main--xmod-azit--meejain.aem.live/content/area-stampa/press-releases/2017/globaldiabetespolicyforum
✅ [80] https://main--xmod-azit--meejain.aem.live/content/area-stampa/press-releases/2017/goserelin
✅ [81] https://main--xmod-azit--meejain.aem.live/content/area-stampa/press-releases/2017/immunoncologia
✅ [82] https://main--xmod-azit--meejain.aem.live/content/area-stampa/press-releases/2017/linfoma-mantellare
✅ [83] https://main--xmod-azit--meejain.aem.live/content/area-stampa/press-releases/2017/medimmune-sanofipasteur-medi8897
✅ [84] https://main--xmod-azit--meejain.aem.live/content/area-stampa/press-releases/2017/neuromieliteottica
✅ [85] https://main--xmod-azit--meejain.aem.live/content/area-stampa/press-releases/2017/olaparib-brca-solo2
✅ [86] https://main--xmod-azit--meejain.aem.live/content/area-stampa/press-releases/2017/olaparib-carcinomamammario-olympiad
✅ [87] https://main--xmod-azit--meejain.aem.live/content/area-stampa/press-releases/2017/olaparib-olympiad
✅ [88] https://main--xmod-azit--meejain.aem.live/content/area-stampa/press-releases/2017/olaparib-tumoreovarico-studiosolo2
✅ [89] https://main--xmod-azit--meejain.aem.live/content/area-stampa/press-releases/2017/osimertinib-btd
✅ [90] https://main--xmod-azit--meejain.aem.live/content/area-stampa/press-releases/2017/osimertinib-cfda
✅ [91] https://main--xmod-azit--meejain.aem.live/content/area-stampa/press-releases/2017/osimertinib-fdausa
✅ [92] https://main--xmod-azit--meejain.aem.live/content/area-stampa/press-releases/2017/osimertinib-rimborsabile
✅ [93] https://main--xmod-azit--meejain.aem.live/content/area-stampa/press-releases/2017/osimertinib-tumorealpolmone-aura3
✅ [94] https://main--xmod-azit--meejain.aem.live/content/area-stampa/press-releases/2017/pacific-tumore-al-polmone
✅ [95] https://main--xmod-azit--meejain.aem.live/content/area-stampa/press-releases/2017/patient-advocacy-network
✅ [96] https://main--xmod-azit--meejain.aem.live/content/area-stampa/press-releases/2017/topemployers2017
✅ [97] https://main--xmod-azit--meejain.aem.live/content/area-stampa/press-releases/2017/zs-9-iperkaliemia
✅ [98] https://main--xmod-azit--meejain.aem.live/content/area-stampa/press-releases/2017/zs9-iperkaliemia-zspharma
✅ [99] https://main--xmod-azit--meejain.aem.live/content/area-stampa/press-releases/2018/aa
✅ [100] https://main--xmod-azit--meejain.aem.live/content/area-stampa/press-releases/2018/acalabrutinib-elevatetn-ash
✅ [101] https://main--xmod-azit--meejain.aem.live/content/area-stampa/press-releases/2018/acalabrutinib-llc-approvazioneeu
✅ [102] https://main--xmod-azit--meejain.aem.live/content/area-stampa/press-releases/2018/acalabrutinib-llc-ascend
✅ [103] https://main--xmod-azit--meejain.aem.live/content/area-stampa/press-releases/2018/acalabrutinib-llc-eha
✅ [104] https://main--xmod-azit--meejain.aem.live/content/area-stampa/press-releases/2018/aha-2018
✅ [105] https://main--xmod-azit--meejain.aem.live/content/area-stampa/press-releases/2018/aha-20181
✅ [106] https://main--xmod-azit--meejain.aem.live/content/area-stampa/press-releases/2018/astrazeneca-covid-19
✅ [107] https://main--xmod-azit--meejain.aem.live/content/area-stampa/press-releases/2018/astrazeneca-top-employers-2020
✅ [108] https://main--xmod-azit--meejain.aem.live/content/area-stampa/press-releases/2018/astrazeneca-topemployer2021
✅ [109] https://main--xmod-azit--meejain.aem.live/content/area-stampa/press-releases/2018/astrazeneca-vaccino-covid-19
✅ [110] https://main--xmod-azit--meejain.aem.live/content/area-stampa/press-releases/2018/astrazeneca-vaccino-covid19
✅ [111] https://main--xmod-azit--meejain.aem.live/content/area-stampa/press-releases/2018/benralizumab-bora-ers
✅ [112] https://main--xmod-azit--meejain.aem.live/content/area-stampa/press-releases/2018/benralizumab-chmp-autosomministrazione
✅ [113] https://main--xmod-azit--meejain.aem.live/content/area-stampa/press-releases/2018/benralizumab-ponente
✅ [114] https://main--xmod-azit--meejain.aem.live/content/area-stampa/press-releases/2018/benralizumabema
✅ [115] https://main--xmod-azit--meejain.aem.live/content/area-stampa/press-releases/2018/budesonide-glicopirronio-formoterolo-ethos-bpco
✅ [116] https://main--xmod-azit--meejain.aem.live/content/area-stampa/press-releases/2018/campagnaioscelgodisapere
✅ [117] https://main--xmod-azit--meejain.aem.live/content/area-stampa/press-releases/2018/dapagliflozin-chmp-declare-cvdata
✅ [118] https://main--xmod-azit--meejain.aem.live/content/area-stampa/press-releases/2018/dapagliflozin-dapa-ckd-esc
✅ [119] https://main--xmod-azit--meejain.aem.live/content/area-stampa/press-releases/2018/dapagliflozin-dapa-hf-esc2019
✅ [120] https://main--xmod-azit--meejain.aem.live/content/area-stampa/press-releases/2018/dapagliflozin-dapackd-acc
✅ [121] https://main--xmod-azit--meejain.aem.live/content/area-stampa/press-releases/2018/dapagliflozin-declare-renaldata
✅ [122] https://main--xmod-azit--meejain.aem.live/content/area-stampa/press-releases/2018/dapagliflozin-hf-approvazioneeu
✅ [123] https://main--xmod-azit--meejain.aem.live/content/area-stampa/press-releases/2018/dapaglifozin-declare-top-line
✅ [124] https://main--xmod-azit--meejain.aem.live/content/area-stampa/press-releases/2018/declaresottoanalisi
✅ [125] https://main--xmod-azit--meejain.aem.live/content/area-stampa/press-releases/2018/durvalumab-caspian-iaslc
✅ [126] https://main--xmod-azit--meejain.aem.live/content/area-stampa/press-releases/2018/durvalumab-caspian-sclc-asco
✅ [127] https://main--xmod-azit--meejain.aem.live/content/area-stampa/press-releases/2018/durvalumab-ok-ue-sclc
✅ [128] https://main--xmod-azit--meejain.aem.live/content/area-stampa/press-releases/2018/durvalumab-pacific-esmo
✅ [129] https://main--xmod-azit--meejain.aem.live/content/area-stampa/press-releases/2018/durvalumab-parerepositivochmp
✅ [130] https://main--xmod-azit--meejain.aem.live/content/area-stampa/press-releases/2018/durvalumab-tumorepolmone
✅ [131] https://main--xmod-azit--meejain.aem.live/content/area-stampa/press-releases/2018/durvalumab
✅ [132] https://main--xmod-azit--meejain.aem.live/content/area-stampa/press-releases/2018/durvalumabpacificos
✅ [133] https://main--xmod-azit--meejain.aem.live/content/area-stampa/press-releases/2018/hlr-flaura-os
✅ [134] https://main--xmod-azit--meejain.aem.live/content/area-stampa/press-releases/2018/lung-ambition-alliance
✅ [135] https://main--xmod-azit--meejain.aem.live/content/area-stampa/press-releases/2018/nomina-chiara-gargiulo-vp-ria
✅ [136] https://main--xmod-azit--meejain.aem.live/content/area-stampa/press-releases/2018/nomina-driol-hr
✅ [137] https://main--xmod-azit--meejain.aem.live/content/area-stampa/press-releases/2018/nomina-mirkomerletti
✅ [138] https://main--xmod-azit--meejain.aem.live/content/area-stampa/press-releases/2018/nomina-oliveros-medicalhead
✅ [139] https://main--xmod-azit--meejain.aem.live/content/area-stampa/press-releases/2018/nomina-scott-pescatore-vp-obu
✅ [140] https://main--xmod-azit--meejain.aem.live/content/area-stampa/press-releases/2018/notastampa-dati-inglesi-rwe
✅ [141] https://main--xmod-azit--meejain.aem.live/content/area-stampa/press-releases/2018/notastampaconsegnevaccino
✅ [142] https://main--xmod-azit--meejain.aem.live/content/area-stampa/press-releases/2018/notastampaestraneitavenditamercatiparalleli
✅ [143] https://main--xmod-azit--meejain.aem.live/content/area-stampa/press-releases/2018/novelstart
✅ [144] https://main--xmod-azit--meejain.aem.live/content/area-stampa/press-releases/2018/olaparib-ovaio-soloi-approvazioneeu
✅ [145] https://main--xmod-azit--meejain.aem.live/content/area-stampa/press-releases/2018/olaparib-paola-esmo2019
✅ [146] https://main--xmod-azit--meejain.aem.live/content/area-stampa/press-releases/2018/olaparib-paolai-approvazioneeu
✅ [147] https://main--xmod-azit--meejain.aem.live/content/area-stampa/press-releases/2018/olaparib-profound-esmo
✅ [148] https://main--xmod-azit--meejain.aem.live/content/area-stampa/press-releases/2018/olaparib-profound-prostata-esmo2019
✅ [149] https://main--xmod-azit--meejain.aem.live/content/area-stampa/press-releases/2018/olaparib-profund-approvazioneeu
✅ [150] https://main--xmod-azit--meejain.aem.live/content/area-stampa/press-releases/2018/olaparib-psp-az-msd
✅ [151] https://main--xmod-azit--meejain.aem.live/content/area-stampa/press-releases/2018/olaparib-seno-ovaio-rimborsabilita
✅ [152] https://main--xmod-azit--meejain.aem.live/content/area-stampa/press-releases/2018/olaparib-solo-1-esmo
✅ [153] https://main--xmod-azit--meejain.aem.live/content/area-stampa/press-releases/2018/olaparib-tumorepancreas
✅ [154] https://main--xmod-azit--meejain.aem.live/content/area-stampa/press-releases/2018/osimertinib-eu
✅ [155] https://main--xmod-azit--meejain.aem.live/content/area-stampa/press-releases/2018/osimertinib-flaura-esmo2019
✅ [156] https://main--xmod-azit--meejain.aem.live/content/area-stampa/press-releases/2018/osimertinib-nsclc-adaura-asco
✅ [157] https://main--xmod-azit--meejain.aem.live/content/area-stampa/press-releases/2018/osimertinib-rimborsabilita-1linea
✅ [158] https://main--xmod-azit--meejain.aem.live/content/area-stampa/press-releases/2018/osimertinib-tumorealpolmone-aura3
✅ [159] https://main--xmod-azit--meejain.aem.live/content/area-stampa/press-releases/2018/pacific-os-wclc
✅ [160] https://main--xmod-azit--meejain.aem.live/content/area-stampa/press-releases/2018/patientadvocacynetwork
✅ [161] https://main--xmod-azit--meejain.aem.live/content/area-stampa/press-releases/2018/patientadvocacynetwork2018
✅ [162] https://main--xmod-azit--meejain.aem.live/content/area-stampa/press-releases/2018/pennabenralizumab-disponibilitaitalia
✅ [163] https://main--xmod-azit--meejain.aem.live/content/area-stampa/press-releases/2018/senometastatico
✅ [164] https://main--xmod-azit--meejain.aem.live/content/area-stampa/press-releases/2018/solo1-esmo2018
✅ [165] https://main--xmod-azit--meejain.aem.live/content/area-stampa/press-releases/2018/solo1-olaparib
✅ [166] https://main--xmod-azit--meejain.aem.live/content/area-stampa/press-releases/2018/studiocvdreal
✅ [167] https://main--xmod-azit--meejain.aem.live/content/area-stampa/press-releases/2018/ticagrelor-themis-esc2019
✅ [168] https://main--xmod-azit--meejain.aem.live/content/area-stampa/press-releases/2018/ticagrelor
✅ [169] https://main--xmod-azit--meejain.aem.live/content/area-stampa/press-releases/2018/topemployers2017
✅ [170] https://main--xmod-azit--meejain.aem.live/content/area-stampa/press-releases/2018/topemployers2018
✅ [171] https://main--xmod-azit--meejain.aem.live/content/area-stampa/press-releases/2018/trialsygma

=== DONE: OK=0, Fail=0 ===
