[Bulk Import] Starting run with:
  Import script: /workspace/tools/importer/import-press-release.bundle.js
  URLs file:     /workspace/tools/importer/urls-press-release-article.txt
  Output dir:    /workspace/content
  URL count:     104

[1/104] Starting https://www.astrazeneca.it/area-stampa/press-releases/2016/CAZ-AVI-CHMP.html
[Browser Console] JQMIGRATE: Migrate is installed, version 3.2.0
[Browser Console] Found 2 block instances on page
[1/104] ✅ Saved content to area-stampa/press-releases/2016/caz-avi-chmp
[2/104] Starting https://www.astrazeneca.it/area-stampa/press-releases/2016/ECCMID-2016.html
[Browser Console] JQMIGRATE: Migrate is installed, version 3.2.0
[Browser Console] Found 2 block instances on page
[2/104] ✅ Saved content to area-stampa/press-releases/2016/eccmid-2016
[3/104] Starting https://www.astrazeneca.it/area-stampa/press-releases/2016/FDA-glicopirrolato.html
[Browser Console] JQMIGRATE: Migrate is installed, version 3.2.0
[Browser Console] Found 2 block instances on page
[3/104] ✅ Saved content to area-stampa/press-releases/2016/fda-glicopirrolato
[4/104] Starting https://www.astrazeneca.it/area-stampa/press-releases/2016/Fulvestrant_FALCON.html
[Browser Console] JQMIGRATE: Migrate is installed, version 3.2.0
[Browser Console] Found 2 block instances on page
[4/104] ✅ Saved content to area-stampa/press-releases/2016/fulvestrant-falcon
[5/104] Starting https://www.astrazeneca.it/area-stampa/press-releases/2016/Linee-guida-ACC-AHA-ticagrelor.html
[Browser Console] JQMIGRATE: Migrate is installed, version 3.2.0
[Browser Console] Found 2 block instances on page
[5/104] ✅ Saved content to area-stampa/press-releases/2016/linee-guida-acc-aha-ticagrelor
[6/104] Starting https://www.astrazeneca.it/area-stampa/press-releases/2016/MEDI551_Orphan_Drug.html
[Browser Console] JQMIGRATE: Migrate is installed, version 3.2.0
[Browser Console] Found 2 block instances on page
[6/104] ✅ Saved content to area-stampa/press-releases/2016/medi551-orphan-drug
[7/104] Starting https://www.astrazeneca.it/area-stampa/press-releases/2016/MEDI8852_FDA_Fast_Track.html
[Browser Console] JQMIGRATE: Migrate is installed, version 3.2.0
[Browser Console] Found 2 block instances on page
[7/104] ✅ Saved content to area-stampa/press-releases/2016/medi8852-fda-fast-track
[8/104] Starting https://www.astrazeneca.it/area-stampa/press-releases/2016/Saxa-dapa-CHMP.html
[Browser Console] JQMIGRATE: Migrate is installed, version 3.2.0
[Browser Console] Found 2 block instances on page
[8/104] ✅ Saved content to area-stampa/press-releases/2016/saxa-dapa-chmp
[9/104] Starting https://www.astrazeneca.it/area-stampa/press-releases/2016/Voluntis.html
[Browser Console] JQMIGRATE: Migrate is installed, version 3.2.0
[Browser Console] Found 2 block instances on page
[9/104] ✅ Saved content to area-stampa/press-releases/2016/voluntis
[10/104] Starting https://www.astrazeneca.it/area-stampa/press-releases/2016/accordo_Cilag.html
[Browser Console] JQMIGRATE: Migrate is installed, version 3.2.0
[Browser Console] Found 2 block instances on page
[10/104] ✅ Saved content to area-stampa/press-releases/2016/accordo-cilag
[11/104] Starting https://www.astrazeneca.it/area-stampa/press-releases/2016/accordoolaparivconFMI.html
[Browser Console] JQMIGRATE: Migrate is installed, version 3.2.0
[Browser Console] Found 2 block instances on page
[11/104] ✅ Saved content to area-stampa/press-releases/2016/accordoolaparivconfmi
[12/104] Starting https://www.astrazeneca.it/area-stampa/press-releases/2016/acerta_pharma.html
[Browser Console] JQMIGRATE: Migrate is installed, version 3.2.0
[Browser Console] Found 2 block instances on page
[12/104] ✅ Saved content to area-stampa/press-releases/2016/acerta-pharma
[13/104] Starting https://www.astrazeneca.it/area-stampa/press-releases/2016/allergan.html
[Browser Console] JQMIGRATE: Migrate is installed, version 3.2.0
[Browser Console] Found 2 block instances on page
[13/104] ✅ Saved content to area-stampa/press-releases/2016/allergan
[14/104] Starting https://www.astrazeneca.it/area-stampa/press-releases/2016/benralizumabERS.html
[Browser Console] JQMIGRATE: Migrate is installed, version 3.2.0
[Browser Console] Found 2 block instances on page
[14/104] ✅ Saved content to area-stampa/press-releases/2016/benralizumabers
[15/104] Starting https://www.astrazeneca.it/area-stampa/press-releases/2016/cediranib.html
[Browser Console] JQMIGRATE: Migrate is installed, version 3.2.0
[Browser Console] Found 2 block instances on page
[15/104] ✅ Saved content to area-stampa/press-releases/2016/cediranib
[16/104] Starting https://www.astrazeneca.it/area-stampa/press-releases/2016/ceftazidime-avibactam-approvato-nell-unione-europea-per-il-trattamento-dei-pazienti-con-gravi-infezioni-batteriche.html
[Browser Console] JQMIGRATE: Migrate is installed, version 3.2.0
[Browser Console] Found 2 block instances on page
[16/104] ✅ Saved content to area-stampa/press-releases/2016/ceftazidime-avibactam-approvato-nell-unione-europea-per-il-trattamento-dei-pazienti-con-gravi-infezioni-batteriche
[17/104] Starting https://www.astrazeneca.it/area-stampa/press-releases/2016/ceftazidime-avibactam.html
[Browser Console] JQMIGRATE: Migrate is installed, version 3.2.0
[Browser Console] Found 2 block instances on page
[17/104] ✅ Saved content to area-stampa/press-releases/2016/ceftazidime-avibactam
[18/104] Starting https://www.astrazeneca.it/area-stampa/press-releases/2016/dapagliflozin.html
[Browser Console] JQMIGRATE: Migrate is installed, version 3.2.0
[Browser Console] Found 2 block instances on page
[18/104] ✅ Saved content to area-stampa/press-releases/2016/dapagliflozin
[19/104] Starting https://www.astrazeneca.it/area-stampa/press-releases/2016/durvalumab-breakthroughTherapy.html
[Browser Console] JQMIGRATE: Migrate is installed, version 3.2.0
[Browser Console] Found 2 block instances on page
[19/104] ✅ Saved content to area-stampa/press-releases/2016/durvalumab-breakthroughtherapy
[20/104] Starting https://www.astrazeneca.it/area-stampa/press-releases/2016/elcc_osimertinib.html
[Browser Console] JQMIGRATE: Migrate is installed, version 3.2.0
[Browser Console] Found 2 block instances on page
[20/104] ✅ Saved content to area-stampa/press-releases/2016/elcc-osimertinib
[21/104] Starting https://www.astrazeneca.it/area-stampa/press-releases/2016/euclid.html
[Browser Console] JQMIGRATE: Migrate is installed, version 3.2.0
[Browser Console] Found 2 block instances on page
[21/104] ✅ Saved content to area-stampa/press-releases/2016/euclid
[22/104] Starting https://www.astrazeneca.it/area-stampa/press-releases/2016/exenatide.html
[Browser Console] JQMIGRATE: Migrate is installed, version 3.2.0
[Browser Console] Found 2 block instances on page
[22/104] ✅ Saved content to area-stampa/press-releases/2016/exenatide
[23/104] Starting https://www.astrazeneca.it/area-stampa/press-releases/2016/felodipina.html
[Browser Console] JQMIGRATE: Migrate is installed, version 3.2.0
[Browser Console] Found 2 block instances on page
[23/104] ✅ Saved content to area-stampa/press-releases/2016/felodipina
[24/104] Starting https://www.astrazeneca.it/area-stampa/press-releases/2016/fulvestrantESMO.html
[Browser Console] JQMIGRATE: Migrate is installed, version 3.2.0
[Browser Console] Found 2 block instances on page
[24/104] ✅ Saved content to area-stampa/press-releases/2016/fulvestrantesmo
[25/104] Starting https://www.astrazeneca.it/area-stampa/press-releases/2016/fulvestrant_esmo.html
[Browser Console] JQMIGRATE: Migrate is installed, version 3.2.0
[Browser Console] Found 2 block instances on page
[25/104] ✅ Saved content to area-stampa/press-releases/2016/fulvestrant-esmo
[26/104] Starting https://www.astrazeneca.it/area-stampa/press-releases/2016/incyte.html
[Browser Console] JQMIGRATE: Migrate is installed, version 3.2.0
[Browser Console] Found 2 block instances on page
[26/104] ✅ Saved content to area-stampa/press-releases/2016/incyte
[27/104] Starting https://www.astrazeneca.it/area-stampa/press-releases/2016/ironwwod.html
[Browser Console] JQMIGRATE: Migrate is installed, version 3.2.0
[Browser Console] Found 2 block instances on page
[27/104] ✅ Saved content to area-stampa/press-releases/2016/ironwwod
[28/104] Starting https://www.astrazeneca.it/area-stampa/press-releases/2016/lynparza-breakthroughTherapy.html
[Browser Console] JQMIGRATE: Migrate is installed, version 3.2.0
[Browser Console] Found 2 block instances on page
[28/104] ✅ Saved content to area-stampa/press-releases/2016/lynparza-breakthroughtherapy
[29/104] Starting https://www.astrazeneca.it/area-stampa/press-releases/2016/moderna_therapeutics.html
[Browser Console] JQMIGRATE: Migrate is installed, version 3.2.0
[Browser Console] Found 2 block instances on page
[29/104] ✅ Saved content to area-stampa/press-releases/2016/moderna-therapeutics
[30/104] Starting https://www.astrazeneca.it/area-stampa/press-releases/2016/olaparib_GOLD.html
[Browser Console] JQMIGRATE: Migrate is installed, version 3.2.0
[Browser Console] Found 2 block instances on page
[30/104] ✅ Saved content to area-stampa/press-releases/2016/olaparib-gold
[31/104] Starting https://www.astrazeneca.it/area-stampa/press-releases/2016/olaparibasco2016.html
[Browser Console] JQMIGRATE: Migrate is installed, version 3.2.0
[Browser Console] Found 2 block instances on page
[31/104] ✅ Saved content to area-stampa/press-releases/2016/olaparibasco2016
[32/104] Starting https://www.astrazeneca.it/area-stampa/press-releases/2016/olaparibsolo2.html
[Browser Console] JQMIGRATE: Migrate is installed, version 3.2.0
[Browser Console] Found 2 block instances on page
[32/104] ✅ Saved content to area-stampa/press-releases/2016/olaparibsolo2
[33/104] Starting https://www.astrazeneca.it/area-stampa/press-releases/2016/osimertinibasco2016.html
[Browser Console] JQMIGRATE: Migrate is installed, version 3.2.0
[Browser Console] Found 2 block instances on page
[33/104] ✅ Saved content to area-stampa/press-releases/2016/osimertinibasco2016
[34/104] Starting https://www.astrazeneca.it/area-stampa/press-releases/2016/ricerca_traslazionale.html
[Browser Console] JQMIGRATE: Migrate is installed, version 3.2.0
[Browser Console] Found 2 block instances on page
[34/104] ✅ Saved content to area-stampa/press-releases/2016/ricerca-traslazionale
[35/104] Starting https://www.astrazeneca.it/area-stampa/press-releases/2016/ricercagenomica.html
[Browser Console] JQMIGRATE: Migrate is installed, version 3.2.0
[Browser Console] Found 2 block instances on page
[35/104] ✅ Saved content to area-stampa/press-releases/2016/ricercagenomica
[36/104] Starting https://www.astrazeneca.it/area-stampa/press-releases/2016/risultati_Socrates.html
[Browser Console] JQMIGRATE: Migrate is installed, version 3.2.0
[Browser Console] Found 2 block instances on page
[36/104] ✅ Saved content to area-stampa/press-releases/2016/risultati-socrates
[37/104] Starting https://www.astrazeneca.it/area-stampa/press-releases/2016/secretomics.html
[Browser Console] JQMIGRATE: Migrate is installed, version 3.2.0
[Browser Console] Found 2 block instances on page
[37/104] ✅ Saved content to area-stampa/press-releases/2016/secretomics
[38/104] Starting https://www.astrazeneca.it/area-stampa/press-releases/2016/selumetinib.html
[Browser Console] JQMIGRATE: Migrate is installed, version 3.2.0
[Browser Console] Found 2 block instances on page
[38/104] ✅ Saved content to area-stampa/press-releases/2016/selumetinib
[39/104] Starting https://www.astrazeneca.it/area-stampa/press-releases/2016/selumetinib_farmacoorfano.html
[Browser Console] JQMIGRATE: Migrate is installed, version 3.2.0
[Browser Console] Found 2 block instances on page
[39/104] ✅ Saved content to area-stampa/press-releases/2016/selumetinib-farmacoorfano
[40/104] Starting https://www.astrazeneca.it/area-stampa/press-releases/2016/testBRCA.html
[Browser Console] JQMIGRATE: Migrate is installed, version 3.2.0
[Browser Console] Found 2 block instances on page
[40/104] ✅ Saved content to area-stampa/press-releases/2016/testbrca
[41/104] Starting https://www.astrazeneca.it/area-stampa/press-releases/2017/Cambridge_nuovasede.html
[Browser Console] JQMIGRATE: Migrate is installed, version 3.2.0
[Browser Console] Block "download-press" selector not found: .download-lockup
[Browser Console] Found 1 block instances on page
[41/104] ✅ Saved content to area-stampa/press-releases/2017/cambridge-nuovasede
[42/104] Starting https://www.astrazeneca.it/area-stampa/press-releases/2017/Durvalumab_EMA.html
[Browser Console] JQMIGRATE: Migrate is installed, version 3.2.0
[Browser Console] Block "download-press" selector not found: .download-lockup
[Browser Console] Found 1 block instances on page
[42/104] ✅ Saved content to area-stampa/press-releases/2017/durvalumab-ema
[43/104] Starting https://www.astrazeneca.it/area-stampa/press-releases/2017/GlobalDiabetesPolicyForum.html
[Browser Console] JQMIGRATE: Migrate is installed, version 3.2.0
[Browser Console] Block "download-press" selector not found: .download-lockup
[Browser Console] Found 1 block instances on page
[43/104] ✅ Saved content to area-stampa/press-releases/2017/globaldiabetespolicyforum
[44/104] Starting https://www.astrazeneca.it/area-stampa/press-releases/2017/MedImmune_SanofiPasteur_MEDI8897.html
[Browser Console] JQMIGRATE: Migrate is installed, version 3.2.0
[Browser Console] get data url from a base64 image (https://www.astrazeneca.it/area-stampa/press-releases/2017/MedImmune_SanofiPasteur_MEDI8897.html): InvalidCharacterError: Failed to execute 'atob' on 'Window': The string to be decoded is not correctly encoded.
    at _C.getDataUrlFromB64Img (<anonymous>:2:1876557)
    at <anonymous>:2:1892650
    at NodeList.forEach (<anonymous>)
    at u.storageHandler.preProcess (<anonymous>:2:1892424)
    at u.storageHandler.import (<anonymous>:2:1893650)
    at async jC (<anonymous>:2:1900296)
[Browser Console] Found 2 block instances on page
[44/104] ✅ Saved content to area-stampa/press-releases/2017/medimmune-sanofipasteur-medi8897
[45/104] Starting https://www.astrazeneca.it/area-stampa/press-releases/2017/Neuromieliteottica.html
[Browser Console] JQMIGRATE: Migrate is installed, version 3.2.0
[Browser Console] get data url from a base64 image (https://www.astrazeneca.it/area-stampa/press-releases/2017/Neuromieliteottica.html): InvalidCharacterError: Failed to execute 'atob' on 'Window': The string to be decoded is not correctly encoded.
    at _C.getDataUrlFromB64Img (<anonymous>:2:1876557)
    at <anonymous>:2:1892650
    at NodeList.forEach (<anonymous>)
    at u.storageHandler.preProcess (<anonymous>:2:1892424)
    at u.storageHandler.import (<anonymous>:2:1893650)
    at async jC (<anonymous>:2:1900296)
[Browser Console] Found 2 block instances on page
[45/104] ✅ Saved content to area-stampa/press-releases/2017/neuromieliteottica
[46/104] Starting https://www.astrazeneca.it/area-stampa/press-releases/2017/Olaparib_OlympiAD.html
[Browser Console] JQMIGRATE: Migrate is installed, version 3.2.0
[Browser Console] get data url from a base64 image (https://www.astrazeneca.it/area-stampa/press-releases/2017/Olaparib_OlympiAD.html): InvalidCharacterError: Failed to execute 'atob' on 'Window': The string to be decoded is not correctly encoded.
    at _C.getDataUrlFromB64Img (<anonymous>:2:1876557)
    at <anonymous>:2:1892650
    at NodeList.forEach (<anonymous>)
    at u.storageHandler.preProcess (<anonymous>:2:1892424)
    at u.storageHandler.import (<anonymous>:2:1893650)
    at async jC (<anonymous>:2:1900296)
[Browser Console] Found 2 block instances on page
[46/104] ✅ Saved content to area-stampa/press-releases/2017/olaparib-olympiad
[47/104] Starting https://www.astrazeneca.it/area-stampa/press-releases/2017/Olaparib_carcinomamammario_OlympiAD.html
[Browser Console] JQMIGRATE: Migrate is installed, version 3.2.0
[Browser Console] Block "download-press" selector not found: .download-lockup
[Browser Console] Found 1 block instances on page
[47/104] ✅ Saved content to area-stampa/press-releases/2017/olaparib-carcinomamammario-olympiad
[48/104] Starting https://www.astrazeneca.it/area-stampa/press-releases/2017/Olaparib_tumoreovarico_studioSOLO2.html
[Browser Console] JQMIGRATE: Migrate is installed, version 3.2.0
[Browser Console] Block "download-press" selector not found: .download-lockup
[Browser Console] Found 1 block instances on page
[48/104] ✅ Saved content to area-stampa/press-releases/2017/olaparib-tumoreovarico-studiosolo2
[49/104] Starting https://www.astrazeneca.it/area-stampa/press-releases/2017/Osimertinib_BTD.html
[Browser Console] JQMIGRATE: Migrate is installed, version 3.2.0
[Browser Console] Block "download-press" selector not found: .download-lockup
[Browser Console] Found 1 block instances on page
[49/104] ✅ Saved content to area-stampa/press-releases/2017/osimertinib-btd
[50/104] Starting https://www.astrazeneca.it/area-stampa/press-releases/2017/Patient Advocacy Network.html
[Browser Console] JQMIGRATE: Migrate is installed, version 3.2.0
[Browser Console] Block "download-press" selector not found: .download-lockup
[Browser Console] Found 1 block instances on page
[50/104] ✅ Saved content to area-stampa/press-releases/2017/patient-advocacy-network
[51/104] Starting https://www.astrazeneca.it/area-stampa/press-releases/2017/acalabrutinib.html
[Browser Console] JQMIGRATE: Migrate is installed, version 3.2.0
[Browser Console] Block "download-press" selector not found: .download-lockup
[Browser Console] Found 1 block instances on page
[51/104] ✅ Saved content to area-stampa/press-releases/2017/acalabrutinib
[52/104] Starting https://www.astrazeneca.it/area-stampa/press-releases/2017/benralizumab_ZONDA.html
[Browser Console] JQMIGRATE: Migrate is installed, version 3.2.0
[Browser Console] Block "download-press" selector not found: .download-lockup
[Browser Console] Found 1 block instances on page
[52/104] ✅ Saved content to area-stampa/press-releases/2017/benralizumab-zonda
[53/104] Starting https://www.astrazeneca.it/area-stampa/press-releases/2017/brodalumab.html
[Browser Console] JQMIGRATE: Migrate is installed, version 3.2.0
[Browser Console] get data url from a base64 image (https://www.astrazeneca.it/area-stampa/press-releases/2017/brodalumab.html): InvalidCharacterError: Failed to execute 'atob' on 'Window': The string to be decoded is not correctly encoded.
    at _C.getDataUrlFromB64Img (<anonymous>:2:1876557)
    at <anonymous>:2:1892650
    at NodeList.forEach (<anonymous>)
    at u.storageHandler.preProcess (<anonymous>:2:1892424)
    at u.storageHandler.import (<anonymous>:2:1893650)
    at async jC (<anonymous>:2:1900296)
[Browser Console] Found 2 block instances on page
[53/104] ✅ Saved content to area-stampa/press-releases/2017/brodalumab
[54/104] Starting https://www.astrazeneca.it/area-stampa/press-releases/2017/dapagliflozin_ADA.html
[Browser Console] JQMIGRATE: Migrate is installed, version 3.2.0
[Browser Console] Block "download-press" selector not found: .download-lockup
[Browser Console] Found 1 block instances on page
[54/104] ✅ Saved content to area-stampa/press-releases/2017/dapagliflozin-ada
[55/104] Starting https://www.astrazeneca.it/area-stampa/press-releases/2017/diabete_dapagliflozin_saxagliptin.html
[Browser Console] JQMIGRATE: Migrate is installed, version 3.2.0
[Browser Console] get data url from a base64 image (https://www.astrazeneca.it/area-stampa/press-releases/2017/diabete_dapagliflozin_saxagliptin.html): InvalidCharacterError: Failed to execute 'atob' on 'Window': The string to be decoded is not correctly encoded.
    at _C.getDataUrlFromB64Img (<anonymous>:2:1876557)
    at <anonymous>:2:1892650
    at NodeList.forEach (<anonymous>)
    at u.storageHandler.preProcess (<anonymous>:2:1892424)
    at u.storageHandler.import (<anonymous>:2:1893650)
    at async jC (<anonymous>:2:1900296)
[Browser Console] Found 2 block instances on page
[55/104] ✅ Saved content to area-stampa/press-releases/2017/diabete-dapagliflozin-saxagliptin
[56/104] Starting https://www.astrazeneca.it/area-stampa/press-releases/2017/durvalumab_StudioPACIFIC.html
[Browser Console] JQMIGRATE: Migrate is installed, version 3.2.0
[Browser Console] Block "download-press" selector not found: .download-lockup
[Browser Console] Found 1 block instances on page
[56/104] ✅ Saved content to area-stampa/press-releases/2017/durvalumab-studiopacific
[57/104] Starting https://www.astrazeneca.it/area-stampa/press-releases/2017/durvalumab_approvazioneFDA.html
[Browser Console] JQMIGRATE: Migrate is installed, version 3.2.0
[Browser Console] Block "download-press" selector not found: .download-lockup
[Browser Console] Found 1 block instances on page
[57/104] ✅ Saved content to area-stampa/press-releases/2017/durvalumab-approvazionefda
[58/104] Starting https://www.astrazeneca.it/area-stampa/press-releases/2017/exenatide_studioEXSCEL.html
[Browser Console] JQMIGRATE: Migrate is installed, version 3.2.0
[Browser Console] Block "download-press" selector not found: .download-lockup
[Browser Console] Found 1 block instances on page
[58/104] ✅ Saved content to area-stampa/press-releases/2017/exenatide-studioexscel
[59/104] Starting https://www.astrazeneca.it/area-stampa/press-releases/2017/goserelin.html
[Browser Console] JQMIGRATE: Migrate is installed, version 3.2.0
[Browser Console] get data url from a base64 image (https://www.astrazeneca.it/area-stampa/press-releases/2017/goserelin.html): InvalidCharacterError: Failed to execute 'atob' on 'Window': The string to be decoded is not correctly encoded.
    at _C.getDataUrlFromB64Img (<anonymous>:2:1876557)
    at <anonymous>:2:1892650
    at NodeList.forEach (<anonymous>)
    at u.storageHandler.preProcess (<anonymous>:2:1892424)
    at u.storageHandler.import (<anonymous>:2:1893650)
    at async jC (<anonymous>:2:1900296)
[Browser Console] Found 2 block instances on page
[59/104] ✅ Saved content to area-stampa/press-releases/2017/goserelin
[60/104] Starting https://www.astrazeneca.it/area-stampa/press-releases/2017/immunoncologia.html
[Browser Console] JQMIGRATE: Migrate is installed, version 3.2.0
[Browser Console] Found 2 block instances on page
[60/104] ✅ Saved content to area-stampa/press-releases/2017/immunoncologia
[61/104] Starting https://www.astrazeneca.it/area-stampa/press-releases/2017/linfoma_mantellare.html
[Browser Console] JQMIGRATE: Migrate is installed, version 3.2.0
[Browser Console] Block "download-press" selector not found: .download-lockup
[Browser Console] Found 1 block instances on page
[61/104] ✅ Saved content to area-stampa/press-releases/2017/linfoma-mantellare
[62/104] Starting https://www.astrazeneca.it/area-stampa/press-releases/2017/osimertinib_tumorealpolmone_AURA3.html
[Browser Console] JQMIGRATE: Migrate is installed, version 3.2.0
[Browser Console] Block "download-press" selector not found: .download-lockup
[Browser Console] Found 1 block instances on page
[62/104] ✅ Saved content to area-stampa/press-releases/2017/osimertinib-tumorealpolmone-aura3
[63/104] Starting https://www.astrazeneca.it/area-stampa/press-releases/2018/AA.html
[Browser Console] JQMIGRATE: Migrate is installed, version 3.2.0
[Browser Console] Found 2 block instances on page
[63/104] ✅ Saved content to area-stampa/press-releases/2018/aa
[64/104] Starting https://www.astrazeneca.it/area-stampa/press-releases/2018/ACALABRUTINIB_LLC_ASCEND.html
[Browser Console] JQMIGRATE: Migrate is installed, version 3.2.0
[Browser Console] Found 2 block instances on page
[64/104] ✅ Saved content to area-stampa/press-releases/2018/acalabrutinib-llc-ascend
[65/104] Starting https://www.astrazeneca.it/area-stampa/press-releases/2018/AHA_2018.html
[Browser Console] JQMIGRATE: Migrate is installed, version 3.2.0
[Browser Console] Found 2 block instances on page
[65/104] ✅ Saved content to area-stampa/press-releases/2018/aha-2018
[66/104] Starting https://www.astrazeneca.it/area-stampa/press-releases/2018/ASTRAZENECA_COVID-19.html
[Browser Console] JQMIGRATE: Migrate is installed, version 3.2.0
[Browser Console] Found 2 block instances on page
[66/104] ✅ Saved content to area-stampa/press-releases/2018/astrazeneca-covid-19
[67/104] Starting https://www.astrazeneca.it/area-stampa/press-releases/2018/ASTRAZENECA_VACCINO_COVID-19.html
[Browser Console] JQMIGRATE: Migrate is installed, version 3.2.0
[Browser Console] Found 2 block instances on page
[67/104] ✅ Saved content to area-stampa/press-releases/2018/astrazeneca-vaccino-covid-19
[68/104] Starting https://www.astrazeneca.it/area-stampa/press-releases/2018/BENRALIZUMAB_CHMP_AUTOSOMMINISTRAZIONE.html
[Browser Console] JQMIGRATE: Migrate is installed, version 3.2.0
[Browser Console] Found 2 block instances on page
[68/104] ✅ Saved content to area-stampa/press-releases/2018/benralizumab-chmp-autosomministrazione
[69/104] Starting https://www.astrazeneca.it/area-stampa/press-releases/2018/BENRALIZUMAB_PONENTE.html
[Browser Console] JQMIGRATE: Migrate is installed, version 3.2.0
[Browser Console] Found 2 block instances on page
[69/104] ✅ Saved content to area-stampa/press-releases/2018/benralizumab-ponente
[70/104] Starting https://www.astrazeneca.it/area-stampa/press-releases/2018/Benralizumab_BORA_ERS.html
[Browser Console] JQMIGRATE: Migrate is installed, version 3.2.0
[Browser Console] Found 2 block instances on page
[70/104] ✅ Saved content to area-stampa/press-releases/2018/benralizumab-bora-ers
[71/104] Starting https://www.astrazeneca.it/area-stampa/press-releases/2018/DAPAGLIFLOZIN_CHMP_DECLARE_CVDATA.html
[Browser Console] JQMIGRATE: Migrate is installed, version 3.2.0
[Browser Console] Found 2 block instances on page
[71/104] ✅ Saved content to area-stampa/press-releases/2018/dapagliflozin-chmp-declare-cvdata
[72/104] Starting https://www.astrazeneca.it/area-stampa/press-releases/2018/DAPAGLIFLOZIN_DAPA-CKD_ESC.html
[Browser Console] JQMIGRATE: Migrate is installed, version 3.2.0
[Browser Console] Found 2 block instances on page
[72/104] ✅ Saved content to area-stampa/press-releases/2018/dapagliflozin-dapa-ckd-esc
[73/104] Starting https://www.astrazeneca.it/area-stampa/press-releases/2018/DAPAGLIFLOZIN_DAPA-HF_ESC2019.html
[Browser Console] JQMIGRATE: Migrate is installed, version 3.2.0
[Browser Console] Found 2 block instances on page
[73/104] ✅ Saved content to area-stampa/press-releases/2018/dapagliflozin-dapa-hf-esc2019
[74/104] Starting https://www.astrazeneca.it/area-stampa/press-releases/2018/DAPAGLIFLOZIN_DAPACKD_ACC.html
[Browser Console] JQMIGRATE: Migrate is installed, version 3.2.0
[Browser Console] Found 2 block instances on page
[74/104] ✅ Saved content to area-stampa/press-releases/2018/dapagliflozin-dapackd-acc
[75/104] Starting https://www.astrazeneca.it/area-stampa/press-releases/2018/DAPAGLIFLOZIN_DECLARE_renaldata.html
[Browser Console] JQMIGRATE: Migrate is installed, version 3.2.0
[Browser Console] Found 2 block instances on page
[75/104] ✅ Saved content to area-stampa/press-releases/2018/dapagliflozin-declare-renaldata
[76/104] Starting https://www.astrazeneca.it/area-stampa/press-releases/2018/DURVALUMAB_CASPIAN_IASLC.html
[Browser Console] JQMIGRATE: Migrate is installed, version 3.2.0
[Browser Console] Found 2 block instances on page
[76/104] ✅ Saved content to area-stampa/press-releases/2018/durvalumab-caspian-iaslc
[77/104] Starting https://www.astrazeneca.it/area-stampa/press-releases/2018/DURVALUMAB_OK_UE_SCLC.html
[Browser Console] JQMIGRATE: Migrate is installed, version 3.2.0
[Browser Console] Found 2 block instances on page
[77/104] ✅ Saved content to area-stampa/press-releases/2018/durvalumab-ok-ue-sclc
[78/104] Starting https://www.astrazeneca.it/area-stampa/press-releases/2018/DURVALUMAB_PACIFIC_ESMO.html
[Browser Console] JQMIGRATE: Migrate is installed, version 3.2.0
[Browser Console] Found 2 block instances on page
[78/104] ✅ Saved content to area-stampa/press-releases/2018/durvalumab-pacific-esmo
[79/104] Starting https://www.astrazeneca.it/area-stampa/press-releases/2018/DURVALUMAB_TumorePolmone.html
[Browser Console] JQMIGRATE: Migrate is installed, version 3.2.0
[Browser Console] Found 2 block instances on page
[79/104] ✅ Saved content to area-stampa/press-releases/2018/durvalumab-tumorepolmone
[80/104] Starting https://www.astrazeneca.it/area-stampa/press-releases/2018/Dapaglifozin__DECLARE_top_line.html
[Browser Console] JQMIGRATE: Migrate is installed, version 3.2.0
[Browser Console] Found 2 block instances on page
[80/104] ✅ Saved content to area-stampa/press-releases/2018/dapaglifozin-declare-top-line
[81/104] Starting https://www.astrazeneca.it/area-stampa/press-releases/2018/Durvalumab_parerepositivoCHMP.html
[Browser Console] JQMIGRATE: Migrate is installed, version 3.2.0
[Browser Console] Block "download-press" selector not found: .download-lockup
[Browser Console] Found 1 block instances on page
[81/104] ✅ Saved content to area-stampa/press-releases/2018/durvalumab-parerepositivochmp
[82/104] Starting https://www.astrazeneca.it/area-stampa/press-releases/2018/LUNG_AMBITION_ALLIANCE.html
[Browser Console] JQMIGRATE: Migrate is installed, version 3.2.0
[Browser Console] Found 2 block instances on page
[82/104] ✅ Saved content to area-stampa/press-releases/2018/lung-ambition-alliance
[83/104] Starting https://www.astrazeneca.it/area-stampa/press-releases/2018/NOTASTAMPA_DATI_INGLESI_RWE.html
[Browser Console] JQMIGRATE: Migrate is installed, version 3.2.0
[Browser Console] Found 2 block instances on page
[83/104] ✅ Saved content to area-stampa/press-releases/2018/notastampa-dati-inglesi-rwe
[84/104] Starting https://www.astrazeneca.it/area-stampa/press-releases/2018/NOVELSTART.html
[Browser Console] JQMIGRATE: Migrate is installed, version 3.2.0
[Browser Console] Found 2 block instances on page
[84/104] ✅ Saved content to area-stampa/press-releases/2018/novelstart
[85/104] Starting https://www.astrazeneca.it/area-stampa/press-releases/2018/Nomina_Chiara_Gargiulo_VP_RIA.html
[Browser Console] JQMIGRATE: Migrate is installed, version 3.2.0
[Browser Console] Found 2 block instances on page
[85/104] ✅ Saved content to area-stampa/press-releases/2018/nomina-chiara-gargiulo-vp-ria
[86/104] Starting https://www.astrazeneca.it/area-stampa/press-releases/2018/OLAPARIB_OVAIO_SOLOI_APPROVAZIONEEU.html
[Browser Console] JQMIGRATE: Migrate is installed, version 3.2.0
[Browser Console] Found 2 block instances on page
[86/104] ✅ Saved content to area-stampa/press-releases/2018/olaparib-ovaio-soloi-approvazioneeu
[87/104] Starting https://www.astrazeneca.it/area-stampa/press-releases/2018/OLAPARIB_PAOLAI_APPROVAZIONEEU.html
[Browser Console] JQMIGRATE: Migrate is installed, version 3.2.0
[Browser Console] Found 2 block instances on page
[87/104] ✅ Saved content to area-stampa/press-releases/2018/olaparib-paolai-approvazioneeu
[88/104] Starting https://www.astrazeneca.it/area-stampa/press-releases/2018/OLAPARIB_PROFUND_APPROVAZIONEEU.html
[Browser Console] JQMIGRATE: Migrate is installed, version 3.2.0
[Browser Console] Found 2 block instances on page
[88/104] ✅ Saved content to area-stampa/press-releases/2018/olaparib-profund-approvazioneeu
[89/104] Starting https://www.astrazeneca.it/area-stampa/press-releases/2018/OLAPARIB_PSP_AZ-MSD.html
[Browser Console] JQMIGRATE: Migrate is installed, version 3.2.0
[Browser Console] Found 2 block instances on page
[89/104] ✅ Saved content to area-stampa/press-releases/2018/olaparib-psp-az-msd
[90/104] Starting https://www.astrazeneca.it/area-stampa/press-releases/2018/OLAPARIB_SENO_OVAIO_RIMBORSABILITA.html
[Browser Console] JQMIGRATE: Migrate is installed, version 3.2.0
[Browser Console] Found 2 block instances on page
[90/104] ✅ Saved content to area-stampa/press-releases/2018/olaparib-seno-ovaio-rimborsabilita
[91/104] Starting https://www.astrazeneca.it/area-stampa/press-releases/2018/OLAPARIB_TumorePancreas.html
[Browser Console] JQMIGRATE: Migrate is installed, version 3.2.0
[Browser Console] Found 2 block instances on page
[91/104] ✅ Saved content to area-stampa/press-releases/2018/olaparib-tumorepancreas
[92/104] Starting https://www.astrazeneca.it/area-stampa/press-releases/2018/OSIMERTINIB_RIMBORSABILITA_1LINEA.html
[Browser Console] JQMIGRATE: Migrate is installed, version 3.2.0
[Browser Console] Found 2 block instances on page
[92/104] ✅ Saved content to area-stampa/press-releases/2018/osimertinib-rimborsabilita-1linea
[93/104] Starting https://www.astrazeneca.it/area-stampa/press-releases/2018/Osimertinib_Eu.html
[Browser Console] JQMIGRATE: Migrate is installed, version 3.2.0
[Browser Console] Block "download-press" selector not found: .download-lockup
[Browser Console] Found 1 block instances on page
[93/104] ✅ Saved content to area-stampa/press-releases/2018/osimertinib-eu
[94/104] Starting https://www.astrazeneca.it/area-stampa/press-releases/2018/PACIFIC_OS_WCLC.html
[Browser Console] JQMIGRATE: Migrate is installed, version 3.2.0
[Browser Console] Found 2 block instances on page
[94/104] ✅ Saved content to area-stampa/press-releases/2018/pacific-os-wclc
[95/104] Starting https://www.astrazeneca.it/area-stampa/press-releases/2018/PENNABENRALIZUMAB_DISPONIBILITAITALIA.html
[Browser Console] JQMIGRATE: Migrate is installed, version 3.2.0
[Browser Console] Found 2 block instances on page
[95/104] ✅ Saved content to area-stampa/press-releases/2018/pennabenralizumab-disponibilitaitalia
[96/104] Starting https://www.astrazeneca.it/area-stampa/press-releases/2018/TICAGRELOR_THEMIS_ESC2019.html
[Browser Console] JQMIGRATE: Migrate is installed, version 3.2.0
[Browser Console] Found 2 block instances on page
[96/104] ✅ Saved content to area-stampa/press-releases/2018/ticagrelor-themis-esc2019
[97/104] Starting https://www.astrazeneca.it/area-stampa/press-releases/2018/campagnaioscelgodisapere.html
[Browser Console] JQMIGRATE: Migrate is installed, version 3.2.0
[Browser Console] Found 2 block instances on page
[97/104] ✅ Saved content to area-stampa/press-releases/2018/campagnaioscelgodisapere
[98/104] Starting https://www.astrazeneca.it/area-stampa/press-releases/2018/durvalumab.html
[Browser Console] JQMIGRATE: Migrate is installed, version 3.2.0
[Browser Console] Block "download-press" selector not found: .download-lockup
[Browser Console] Found 1 block instances on page
[98/104] ✅ Saved content to area-stampa/press-releases/2018/durvalumab
[99/104] Starting https://www.astrazeneca.it/area-stampa/press-releases/2018/durvalumabPACIFICOS.html
[Browser Console] JQMIGRATE: Migrate is installed, version 3.2.0
[Browser Console] Found 2 block instances on page
[99/104] ✅ Saved content to area-stampa/press-releases/2018/durvalumabpacificos
[100/104] Starting https://www.astrazeneca.it/area-stampa/press-releases/2018/osimertinib_tumorealpolmone_AURA3.html
[Browser Console] JQMIGRATE: Migrate is installed, version 3.2.0
[Browser Console] Block "download-press" selector not found: .download-lockup
[Browser Console] Found 1 block instances on page
[100/104] ✅ Saved content to area-stampa/press-releases/2018/osimertinib-tumorealpolmone-aura3
[101/104] Starting https://www.astrazeneca.it/area-stampa/press-releases/2018/patientadvocacynetwork2018.html
[Browser Console] JQMIGRATE: Migrate is installed, version 3.2.0
[Browser Console] Found 2 block instances on page
[101/104] ✅ Saved content to area-stampa/press-releases/2018/patientadvocacynetwork2018
[102/104] Starting https://www.astrazeneca.it/area-stampa/press-releases/2018/studiocvdreal.html
[Browser Console] JQMIGRATE: Migrate is installed, version 3.2.0
[Browser Console] Block "download-press" selector not found: .download-lockup
[Browser Console] Found 1 block instances on page
[102/104] ✅ Saved content to area-stampa/press-releases/2018/studiocvdreal
[103/104] Starting https://www.astrazeneca.it/area-stampa/press-releases/2018/ticagrelor.html
[Browser Console] JQMIGRATE: Migrate is installed, version 3.2.0
[Browser Console] Block "download-press" selector not found: .download-lockup
[Browser Console] Found 1 block instances on page
[103/104] ✅ Saved content to area-stampa/press-releases/2018/ticagrelor
[104/104] Starting https://www.astrazeneca.it/area-stampa/press-releases/2018/trialsygma.html
[Browser Console] JQMIGRATE: Migrate is installed, version 3.2.0
[Browser Console] Found 2 block instances on page
[104/104] ✅ Saved content to area-stampa/press-releases/2018/trialsygma
[Bulk Import] Completed. Success: 104/104, Failures: 0
[Excel Export] Found 104 report file(s). Compiling to Excel...
[Excel Export] ✅ Compiled 104 reports to: /workspace/tools/importer/reports/import-press-release.report.xlsx
