=========================================
STEP 1: RE-IMPORT 22 TABLE PAGES
=========================================
[Bulk Import] Starting run with:
[1/22] ✅ Saved content to area-stampa/press-releases/2016/pfizer
[2/22] ✅ Saved content to area-stampa/press-releases/2016/accordoaspen
[3/22] ✅ Saved content to area-stampa/press-releases/2016/durvalumabesmo
[4/22] ✅ Saved content to area-stampa/press-releases/2016/osimertinib-ce
[5/22] ✅ Saved content to area-stampa/press-releases/2017/flaura-tumore-al-polmone1
[6/22] ✅ Saved content to area-stampa/press-releases/2017/olaparib-brca-solo2
[7/22] ✅ Saved content to area-stampa/press-releases/2017/pacific-tumore-al-polmone
[8/22] ✅ Saved content to area-stampa/press-releases/2017/acalabrutinib
[9/22] ✅ Saved content to area-stampa/press-releases/2017/durvalumab-approvazionefda
[10/22] ✅ Saved content to area-stampa/press-releases/2018/acalabrutinib-elevatetn-ash
[11/22] ✅ Saved content to area-stampa/press-releases/2018/acalabrutinib-llc-ascend
[12/22] ✅ Saved content to area-stampa/press-releases/2018/acalabrutinib-llc-eha
[13/22] ✅ Saved content to area-stampa/press-releases/2018/budesonide-glicopirronio-formoterolo-ethos-bpco
[14/22] ✅ Saved content to area-stampa/press-releases/2018/durvalumab-caspian-iaslc
[15/22] ✅ Saved content to area-stampa/press-releases/2018/durvalumab-caspian-sclc-asco
[16/22] ✅ Saved content to area-stampa/press-releases/2018/olaparib-paola-esmo2019
[17/22] ✅ Saved content to area-stampa/press-releases/2018/olaparib-profound-esmo
[18/22] ✅ Saved content to area-stampa/press-releases/2018/olaparib-profound-prostata-esmo2019
[19/22] ✅ Saved content to area-stampa/press-releases/2018/olaparib-solo-1-esmo
[20/22] ✅ Saved content to area-stampa/press-releases/2018/osimertinib-nsclc-adaura-asco
[21/22] ✅ Saved content to area-stampa/press-releases/2016/durvalumab
[22/22] ✅ Saved content to area-stampa/press-releases/2018/durvalumab
[Bulk Import] Completed. Success: 22/22, Failures: 0
[Excel Export] ✅ Compiled 171 reports to: /workspace/tools/importer/reports/import-press-release.report.xlsx

=========================================
STEP 2: UPLOAD + PREVIEW + PUBLISH
=========================================
✅ [1] pfizer
✅ [2] accordoaspen
✅ [3] durvalumabesmo
✅ [4] osimertinib-ce
✅ [5] flaura-tumore-al-polmone1
✅ [6] olaparib-brca-solo2
✅ [7] pacific-tumore-al-polmone
✅ [8] acalabrutinib
✅ [9] durvalumab-approvazionefda
✅ [10] acalabrutinib-elevatetn-ash
✅ [11] acalabrutinib-llc-ascend
✅ [12] acalabrutinib-llc-eha
✅ [13] budesonide-glicopirronio-formoterolo-ethos-bpco
✅ [14] durvalumab-caspian-iaslc
✅ [15] durvalumab-caspian-sclc-asco
✅ [16] olaparib-paola-esmo2019
✅ [17] olaparib-profound-esmo
✅ [18] olaparib-profound-prostata-esmo2019
✅ [19] olaparib-solo-1-esmo
✅ [20] osimertinib-nsclc-adaura-asco
✅ [21] durvalumab
✅ [22] durvalumab

=========================================
COMPLETE: Success=22, Failed=0
=========================================
