/workspace/tools/importer/scan-content.sh: line 21: [: 0
0: integer expression expected
/workspace/tools/importer/scan-content.sh: line 28: [: 0
0: integer expression expected
/workspace/tools/importer/scan-content.sh: line 35: [: 0
0: integer expression expected
/workspace/tools/importer/scan-content.sh: line 42: [: 0
0: integer expression expected
/workspace/tools/importer/scan-content.sh: line 49: [: 0
0: integer expression expected
[1/171] CAZ-AVI-CHMP - tables:0
0
/workspace/tools/importer/scan-content.sh: line 21: [: 0
0: integer expression expected
/workspace/tools/importer/scan-content.sh: line 28: [: 0
0: integer expression expected
/workspace/tools/importer/scan-content.sh: line 35: [: 0
0: integer expression expected
/workspace/tools/importer/scan-content.sh: line 42: [: 0
0: integer expression expected
/workspace/tools/importer/scan-content.sh: line 49: [: 0
0: integer expression expected
[2/171] ECCMID-2016 - tables:0
0
/workspace/tools/importer/scan-content.sh: line 21: [: 0
0: integer expression expected
/workspace/tools/importer/scan-content.sh: line 28: [: 0
0: integer expression expected
/workspace/tools/importer/scan-content.sh: line 35: [: 0
0: integer expression expected
/workspace/tools/importer/scan-content.sh: line 42: [: 0
0: integer expression expected
/workspace/tools/importer/scan-content.sh: line 49: [: 0
0: integer expression expected
[3/171] FDA-glicopirrolato - tables:0
0
/workspace/tools/importer/scan-content.sh: line 21: [: 0
0: integer expression expected
/workspace/tools/importer/scan-content.sh: line 28: [: 0
0: integer expression expected
/workspace/tools/importer/scan-content.sh: line 35: [: 0
0: integer expression expected
/workspace/tools/importer/scan-content.sh: line 42: [: 0
0: integer expression expected
/workspace/tools/importer/scan-content.sh: line 49: [: 0
0: integer expression expected
[4/171] Fulvestrant_FALCON - tables:0
0
/workspace/tools/importer/scan-content.sh: line 21: [: 0
0: integer expression expected
/workspace/tools/importer/scan-content.sh: line 28: [: 0
0: integer expression expected
/workspace/tools/importer/scan-content.sh: line 35: [: 0
0: integer expression expected
/workspace/tools/importer/scan-content.sh: line 42: [: 0
0: integer expression expected
/workspace/tools/importer/scan-content.sh: line 49: [: 0
0: integer expression expected
[5/171] Linee-guida-ACC-AHA-ticagrelor - tables:0
0
/workspace/tools/importer/scan-content.sh: line 21: [: 0
0: integer expression expected
/workspace/tools/importer/scan-content.sh: line 28: [: 0
0: integer expression expected
/workspace/tools/importer/scan-content.sh: line 35: [: 0
0: integer expression expected
/workspace/tools/importer/scan-content.sh: line 42: [: 0
0: integer expression expected
/workspace/tools/importer/scan-content.sh: line 49: [: 0
0: integer expression expected
[6/171] MEDI551_Orphan_Drug - tables:0
0
/workspace/tools/importer/scan-content.sh: line 21: [: 0
0: integer expression expected
/workspace/tools/importer/scan-content.sh: line 28: [: 0
0: integer expression expected
/workspace/tools/importer/scan-content.sh: line 35: [: 0
0: integer expression expected
/workspace/tools/importer/scan-content.sh: line 42: [: 0
0: integer expression expected
/workspace/tools/importer/scan-content.sh: line 49: [: 0
0: integer expression expected
[7/171] MEDI8852_FDA_Fast_Track - tables:0
0
/workspace/tools/importer/scan-content.sh: line 21: [: 0
0: integer expression expected
/workspace/tools/importer/scan-content.sh: line 28: [: 0
0: integer expression expected
/workspace/tools/importer/scan-content.sh: line 35: [: 0
0: integer expression expected
/workspace/tools/importer/scan-content.sh: line 42: [: 0
0: integer expression expected
/workspace/tools/importer/scan-content.sh: line 49: [: 0
0: integer expression expected
[8/171] PLAIV_CHMP - tables:0
0
/workspace/tools/importer/scan-content.sh: line 28: [: 0
0: integer expression expected
/workspace/tools/importer/scan-content.sh: line 35: [: 0
0: integer expression expected
/workspace/tools/importer/scan-content.sh: line 42: [: 0
0: integer expression expected
/workspace/tools/importer/scan-content.sh: line 49: [: 0
0: integer expression expected
[9/171] Pfizer - tables:1
/workspace/tools/importer/scan-content.sh: line 21: [: 0
0: integer expression expected
/workspace/tools/importer/scan-content.sh: line 28: [: 0
0: integer expression expected
/workspace/tools/importer/scan-content.sh: line 35: [: 0
0: integer expression expected
/workspace/tools/importer/scan-content.sh: line 42: [: 0
0: integer expression expected
/workspace/tools/importer/scan-content.sh: line 49: [: 0
0: integer expression expected
[10/171] Saxa-dapa-CHMP - tables:0
0
/workspace/tools/importer/scan-content.sh: line 21: [: 0
0: integer expression expected
/workspace/tools/importer/scan-content.sh: line 28: [: 0
0: integer expression expected
/workspace/tools/importer/scan-content.sh: line 35: [: 0
0: integer expression expected
/workspace/tools/importer/scan-content.sh: line 42: [: 0
0: integer expression expected
/workspace/tools/importer/scan-content.sh: line 49: [: 0
0: integer expression expected
[11/171] Top_Employer - tables:0
0
/workspace/tools/importer/scan-content.sh: line 21: [: 0
0: integer expression expected
/workspace/tools/importer/scan-content.sh: line 28: [: 0
0: integer expression expected
/workspace/tools/importer/scan-content.sh: line 35: [: 0
0: integer expression expected
/workspace/tools/importer/scan-content.sh: line 42: [: 0
0: integer expression expected
/workspace/tools/importer/scan-content.sh: line 49: [: 0
0: integer expression expected
[12/171] Voluntis - tables:0
0
/workspace/tools/importer/scan-content.sh: line 21: [: 0
0: integer expression expected
/workspace/tools/importer/scan-content.sh: line 28: [: 0
0: integer expression expected
/workspace/tools/importer/scan-content.sh: line 35: [: 0
0: integer expression expected
/workspace/tools/importer/scan-content.sh: line 42: [: 0
0: integer expression expected
/workspace/tools/importer/scan-content.sh: line 49: [: 0
0: integer expression expected
[13/171] acalabrutinib_EMA - tables:0
0
/workspace/tools/importer/scan-content.sh: line 21: [: 0
0: integer expression expected
/workspace/tools/importer/scan-content.sh: line 28: [: 0
0: integer expression expected
/workspace/tools/importer/scan-content.sh: line 35: [: 0
0: integer expression expected
/workspace/tools/importer/scan-content.sh: line 42: [: 0
0: integer expression expected
/workspace/tools/importer/scan-content.sh: line 49: [: 0
0: integer expression expected
[14/171] accordo_Cilag - tables:0
0
/workspace/tools/importer/scan-content.sh: line 28: [: 0
0: integer expression expected
/workspace/tools/importer/scan-content.sh: line 35: [: 0
0: integer expression expected
/workspace/tools/importer/scan-content.sh: line 42: [: 0
0: integer expression expected
/workspace/tools/importer/scan-content.sh: line 49: [: 0
0: integer expression expected
[15/171] accordoaspen - tables:1
/workspace/tools/importer/scan-content.sh: line 21: [: 0
0: integer expression expected
/workspace/tools/importer/scan-content.sh: line 28: [: 0
0: integer expression expected
/workspace/tools/importer/scan-content.sh: line 35: [: 0
0: integer expression expected
/workspace/tools/importer/scan-content.sh: line 42: [: 0
0: integer expression expected
/workspace/tools/importer/scan-content.sh: line 49: [: 0
0: integer expression expected
[16/171] accordoolaparivconFMI - tables:0
0
/workspace/tools/importer/scan-content.sh: line 21: [: 0
0: integer expression expected
/workspace/tools/importer/scan-content.sh: line 28: [: 0
0: integer expression expected
/workspace/tools/importer/scan-content.sh: line 35: [: 0
0: integer expression expected
/workspace/tools/importer/scan-content.sh: line 42: [: 0
0: integer expression expected
/workspace/tools/importer/scan-content.sh: line 49: [: 0
0: integer expression expected
[17/171] acerta_pharma - tables:0
0
/workspace/tools/importer/scan-content.sh: line 21: [: 0
0: integer expression expected
/workspace/tools/importer/scan-content.sh: line 28: [: 0
0: integer expression expected
/workspace/tools/importer/scan-content.sh: line 35: [: 0
0: integer expression expected
/workspace/tools/importer/scan-content.sh: line 42: [: 0
0: integer expression expected
/workspace/tools/importer/scan-content.sh: line 49: [: 0
0: integer expression expected
[18/171] allergan - tables:0
0
/workspace/tools/importer/scan-content.sh: line 21: [: 0
0: integer expression expected
/workspace/tools/importer/scan-content.sh: line 28: [: 0
0: integer expression expected
/workspace/tools/importer/scan-content.sh: line 35: [: 0
0: integer expression expected
/workspace/tools/importer/scan-content.sh: line 42: [: 0
0: integer expression expected
/workspace/tools/importer/scan-content.sh: line 49: [: 0
0: integer expression expected
[19/171] aralez - tables:0
0
/workspace/tools/importer/scan-content.sh: line 21: [: 0
0: integer expression expected
/workspace/tools/importer/scan-content.sh: line 28: [: 0
0: integer expression expected
/workspace/tools/importer/scan-content.sh: line 35: [: 0
0: integer expression expected
/workspace/tools/importer/scan-content.sh: line 42: [: 0
0: integer expression expected
/workspace/tools/importer/scan-content.sh: line 49: [: 0
0: integer expression expected
[20/171] astraZeneca-stipula-due-accordi-di-licenza-con-leo-pharmap-er-il-trattamento-delle-malattie-cutanee - tables:0
0
/workspace/tools/importer/scan-content.sh: line 21: [: 0
0: integer expression expected
/workspace/tools/importer/scan-content.sh: line 28: [: 0
0: integer expression expected
/workspace/tools/importer/scan-content.sh: line 35: [: 0
0: integer expression expected
/workspace/tools/importer/scan-content.sh: line 42: [: 0
0: integer expression expected
/workspace/tools/importer/scan-content.sh: line 49: [: 0
0: integer expression expected
[21/171] benralizumabERS - tables:0
0
/workspace/tools/importer/scan-content.sh: line 21: [: 0
0: integer expression expected
/workspace/tools/importer/scan-content.sh: line 28: [: 0
0: integer expression expected
/workspace/tools/importer/scan-content.sh: line 35: [: 0
0: integer expression expected
/workspace/tools/importer/scan-content.sh: line 42: [: 0
0: integer expression expected
/workspace/tools/importer/scan-content.sh: line 49: [: 0
0: integer expression expected
[22/171] benralizumab_sirocco_calima - tables:0
0
/workspace/tools/importer/scan-content.sh: line 21: [: 0
0: integer expression expected
/workspace/tools/importer/scan-content.sh: line 28: [: 0
0: integer expression expected
/workspace/tools/importer/scan-content.sh: line 35: [: 0
0: integer expression expected
/workspace/tools/importer/scan-content.sh: line 42: [: 0
0: integer expression expected
/workspace/tools/importer/scan-content.sh: line 49: [: 0
0: integer expression expected
[23/171] cediranib - tables:0
0
/workspace/tools/importer/scan-content.sh: line 21: [: 0
0: integer expression expected
/workspace/tools/importer/scan-content.sh: line 28: [: 0
0: integer expression expected
/workspace/tools/importer/scan-content.sh: line 35: [: 0
0: integer expression expected
/workspace/tools/importer/scan-content.sh: line 42: [: 0
0: integer expression expected
/workspace/tools/importer/scan-content.sh: line 49: [: 0
0: integer expression expected
[24/171] ceftazidime-avibactam-approvato-nell-unione-europea-per-il-trattamento-dei-pazienti-con-gravi-infezioni-batteriche - tables:0
0
/workspace/tools/importer/scan-content.sh: line 21: [: 0
0: integer expression expected
/workspace/tools/importer/scan-content.sh: line 28: [: 0
0: integer expression expected
/workspace/tools/importer/scan-content.sh: line 35: [: 0
0: integer expression expected
/workspace/tools/importer/scan-content.sh: line 42: [: 0
0: integer expression expected
/workspace/tools/importer/scan-content.sh: line 49: [: 0
0: integer expression expected
[25/171] ceftazidime-avibactam - tables:0
0
/workspace/tools/importer/scan-content.sh: line 21: [: 0
0: integer expression expected
/workspace/tools/importer/scan-content.sh: line 28: [: 0
0: integer expression expected
/workspace/tools/importer/scan-content.sh: line 35: [: 0
0: integer expression expected
/workspace/tools/importer/scan-content.sh: line 42: [: 0
0: integer expression expected
/workspace/tools/importer/scan-content.sh: line 49: [: 0
0: integer expression expected
[26/171] congressiscientifici - tables:0
0
/workspace/tools/importer/scan-content.sh: line 21: [: 0
0: integer expression expected
/workspace/tools/importer/scan-content.sh: line 28: [: 0
0: integer expression expected
/workspace/tools/importer/scan-content.sh: line 35: [: 0
0: integer expression expected
/workspace/tools/importer/scan-content.sh: line 42: [: 0
0: integer expression expected
/workspace/tools/importer/scan-content.sh: line 49: [: 0
0: integer expression expected
[27/171] consorzio-RCP2 - tables:0
0
/workspace/tools/importer/scan-content.sh: line 21: [: 0
0: integer expression expected
/workspace/tools/importer/scan-content.sh: line 28: [: 0
0: integer expression expected
/workspace/tools/importer/scan-content.sh: line 35: [: 0
0: integer expression expected
/workspace/tools/importer/scan-content.sh: line 42: [: 0
0: integer expression expected
/workspace/tools/importer/scan-content.sh: line 49: [: 0
0: integer expression expected
[28/171] dapagliflozin - tables:0
0
/workspace/tools/importer/scan-content.sh: line 21: [: 0
0: integer expression expected
/workspace/tools/importer/scan-content.sh: line 28: [: 0
0: integer expression expected
/workspace/tools/importer/scan-content.sh: line 35: [: 0
0: integer expression expected
/workspace/tools/importer/scan-content.sh: line 42: [: 0
0: integer expression expected
/workspace/tools/importer/scan-content.sh: line 49: [: 0
0: integer expression expected
[29/171] davidgoldstein - tables:0
0
/workspace/tools/importer/scan-content.sh: line 21: [: 0
0: integer expression expected
/workspace/tools/importer/scan-content.sh: line 28: [: 0
0: integer expression expected
/workspace/tools/importer/scan-content.sh: line 35: [: 0
0: integer expression expected
/workspace/tools/importer/scan-content.sh: line 42: [: 0
0: integer expression expected
/workspace/tools/importer/scan-content.sh: line 49: [: 0
0: integer expression expected
[30/171] durvalumab-breakthroughTherapy - tables:0
0
/workspace/tools/importer/scan-content.sh: line 21: [: 0
0: integer expression expected
/workspace/tools/importer/scan-content.sh: line 28: [: 0
0: integer expression expected
/workspace/tools/importer/scan-content.sh: line 35: [: 0
0: integer expression expected
/workspace/tools/importer/scan-content.sh: line 42: [: 0
0: integer expression expected
/workspace/tools/importer/scan-content.sh: line 49: [: 0
0: integer expression expected
[31/171] durvalumab - tables:0
0
/workspace/tools/importer/scan-content.sh: line 21: [: 0
0: integer expression expected
/workspace/tools/importer/scan-content.sh: line 28: [: 0
0: integer expression expected
/workspace/tools/importer/scan-content.sh: line 35: [: 0
0: integer expression expected
/workspace/tools/importer/scan-content.sh: line 42: [: 0
0: integer expression expected
/workspace/tools/importer/scan-content.sh: line 49: [: 0
0: integer expression expected
[32/171] durvalumabasco2016 - tables:0
0
/workspace/tools/importer/scan-content.sh: line 28: [: 0
0: integer expression expected
/workspace/tools/importer/scan-content.sh: line 35: [: 0
0: integer expression expected
/workspace/tools/importer/scan-content.sh: line 42: [: 0
0: integer expression expected
/workspace/tools/importer/scan-content.sh: line 49: [: 0
0: integer expression expected
[33/171] durvalumabesmo - tables:1
/workspace/tools/importer/scan-content.sh: line 21: [: 0
0: integer expression expected
/workspace/tools/importer/scan-content.sh: line 28: [: 0
0: integer expression expected
/workspace/tools/importer/scan-content.sh: line 35: [: 0
0: integer expression expected
/workspace/tools/importer/scan-content.sh: line 42: [: 0
0: integer expression expected
/workspace/tools/importer/scan-content.sh: line 49: [: 0
0: integer expression expected
[34/171] elcc_osimertinib - tables:0
0
/workspace/tools/importer/scan-content.sh: line 21: [: 0
0: integer expression expected
/workspace/tools/importer/scan-content.sh: line 28: [: 0
0: integer expression expected
/workspace/tools/importer/scan-content.sh: line 35: [: 0
0: integer expression expected
/workspace/tools/importer/scan-content.sh: line 42: [: 0
0: integer expression expected
/workspace/tools/importer/scan-content.sh: line 49: [: 0
0: integer expression expected
[35/171] euclid - tables:0
0
/workspace/tools/importer/scan-content.sh: line 21: [: 0
0: integer expression expected
/workspace/tools/importer/scan-content.sh: line 28: [: 0
0: integer expression expected
/workspace/tools/importer/scan-content.sh: line 35: [: 0
0: integer expression expected
/workspace/tools/importer/scan-content.sh: line 42: [: 0
0: integer expression expected
/workspace/tools/importer/scan-content.sh: line 49: [: 0
0: integer expression expected
[36/171] exenatide - tables:0
0
/workspace/tools/importer/scan-content.sh: line 21: [: 0
0: integer expression expected
/workspace/tools/importer/scan-content.sh: line 28: [: 0
0: integer expression expected
/workspace/tools/importer/scan-content.sh: line 35: [: 0
0: integer expression expected
/workspace/tools/importer/scan-content.sh: line 42: [: 0
0: integer expression expected
/workspace/tools/importer/scan-content.sh: line 49: [: 0
0: integer expression expected
[37/171] felodipina - tables:0
0
/workspace/tools/importer/scan-content.sh: line 21: [: 0
0: integer expression expected
/workspace/tools/importer/scan-content.sh: line 28: [: 0
0: integer expression expected
/workspace/tools/importer/scan-content.sh: line 35: [: 0
0: integer expression expected
/workspace/tools/importer/scan-content.sh: line 42: [: 0
0: integer expression expected
/workspace/tools/importer/scan-content.sh: line 49: [: 0
0: integer expression expected
[38/171] fulvestrantESMO - tables:0
0
/workspace/tools/importer/scan-content.sh: line 21: [: 0
0: integer expression expected
/workspace/tools/importer/scan-content.sh: line 28: [: 0
0: integer expression expected
/workspace/tools/importer/scan-content.sh: line 35: [: 0
0: integer expression expected
/workspace/tools/importer/scan-content.sh: line 42: [: 0
0: integer expression expected
/workspace/tools/importer/scan-content.sh: line 49: [: 0
0: integer expression expected
[39/171] fulvestrant_esmo - tables:0
0
/workspace/tools/importer/scan-content.sh: line 21: [: 0
0: integer expression expected
/workspace/tools/importer/scan-content.sh: line 28: [: 0
0: integer expression expected
/workspace/tools/importer/scan-content.sh: line 35: [: 0
0: integer expression expected
/workspace/tools/importer/scan-content.sh: line 42: [: 0
0: integer expression expected
/workspace/tools/importer/scan-content.sh: line 49: [: 0
0: integer expression expected
[40/171] incyte - tables:0
0
/workspace/tools/importer/scan-content.sh: line 21: [: 0
0: integer expression expected
/workspace/tools/importer/scan-content.sh: line 28: [: 0
0: integer expression expected
/workspace/tools/importer/scan-content.sh: line 35: [: 0
0: integer expression expected
/workspace/tools/importer/scan-content.sh: line 42: [: 0
0: integer expression expected
/workspace/tools/importer/scan-content.sh: line 49: [: 0
0: integer expression expected
[41/171] ironwwod - tables:0
0
/workspace/tools/importer/scan-content.sh: line 21: [: 0
0: integer expression expected
/workspace/tools/importer/scan-content.sh: line 28: [: 0
0: integer expression expected
/workspace/tools/importer/scan-content.sh: line 35: [: 0
0: integer expression expected
/workspace/tools/importer/scan-content.sh: line 42: [: 0
0: integer expression expected
/workspace/tools/importer/scan-content.sh: line 49: [: 0
0: integer expression expected
[42/171] lesinurad - tables:0
0
/workspace/tools/importer/scan-content.sh: line 21: [: 0
0: integer expression expected
/workspace/tools/importer/scan-content.sh: line 28: [: 0
0: integer expression expected
/workspace/tools/importer/scan-content.sh: line 35: [: 0
0: integer expression expected
/workspace/tools/importer/scan-content.sh: line 42: [: 0
0: integer expression expected
/workspace/tools/importer/scan-content.sh: line 49: [: 0
0: integer expression expected
[43/171] lesinurad1 - tables:0
0
/workspace/tools/importer/scan-content.sh: line 21: [: 0
0: integer expression expected
/workspace/tools/importer/scan-content.sh: line 28: [: 0
0: integer expression expected
/workspace/tools/importer/scan-content.sh: line 35: [: 0
0: integer expression expected
/workspace/tools/importer/scan-content.sh: line 42: [: 0
0: integer expression expected
/workspace/tools/importer/scan-content.sh: line 49: [: 0
0: integer expression expected
[44/171] lynparza-breakthroughTherapy - tables:0
0
/workspace/tools/importer/scan-content.sh: line 21: [: 0
0: integer expression expected
/workspace/tools/importer/scan-content.sh: line 28: [: 0
0: integer expression expected
/workspace/tools/importer/scan-content.sh: line 35: [: 0
0: integer expression expected
/workspace/tools/importer/scan-content.sh: line 42: [: 0
0: integer expression expected
/workspace/tools/importer/scan-content.sh: line 49: [: 0
0: integer expression expected
[45/171] moderna_therapeutics - tables:0
0
/workspace/tools/importer/scan-content.sh: line 21: [: 0
0: integer expression expected
/workspace/tools/importer/scan-content.sh: line 28: [: 0
0: integer expression expected
/workspace/tools/importer/scan-content.sh: line 35: [: 0
0: integer expression expected
/workspace/tools/importer/scan-content.sh: line 42: [: 0
0: integer expression expected
/workspace/tools/importer/scan-content.sh: line 49: [: 0
0: integer expression expected
[46/171] moventig_Prostrakan - tables:0
0
/workspace/tools/importer/scan-content.sh: line 21: [: 0
0: integer expression expected
/workspace/tools/importer/scan-content.sh: line 28: [: 0
0: integer expression expected
/workspace/tools/importer/scan-content.sh: line 35: [: 0
0: integer expression expected
/workspace/tools/importer/scan-content.sh: line 42: [: 0
0: integer expression expected
/workspace/tools/importer/scan-content.sh: line 49: [: 0
0: integer expression expected
[47/171] olaparib - tables:0
0
/workspace/tools/importer/scan-content.sh: line 21: [: 0
0: integer expression expected
/workspace/tools/importer/scan-content.sh: line 28: [: 0
0: integer expression expected
/workspace/tools/importer/scan-content.sh: line 35: [: 0
0: integer expression expected
/workspace/tools/importer/scan-content.sh: line 42: [: 0
0: integer expression expected
/workspace/tools/importer/scan-content.sh: line 49: [: 0
0: integer expression expected
[48/171] olaparib_GOLD - tables:0
0
/workspace/tools/importer/scan-content.sh: line 21: [: 0
0: integer expression expected
/workspace/tools/importer/scan-content.sh: line 28: [: 0
0: integer expression expected
/workspace/tools/importer/scan-content.sh: line 35: [: 0
0: integer expression expected
/workspace/tools/importer/scan-content.sh: line 42: [: 0
0: integer expression expected
/workspace/tools/importer/scan-content.sh: line 49: [: 0
0: integer expression expected
[49/171] olaparibasco2016 - tables:0
0
/workspace/tools/importer/scan-content.sh: line 21: [: 0
0: integer expression expected
/workspace/tools/importer/scan-content.sh: line 28: [: 0
0: integer expression expected
/workspace/tools/importer/scan-content.sh: line 35: [: 0
0: integer expression expected
/workspace/tools/importer/scan-content.sh: line 42: [: 0
0: integer expression expected
/workspace/tools/importer/scan-content.sh: line 49: [: 0
0: integer expression expected
[50/171] olaparibsolo2 - tables:0
0
/workspace/tools/importer/scan-content.sh: line 21: [: 0
0: integer expression expected
/workspace/tools/importer/scan-content.sh: line 28: [: 0
0: integer expression expected
/workspace/tools/importer/scan-content.sh: line 35: [: 0
0: integer expression expected
/workspace/tools/importer/scan-content.sh: line 42: [: 0
0: integer expression expected
/workspace/tools/importer/scan-content.sh: line 49: [: 0
0: integer expression expected
[51/171] osimertinib_AURA3 - tables:0
0
/workspace/tools/importer/scan-content.sh: line 28: [: 0
0: integer expression expected
/workspace/tools/importer/scan-content.sh: line 35: [: 0
0: integer expression expected
/workspace/tools/importer/scan-content.sh: line 42: [: 0
0: integer expression expected
/workspace/tools/importer/scan-content.sh: line 49: [: 0
0: integer expression expected
[52/171] osimertinib_CE - tables:1
/workspace/tools/importer/scan-content.sh: line 21: [: 0
0: integer expression expected
/workspace/tools/importer/scan-content.sh: line 28: [: 0
0: integer expression expected
/workspace/tools/importer/scan-content.sh: line 35: [: 0
0: integer expression expected
/workspace/tools/importer/scan-content.sh: line 42: [: 0
0: integer expression expected
/workspace/tools/importer/scan-content.sh: line 49: [: 0
0: integer expression expected
[53/171] osimertinibasco2016 - tables:0
0
/workspace/tools/importer/scan-content.sh: line 21: [: 0
0: integer expression expected
/workspace/tools/importer/scan-content.sh: line 28: [: 0
0: integer expression expected
/workspace/tools/importer/scan-content.sh: line 35: [: 0
0: integer expression expected
/workspace/tools/importer/scan-content.sh: line 42: [: 0
0: integer expression expected
/workspace/tools/importer/scan-content.sh: line 49: [: 0
0: integer expression expected
[54/171] ricerca_traslazionale - tables:0
0
/workspace/tools/importer/scan-content.sh: line 21: [: 0
0: integer expression expected
/workspace/tools/importer/scan-content.sh: line 28: [: 0
0: integer expression expected
/workspace/tools/importer/scan-content.sh: line 35: [: 0
0: integer expression expected
/workspace/tools/importer/scan-content.sh: line 42: [: 0
0: integer expression expected
/workspace/tools/importer/scan-content.sh: line 49: [: 0
0: integer expression expected
[55/171] ricercagenomica - tables:0
0
/workspace/tools/importer/scan-content.sh: line 21: [: 0
0: integer expression expected
/workspace/tools/importer/scan-content.sh: line 28: [: 0
0: integer expression expected
/workspace/tools/importer/scan-content.sh: line 35: [: 0
0: integer expression expected
/workspace/tools/importer/scan-content.sh: line 42: [: 0
0: integer expression expected
/workspace/tools/importer/scan-content.sh: line 49: [: 0
0: integer expression expected
[56/171] risultati_Socrates - tables:0
0
/workspace/tools/importer/scan-content.sh: line 21: [: 0
0: integer expression expected
/workspace/tools/importer/scan-content.sh: line 28: [: 0
0: integer expression expected
/workspace/tools/importer/scan-content.sh: line 35: [: 0
0: integer expression expected
/workspace/tools/importer/scan-content.sh: line 42: [: 0
0: integer expression expected
/workspace/tools/importer/scan-content.sh: line 49: [: 0
0: integer expression expected
[57/171] secretomics - tables:0
0
/workspace/tools/importer/scan-content.sh: line 21: [: 0
0: integer expression expected
/workspace/tools/importer/scan-content.sh: line 28: [: 0
0: integer expression expected
/workspace/tools/importer/scan-content.sh: line 35: [: 0
0: integer expression expected
/workspace/tools/importer/scan-content.sh: line 42: [: 0
0: integer expression expected
/workspace/tools/importer/scan-content.sh: line 49: [: 0
0: integer expression expected
[58/171] selumetinib - tables:0
0
/workspace/tools/importer/scan-content.sh: line 21: [: 0
0: integer expression expected
/workspace/tools/importer/scan-content.sh: line 28: [: 0
0: integer expression expected
/workspace/tools/importer/scan-content.sh: line 35: [: 0
0: integer expression expected
/workspace/tools/importer/scan-content.sh: line 42: [: 0
0: integer expression expected
/workspace/tools/importer/scan-content.sh: line 49: [: 0
0: integer expression expected
[59/171] selumetinib_farmacoorfano - tables:0
0
/workspace/tools/importer/scan-content.sh: line 21: [: 0
0: integer expression expected
/workspace/tools/importer/scan-content.sh: line 28: [: 0
0: integer expression expected
/workspace/tools/importer/scan-content.sh: line 35: [: 0
0: integer expression expected
/workspace/tools/importer/scan-content.sh: line 42: [: 0
0: integer expression expected
/workspace/tools/importer/scan-content.sh: line 49: [: 0
0: integer expression expected
[60/171] takeda - tables:0
0
/workspace/tools/importer/scan-content.sh: line 21: [: 0
0: integer expression expected
/workspace/tools/importer/scan-content.sh: line 28: [: 0
0: integer expression expected
/workspace/tools/importer/scan-content.sh: line 35: [: 0
0: integer expression expected
/workspace/tools/importer/scan-content.sh: line 42: [: 0
0: integer expression expected
/workspace/tools/importer/scan-content.sh: line 49: [: 0
0: integer expression expected
[61/171] testBRCA - tables:0
0
/workspace/tools/importer/scan-content.sh: line 21: [: 0
0: integer expression expected
/workspace/tools/importer/scan-content.sh: line 28: [: 0
0: integer expression expected
/workspace/tools/importer/scan-content.sh: line 35: [: 0
0: integer expression expected
/workspace/tools/importer/scan-content.sh: line 42: [: 0
0: integer expression expected
/workspace/tools/importer/scan-content.sh: line 49: [: 0
0: integer expression expected
[62/171] AACR_oncologia - tables:0
0
/workspace/tools/importer/scan-content.sh: line 21: [: 0
0: integer expression expected
/workspace/tools/importer/scan-content.sh: line 28: [: 0
0: integer expression expected
/workspace/tools/importer/scan-content.sh: line 35: [: 0
0: integer expression expected
/workspace/tools/importer/scan-content.sh: line 42: [: 0
0: integer expression expected
/workspace/tools/importer/scan-content.sh: line 49: [: 0
0: integer expression expected
[63/171] CVD_Real_SGLT2 - tables:0
0
/workspace/tools/importer/scan-content.sh: line 21: [: 0
0: integer expression expected
/workspace/tools/importer/scan-content.sh: line 28: [: 0
0: integer expression expected
/workspace/tools/importer/scan-content.sh: line 35: [: 0
0: integer expression expected
/workspace/tools/importer/scan-content.sh: line 42: [: 0
0: integer expression expected
/workspace/tools/importer/scan-content.sh: line 49: [: 0
0: integer expression expected
[64/171] Cambridge_nuovasede - tables:0
0
/workspace/tools/importer/scan-content.sh: line 21: [: 0
0: integer expression expected
/workspace/tools/importer/scan-content.sh: line 28: [: 0
0: integer expression expected
/workspace/tools/importer/scan-content.sh: line 35: [: 0
0: integer expression expected
/workspace/tools/importer/scan-content.sh: line 42: [: 0
0: integer expression expected
/workspace/tools/importer/scan-content.sh: line 49: [: 0
0: integer expression expected
[65/171] Circassia_patologierespiratorie - tables:0
0
/workspace/tools/importer/scan-content.sh: line 21: [: 0
0: integer expression expected
/workspace/tools/importer/scan-content.sh: line 28: [: 0
0: integer expression expected
/workspace/tools/importer/scan-content.sh: line 35: [: 0
0: integer expression expected
/workspace/tools/importer/scan-content.sh: line 42: [: 0
0: integer expression expected
/workspace/tools/importer/scan-content.sh: line 49: [: 0
0: integer expression expected
[66/171] Durvalumab_EMA - tables:0
0
/workspace/tools/importer/scan-content.sh: line 28: [: 0
0: integer expression expected
/workspace/tools/importer/scan-content.sh: line 35: [: 0
0: integer expression expected
/workspace/tools/importer/scan-content.sh: line 42: [: 0
0: integer expression expected
/workspace/tools/importer/scan-content.sh: line 49: [: 0
0: integer expression expected
[67/171] FLAURA_tumore_al_polmone1 - tables:1
/workspace/tools/importer/scan-content.sh: line 21: [: 0
0: integer expression expected
/workspace/tools/importer/scan-content.sh: line 28: [: 0
0: integer expression expected
/workspace/tools/importer/scan-content.sh: line 35: [: 0
0: integer expression expected
/workspace/tools/importer/scan-content.sh: line 42: [: 0
0: integer expression expected
/workspace/tools/importer/scan-content.sh: line 49: [: 0
0: integer expression expected
[68/171] GlobalDiabetesPolicyForum - tables:0
0
/workspace/tools/importer/scan-content.sh: line 21: [: 0
0: integer expression expected
/workspace/tools/importer/scan-content.sh: line 28: [: 0
0: integer expression expected
/workspace/tools/importer/scan-content.sh: line 35: [: 0
0: integer expression expected
/workspace/tools/importer/scan-content.sh: line 42: [: 0
0: integer expression expected
/workspace/tools/importer/scan-content.sh: line 49: [: 0
0: integer expression expected
[69/171] MedImmune_SanofiPasteur_MEDI8897 - tables:0
0
/workspace/tools/importer/scan-content.sh: line 21: [: 0
0: integer expression expected
/workspace/tools/importer/scan-content.sh: line 28: [: 0
0: integer expression expected
/workspace/tools/importer/scan-content.sh: line 35: [: 0
0: integer expression expected
/workspace/tools/importer/scan-content.sh: line 42: [: 0
0: integer expression expected
/workspace/tools/importer/scan-content.sh: line 49: [: 0
0: integer expression expected
[70/171] Neuromieliteottica - tables:0
0
/workspace/tools/importer/scan-content.sh: line 28: [: 0
0: integer expression expected
/workspace/tools/importer/scan-content.sh: line 35: [: 0
0: integer expression expected
/workspace/tools/importer/scan-content.sh: line 42: [: 0
0: integer expression expected
/workspace/tools/importer/scan-content.sh: line 49: [: 0
0: integer expression expected
[71/171] Olaparib_BRCA_SOLO2 - tables:1
/workspace/tools/importer/scan-content.sh: line 21: [: 0
0: integer expression expected
/workspace/tools/importer/scan-content.sh: line 28: [: 0
0: integer expression expected
/workspace/tools/importer/scan-content.sh: line 35: [: 0
0: integer expression expected
/workspace/tools/importer/scan-content.sh: line 42: [: 0
0: integer expression expected
/workspace/tools/importer/scan-content.sh: line 49: [: 0
0: integer expression expected
[72/171] Olaparib_OlympiAD - tables:0
0
/workspace/tools/importer/scan-content.sh: line 21: [: 0
0: integer expression expected
/workspace/tools/importer/scan-content.sh: line 28: [: 0
0: integer expression expected
/workspace/tools/importer/scan-content.sh: line 35: [: 0
0: integer expression expected
/workspace/tools/importer/scan-content.sh: line 42: [: 0
0: integer expression expected
/workspace/tools/importer/scan-content.sh: line 49: [: 0
0: integer expression expected
[73/171] Olaparib_carcinomamammario_OlympiAD - tables:0
0
/workspace/tools/importer/scan-content.sh: line 21: [: 0
0: integer expression expected
/workspace/tools/importer/scan-content.sh: line 28: [: 0
0: integer expression expected
/workspace/tools/importer/scan-content.sh: line 35: [: 0
0: integer expression expected
/workspace/tools/importer/scan-content.sh: line 42: [: 0
0: integer expression expected
/workspace/tools/importer/scan-content.sh: line 49: [: 0
0: integer expression expected
[74/171] Olaparib_tumoreovarico_studioSOLO2 - tables:0
0
/workspace/tools/importer/scan-content.sh: line 21: [: 0
0: integer expression expected
/workspace/tools/importer/scan-content.sh: line 28: [: 0
0: integer expression expected
/workspace/tools/importer/scan-content.sh: line 35: [: 0
0: integer expression expected
/workspace/tools/importer/scan-content.sh: line 42: [: 0
0: integer expression expected
/workspace/tools/importer/scan-content.sh: line 49: [: 0
0: integer expression expected
[75/171] Osimertinib_BTD - tables:0
0
/workspace/tools/importer/scan-content.sh: line 28: [: 0
0: integer expression expected
/workspace/tools/importer/scan-content.sh: line 35: [: 0
0: integer expression expected
/workspace/tools/importer/scan-content.sh: line 42: [: 0
0: integer expression expected
/workspace/tools/importer/scan-content.sh: line 49: [: 0
0: integer expression expected
[76/171] PACIFIC_tumore_al_polmone - tables:1
/workspace/tools/importer/scan-content.sh: line 21: [: 0
0: integer expression expected
/workspace/tools/importer/scan-content.sh: line 28: [: 0
0: integer expression expected
/workspace/tools/importer/scan-content.sh: line 35: [: 0
0: integer expression expected
/workspace/tools/importer/scan-content.sh: line 42: [: 0
0: integer expression expected
/workspace/tools/importer/scan-content.sh: line 49: [: 0
0: integer expression expected
[77/171] Patient Advocacy Network - tables:0
0
/workspace/tools/importer/scan-content.sh: line 21: [: 0
0: integer expression expected
/workspace/tools/importer/scan-content.sh: line 28: [: 0
0: integer expression expected
/workspace/tools/importer/scan-content.sh: line 35: [: 0
0: integer expression expected
/workspace/tools/importer/scan-content.sh: line 42: [: 0
0: integer expression expected
/workspace/tools/importer/scan-content.sh: line 49: [: 0
0: integer expression expected
[78/171] TopEmployers2017 - tables:0
0
/workspace/tools/importer/scan-content.sh: line 21: [: 0
0: integer expression expected
/workspace/tools/importer/scan-content.sh: line 28: [: 0
0: integer expression expected
/workspace/tools/importer/scan-content.sh: line 35: [: 0
0: integer expression expected
/workspace/tools/importer/scan-content.sh: line 42: [: 0
0: integer expression expected
/workspace/tools/importer/scan-content.sh: line 49: [: 0
0: integer expression expected
[79/171] ZS-9_iperkaliemia - tables:0
0
/workspace/tools/importer/scan-content.sh: line 21: [: 0
0: integer expression expected
/workspace/tools/importer/scan-content.sh: line 28: [: 0
0: integer expression expected
/workspace/tools/importer/scan-content.sh: line 35: [: 0
0: integer expression expected
/workspace/tools/importer/scan-content.sh: line 42: [: 0
0: integer expression expected
/workspace/tools/importer/scan-content.sh: line 49: [: 0
0: integer expression expected
[80/171] ZS9_iperkaliemia_ZSPharma - tables:0
0
/workspace/tools/importer/scan-content.sh: line 28: [: 0
0: integer expression expected
/workspace/tools/importer/scan-content.sh: line 35: [: 0
0: integer expression expected
/workspace/tools/importer/scan-content.sh: line 42: [: 0
0: integer expression expected
/workspace/tools/importer/scan-content.sh: line 49: [: 0
0: integer expression expected
[81/171] acalabrutinib - tables:1
/workspace/tools/importer/scan-content.sh: line 21: [: 0
0: integer expression expected
/workspace/tools/importer/scan-content.sh: line 28: [: 0
0: integer expression expected
/workspace/tools/importer/scan-content.sh: line 35: [: 0
0: integer expression expected
/workspace/tools/importer/scan-content.sh: line 42: [: 0
0: integer expression expected
/workspace/tools/importer/scan-content.sh: line 49: [: 0
0: integer expression expected
[82/171] benralizumab - tables:0
0
/workspace/tools/importer/scan-content.sh: line 21: [: 0
0: integer expression expected
/workspace/tools/importer/scan-content.sh: line 28: [: 0
0: integer expression expected
/workspace/tools/importer/scan-content.sh: line 35: [: 0
0: integer expression expected
/workspace/tools/importer/scan-content.sh: line 42: [: 0
0: integer expression expected
/workspace/tools/importer/scan-content.sh: line 49: [: 0
0: integer expression expected
[83/171] benralizumab_ZONDA - tables:0
0
/workspace/tools/importer/scan-content.sh: line 21: [: 0
0: integer expression expected
/workspace/tools/importer/scan-content.sh: line 28: [: 0
0: integer expression expected
/workspace/tools/importer/scan-content.sh: line 35: [: 0
0: integer expression expected
/workspace/tools/importer/scan-content.sh: line 42: [: 0
0: integer expression expected
/workspace/tools/importer/scan-content.sh: line 49: [: 0
0: integer expression expected
[84/171] brodalumab - tables:0
0
/workspace/tools/importer/scan-content.sh: line 21: [: 0
0: integer expression expected
/workspace/tools/importer/scan-content.sh: line 28: [: 0
0: integer expression expected
/workspace/tools/importer/scan-content.sh: line 35: [: 0
0: integer expression expected
/workspace/tools/importer/scan-content.sh: line 42: [: 0
0: integer expression expected
/workspace/tools/importer/scan-content.sh: line 49: [: 0
0: integer expression expected
[85/171] budesonide_formoterolo_spray - tables:0
0
/workspace/tools/importer/scan-content.sh: line 21: [: 0
0: integer expression expected
/workspace/tools/importer/scan-content.sh: line 28: [: 0
0: integer expression expected
/workspace/tools/importer/scan-content.sh: line 35: [: 0
0: integer expression expected
/workspace/tools/importer/scan-content.sh: line 42: [: 0
0: integer expression expected
/workspace/tools/importer/scan-content.sh: line 49: [: 0
0: integer expression expected
[86/171] dapagliflozin_ADA - tables:0
0
/workspace/tools/importer/scan-content.sh: line 21: [: 0
0: integer expression expected
/workspace/tools/importer/scan-content.sh: line 28: [: 0
0: integer expression expected
/workspace/tools/importer/scan-content.sh: line 35: [: 0
0: integer expression expected
/workspace/tools/importer/scan-content.sh: line 42: [: 0
0: integer expression expected
/workspace/tools/importer/scan-content.sh: line 49: [: 0
0: integer expression expected
[87/171] diabete_dapagliflozin_saxagliptin - tables:0
0
/workspace/tools/importer/scan-content.sh: line 21: [: 0
0: integer expression expected
/workspace/tools/importer/scan-content.sh: line 28: [: 0
0: integer expression expected
/workspace/tools/importer/scan-content.sh: line 35: [: 0
0: integer expression expected
/workspace/tools/importer/scan-content.sh: line 42: [: 0
0: integer expression expected
/workspace/tools/importer/scan-content.sh: line 49: [: 0
0: integer expression expected
[88/171] durvalumab_StudioPACIFIC - tables:0
0
/workspace/tools/importer/scan-content.sh: line 28: [: 0
0: integer expression expected
/workspace/tools/importer/scan-content.sh: line 35: [: 0
0: integer expression expected
/workspace/tools/importer/scan-content.sh: line 42: [: 0
0: integer expression expected
/workspace/tools/importer/scan-content.sh: line 49: [: 0
0: integer expression expected
[89/171] durvalumab_approvazioneFDA - tables:1
/workspace/tools/importer/scan-content.sh: line 21: [: 0
0: integer expression expected
/workspace/tools/importer/scan-content.sh: line 28: [: 0
0: integer expression expected
/workspace/tools/importer/scan-content.sh: line 35: [: 0
0: integer expression expected
/workspace/tools/importer/scan-content.sh: line 42: [: 0
0: integer expression expected
/workspace/tools/importer/scan-content.sh: line 49: [: 0
0: integer expression expected
[90/171] durvalumab_breakthrough therapy designation - tables:0
0
/workspace/tools/importer/scan-content.sh: line 21: [: 0
0: integer expression expected
/workspace/tools/importer/scan-content.sh: line 28: [: 0
0: integer expression expected
/workspace/tools/importer/scan-content.sh: line 35: [: 0
0: integer expression expected
/workspace/tools/importer/scan-content.sh: line 42: [: 0
0: integer expression expected
/workspace/tools/importer/scan-content.sh: line 49: [: 0
0: integer expression expected
[91/171] exenatide_studioEXSCEL - tables:0
0
/workspace/tools/importer/scan-content.sh: line 21: [: 0
0: integer expression expected
/workspace/tools/importer/scan-content.sh: line 28: [: 0
0: integer expression expected
/workspace/tools/importer/scan-content.sh: line 35: [: 0
0: integer expression expected
/workspace/tools/importer/scan-content.sh: line 42: [: 0
0: integer expression expected
/workspace/tools/importer/scan-content.sh: line 49: [: 0
0: integer expression expected
[92/171] goserelin - tables:0
0
/workspace/tools/importer/scan-content.sh: line 21: [: 0
0: integer expression expected
/workspace/tools/importer/scan-content.sh: line 28: [: 0
0: integer expression expected
/workspace/tools/importer/scan-content.sh: line 35: [: 0
0: integer expression expected
/workspace/tools/importer/scan-content.sh: line 42: [: 0
0: integer expression expected
/workspace/tools/importer/scan-content.sh: line 49: [: 0
0: integer expression expected
[93/171] immunoncologia - tables:0
0
/workspace/tools/importer/scan-content.sh: line 21: [: 0
0: integer expression expected
/workspace/tools/importer/scan-content.sh: line 28: [: 0
0: integer expression expected
/workspace/tools/importer/scan-content.sh: line 35: [: 0
0: integer expression expected
/workspace/tools/importer/scan-content.sh: line 42: [: 0
0: integer expression expected
/workspace/tools/importer/scan-content.sh: line 49: [: 0
0: integer expression expected
[94/171] linfoma_mantellare - tables:0
0
/workspace/tools/importer/scan-content.sh: line 21: [: 0
0: integer expression expected
/workspace/tools/importer/scan-content.sh: line 28: [: 0
0: integer expression expected
/workspace/tools/importer/scan-content.sh: line 35: [: 0
0: integer expression expected
/workspace/tools/importer/scan-content.sh: line 42: [: 0
0: integer expression expected
/workspace/tools/importer/scan-content.sh: line 49: [: 0
0: integer expression expected
[95/171] osimertinib_FDAUSA - tables:0
0
/workspace/tools/importer/scan-content.sh: line 21: [: 0
0: integer expression expected
/workspace/tools/importer/scan-content.sh: line 28: [: 0
0: integer expression expected
/workspace/tools/importer/scan-content.sh: line 35: [: 0
0: integer expression expected
/workspace/tools/importer/scan-content.sh: line 42: [: 0
0: integer expression expected
/workspace/tools/importer/scan-content.sh: line 49: [: 0
0: integer expression expected
[96/171] osimertinib_cFDA - tables:0
0
/workspace/tools/importer/scan-content.sh: line 21: [: 0
0: integer expression expected
/workspace/tools/importer/scan-content.sh: line 28: [: 0
0: integer expression expected
/workspace/tools/importer/scan-content.sh: line 35: [: 0
0: integer expression expected
/workspace/tools/importer/scan-content.sh: line 42: [: 0
0: integer expression expected
/workspace/tools/importer/scan-content.sh: line 49: [: 0
0: integer expression expected
[97/171] osimertinib_rimborsabile - tables:0
0
/workspace/tools/importer/scan-content.sh: line 21: [: 0
0: integer expression expected
/workspace/tools/importer/scan-content.sh: line 28: [: 0
0: integer expression expected
/workspace/tools/importer/scan-content.sh: line 35: [: 0
0: integer expression expected
/workspace/tools/importer/scan-content.sh: line 42: [: 0
0: integer expression expected
/workspace/tools/importer/scan-content.sh: line 49: [: 0
0: integer expression expected
[98/171] osimertinib_tumorealpolmone_AURA3 - tables:0
0
/workspace/tools/importer/scan-content.sh: line 21: [: 0
0: integer expression expected
/workspace/tools/importer/scan-content.sh: line 28: [: 0
0: integer expression expected
/workspace/tools/importer/scan-content.sh: line 35: [: 0
0: integer expression expected
/workspace/tools/importer/scan-content.sh: line 42: [: 0
0: integer expression expected
/workspace/tools/importer/scan-content.sh: line 49: [: 0
0: integer expression expected
[99/171] AA - tables:0
0
/workspace/tools/importer/scan-content.sh: line 28: [: 0
0: integer expression expected
/workspace/tools/importer/scan-content.sh: line 35: [: 0
0: integer expression expected
/workspace/tools/importer/scan-content.sh: line 42: [: 0
0: integer expression expected
/workspace/tools/importer/scan-content.sh: line 49: [: 0
0: integer expression expected
[100/171] ACALABRUTINIB_ELEVATETN_ASH - tables:2
/workspace/tools/importer/scan-content.sh: line 21: [: 0
0: integer expression expected
/workspace/tools/importer/scan-content.sh: line 28: [: 0
0: integer expression expected
/workspace/tools/importer/scan-content.sh: line 35: [: 0
0: integer expression expected
/workspace/tools/importer/scan-content.sh: line 42: [: 0
0: integer expression expected
/workspace/tools/importer/scan-content.sh: line 49: [: 0
0: integer expression expected
[101/171] ACALABRUTINIB_LLC_APPROVAZIONEEU - tables:0
0
/workspace/tools/importer/scan-content.sh: line 28: [: 0
0: integer expression expected
/workspace/tools/importer/scan-content.sh: line 35: [: 0
0: integer expression expected
/workspace/tools/importer/scan-content.sh: line 42: [: 0
0: integer expression expected
/workspace/tools/importer/scan-content.sh: line 49: [: 0
0: integer expression expected
[102/171] ACALABRUTINIB_LLC_ASCEND - tables:1
/workspace/tools/importer/scan-content.sh: line 28: [: 0
0: integer expression expected
/workspace/tools/importer/scan-content.sh: line 35: [: 0
0: integer expression expected
/workspace/tools/importer/scan-content.sh: line 42: [: 0
0: integer expression expected
/workspace/tools/importer/scan-content.sh: line 49: [: 0
0: integer expression expected
[103/171] ACALABRUTINIB_LLC_EHA - tables:2
/workspace/tools/importer/scan-content.sh: line 21: [: 0
0: integer expression expected
/workspace/tools/importer/scan-content.sh: line 28: [: 0
0: integer expression expected
/workspace/tools/importer/scan-content.sh: line 35: [: 0
0: integer expression expected
/workspace/tools/importer/scan-content.sh: line 42: [: 0
0: integer expression expected
/workspace/tools/importer/scan-content.sh: line 49: [: 0
0: integer expression expected
[104/171] AHA_2018 - tables:0
0
/workspace/tools/importer/scan-content.sh: line 21: [: 0
0: integer expression expected
/workspace/tools/importer/scan-content.sh: line 28: [: 0
0: integer expression expected
/workspace/tools/importer/scan-content.sh: line 35: [: 0
0: integer expression expected
/workspace/tools/importer/scan-content.sh: line 42: [: 0
0: integer expression expected
/workspace/tools/importer/scan-content.sh: line 49: [: 0
0: integer expression expected
[105/171] AHA_20181 - tables:0
0
/workspace/tools/importer/scan-content.sh: line 21: [: 0
0: integer expression expected
/workspace/tools/importer/scan-content.sh: line 28: [: 0
0: integer expression expected
/workspace/tools/importer/scan-content.sh: line 35: [: 0
0: integer expression expected
/workspace/tools/importer/scan-content.sh: line 42: [: 0
0: integer expression expected
/workspace/tools/importer/scan-content.sh: line 49: [: 0
0: integer expression expected
[106/171] ASTRAZENECA_COVID-19 - tables:0
0
/workspace/tools/importer/scan-content.sh: line 21: [: 0
0: integer expression expected
/workspace/tools/importer/scan-content.sh: line 28: [: 0
0: integer expression expected
/workspace/tools/importer/scan-content.sh: line 35: [: 0
0: integer expression expected
/workspace/tools/importer/scan-content.sh: line 42: [: 0
0: integer expression expected
/workspace/tools/importer/scan-content.sh: line 49: [: 0
0: integer expression expected
[107/171] ASTRAZENECA_TOPEMPLOYER2021 - tables:0
0
/workspace/tools/importer/scan-content.sh: line 21: [: 0
0: integer expression expected
/workspace/tools/importer/scan-content.sh: line 28: [: 0
0: integer expression expected
/workspace/tools/importer/scan-content.sh: line 35: [: 0
0: integer expression expected
/workspace/tools/importer/scan-content.sh: line 42: [: 0
0: integer expression expected
/workspace/tools/importer/scan-content.sh: line 49: [: 0
0: integer expression expected
[108/171] ASTRAZENECA_TOP_EMPLOYERS_2020 - tables:0
0
/workspace/tools/importer/scan-content.sh: line 21: [: 0
0: integer expression expected
/workspace/tools/importer/scan-content.sh: line 28: [: 0
0: integer expression expected
/workspace/tools/importer/scan-content.sh: line 35: [: 0
0: integer expression expected
/workspace/tools/importer/scan-content.sh: line 42: [: 0
0: integer expression expected
/workspace/tools/importer/scan-content.sh: line 49: [: 0
0: integer expression expected
[109/171] ASTRAZENECA_VACCINO_COVID-19 - tables:0
0
/workspace/tools/importer/scan-content.sh: line 21: [: 0
0: integer expression expected
/workspace/tools/importer/scan-content.sh: line 28: [: 0
0: integer expression expected
/workspace/tools/importer/scan-content.sh: line 35: [: 0
0: integer expression expected
/workspace/tools/importer/scan-content.sh: line 42: [: 0
0: integer expression expected
/workspace/tools/importer/scan-content.sh: line 49: [: 0
0: integer expression expected
[110/171] ASTRAZENECA_VACCINO_COVID19 - tables:0
0
/workspace/tools/importer/scan-content.sh: line 21: [: 0
0: integer expression expected
/workspace/tools/importer/scan-content.sh: line 28: [: 0
0: integer expression expected
/workspace/tools/importer/scan-content.sh: line 35: [: 0
0: integer expression expected
/workspace/tools/importer/scan-content.sh: line 42: [: 0
0: integer expression expected
/workspace/tools/importer/scan-content.sh: line 49: [: 0
0: integer expression expected
[111/171] BENRALIZUMAB_CHMP_AUTOSOMMINISTRAZIONE - tables:0
0
/workspace/tools/importer/scan-content.sh: line 21: [: 0
0: integer expression expected
/workspace/tools/importer/scan-content.sh: line 28: [: 0
0: integer expression expected
/workspace/tools/importer/scan-content.sh: line 35: [: 0
0: integer expression expected
/workspace/tools/importer/scan-content.sh: line 42: [: 0
0: integer expression expected
/workspace/tools/importer/scan-content.sh: line 49: [: 0
0: integer expression expected
[112/171] BENRALIZUMAB_PONENTE - tables:0
0
/workspace/tools/importer/scan-content.sh: line 28: [: 0
0: integer expression expected
/workspace/tools/importer/scan-content.sh: line 35: [: 0
0: integer expression expected
/workspace/tools/importer/scan-content.sh: line 42: [: 0
0: integer expression expected
/workspace/tools/importer/scan-content.sh: line 49: [: 0
0: integer expression expected
[113/171] BUDESONIDE-GLICOPIRRONIO-FORMOTEROLO_ETHOS_BPCO - tables:2
/workspace/tools/importer/scan-content.sh: line 21: [: 0
0: integer expression expected
/workspace/tools/importer/scan-content.sh: line 28: [: 0
0: integer expression expected
/workspace/tools/importer/scan-content.sh: line 35: [: 0
0: integer expression expected
/workspace/tools/importer/scan-content.sh: line 42: [: 0
0: integer expression expected
/workspace/tools/importer/scan-content.sh: line 49: [: 0
0: integer expression expected
[114/171] Benralizumab_BORA_ERS - tables:0
0
/workspace/tools/importer/scan-content.sh: line 21: [: 0
0: integer expression expected
/workspace/tools/importer/scan-content.sh: line 28: [: 0
0: integer expression expected
/workspace/tools/importer/scan-content.sh: line 35: [: 0
0: integer expression expected
/workspace/tools/importer/scan-content.sh: line 42: [: 0
0: integer expression expected
/workspace/tools/importer/scan-content.sh: line 49: [: 0
0: integer expression expected
[115/171] DAPAGLIFLOZIN_CHMP_DECLARE_CVDATA - tables:0
0
/workspace/tools/importer/scan-content.sh: line 21: [: 0
0: integer expression expected
/workspace/tools/importer/scan-content.sh: line 28: [: 0
0: integer expression expected
/workspace/tools/importer/scan-content.sh: line 35: [: 0
0: integer expression expected
/workspace/tools/importer/scan-content.sh: line 42: [: 0
0: integer expression expected
/workspace/tools/importer/scan-content.sh: line 49: [: 0
0: integer expression expected
[116/171] DAPAGLIFLOZIN_DAPA-CKD_ESC - tables:0
0
/workspace/tools/importer/scan-content.sh: line 21: [: 0
0: integer expression expected
/workspace/tools/importer/scan-content.sh: line 28: [: 0
0: integer expression expected
/workspace/tools/importer/scan-content.sh: line 35: [: 0
0: integer expression expected
/workspace/tools/importer/scan-content.sh: line 42: [: 0
0: integer expression expected
/workspace/tools/importer/scan-content.sh: line 49: [: 0
0: integer expression expected
[117/171] DAPAGLIFLOZIN_DAPA-HF_ESC2019 - tables:0
0
/workspace/tools/importer/scan-content.sh: line 21: [: 0
0: integer expression expected
/workspace/tools/importer/scan-content.sh: line 28: [: 0
0: integer expression expected
/workspace/tools/importer/scan-content.sh: line 35: [: 0
0: integer expression expected
/workspace/tools/importer/scan-content.sh: line 42: [: 0
0: integer expression expected
/workspace/tools/importer/scan-content.sh: line 49: [: 0
0: integer expression expected
[118/171] DAPAGLIFLOZIN_DAPACKD_ACC - tables:0
0
/workspace/tools/importer/scan-content.sh: line 21: [: 0
0: integer expression expected
/workspace/tools/importer/scan-content.sh: line 28: [: 0
0: integer expression expected
/workspace/tools/importer/scan-content.sh: line 35: [: 0
0: integer expression expected
/workspace/tools/importer/scan-content.sh: line 42: [: 0
0: integer expression expected
/workspace/tools/importer/scan-content.sh: line 49: [: 0
0: integer expression expected
[119/171] DAPAGLIFLOZIN_DECLARE_renaldata - tables:0
0
/workspace/tools/importer/scan-content.sh: line 21: [: 0
0: integer expression expected
/workspace/tools/importer/scan-content.sh: line 28: [: 0
0: integer expression expected
/workspace/tools/importer/scan-content.sh: line 35: [: 0
0: integer expression expected
/workspace/tools/importer/scan-content.sh: line 42: [: 0
0: integer expression expected
/workspace/tools/importer/scan-content.sh: line 49: [: 0
0: integer expression expected
[120/171] DAPAGLIFLOZIN_HF_APPROVAZIONEEU - tables:0
0
/workspace/tools/importer/scan-content.sh: line 21: [: 0
0: integer expression expected
/workspace/tools/importer/scan-content.sh: line 28: [: 0
0: integer expression expected
/workspace/tools/importer/scan-content.sh: line 35: [: 0
0: integer expression expected
/workspace/tools/importer/scan-content.sh: line 42: [: 0
0: integer expression expected
/workspace/tools/importer/scan-content.sh: line 49: [: 0
0: integer expression expected
[121/171] DECLAREsottoanalisi - tables:0
0
/workspace/tools/importer/scan-content.sh: line 28: [: 0
0: integer expression expected
/workspace/tools/importer/scan-content.sh: line 35: [: 0
0: integer expression expected
/workspace/tools/importer/scan-content.sh: line 42: [: 0
0: integer expression expected
/workspace/tools/importer/scan-content.sh: line 49: [: 0
0: integer expression expected
[122/171] DURVALUMAB_CASPIAN_IASLC - tables:1
/workspace/tools/importer/scan-content.sh: line 28: [: 0
0: integer expression expected
/workspace/tools/importer/scan-content.sh: line 35: [: 0
0: integer expression expected
/workspace/tools/importer/scan-content.sh: line 42: [: 0
0: integer expression expected
/workspace/tools/importer/scan-content.sh: line 49: [: 0
0: integer expression expected
[123/171] DURVALUMAB_CASPIAN_SCLC_ASCO - tables:1
/workspace/tools/importer/scan-content.sh: line 21: [: 0
0: integer expression expected
/workspace/tools/importer/scan-content.sh: line 28: [: 0
0: integer expression expected
/workspace/tools/importer/scan-content.sh: line 35: [: 0
0: integer expression expected
/workspace/tools/importer/scan-content.sh: line 42: [: 0
0: integer expression expected
/workspace/tools/importer/scan-content.sh: line 49: [: 0
0: integer expression expected
[124/171] DURVALUMAB_OK_UE_SCLC - tables:0
0
/workspace/tools/importer/scan-content.sh: line 21: [: 0
0: integer expression expected
/workspace/tools/importer/scan-content.sh: line 28: [: 0
0: integer expression expected
/workspace/tools/importer/scan-content.sh: line 35: [: 0
0: integer expression expected
/workspace/tools/importer/scan-content.sh: line 42: [: 0
0: integer expression expected
/workspace/tools/importer/scan-content.sh: line 49: [: 0
0: integer expression expected
[125/171] DURVALUMAB_PACIFIC_ESMO - tables:0
0
/workspace/tools/importer/scan-content.sh: line 21: [: 0
0: integer expression expected
/workspace/tools/importer/scan-content.sh: line 28: [: 0
0: integer expression expected
/workspace/tools/importer/scan-content.sh: line 35: [: 0
0: integer expression expected
/workspace/tools/importer/scan-content.sh: line 42: [: 0
0: integer expression expected
/workspace/tools/importer/scan-content.sh: line 49: [: 0
0: integer expression expected
[126/171] DURVALUMAB_TumorePolmone - tables:0
0
/workspace/tools/importer/scan-content.sh: line 21: [: 0
0: integer expression expected
/workspace/tools/importer/scan-content.sh: line 28: [: 0
0: integer expression expected
/workspace/tools/importer/scan-content.sh: line 35: [: 0
0: integer expression expected
/workspace/tools/importer/scan-content.sh: line 42: [: 0
0: integer expression expected
/workspace/tools/importer/scan-content.sh: line 49: [: 0
0: integer expression expected
[127/171] Dapaglifozin__DECLARE_top_line - tables:0
0
/workspace/tools/importer/scan-content.sh: line 21: [: 0
0: integer expression expected
/workspace/tools/importer/scan-content.sh: line 28: [: 0
0: integer expression expected
/workspace/tools/importer/scan-content.sh: line 35: [: 0
0: integer expression expected
/workspace/tools/importer/scan-content.sh: line 42: [: 0
0: integer expression expected
/workspace/tools/importer/scan-content.sh: line 49: [: 0
0: integer expression expected
[128/171] Durvalumab_parerepositivoCHMP - tables:0
0
/workspace/tools/importer/scan-content.sh: line 21: [: 0
0: integer expression expected
/workspace/tools/importer/scan-content.sh: line 28: [: 0
0: integer expression expected
/workspace/tools/importer/scan-content.sh: line 35: [: 0
0: integer expression expected
/workspace/tools/importer/scan-content.sh: line 42: [: 0
0: integer expression expected
/workspace/tools/importer/scan-content.sh: line 49: [: 0
0: integer expression expected
[129/171] HLR_FLAURA_OS - tables:0
0
/workspace/tools/importer/scan-content.sh: line 21: [: 0
0: integer expression expected
/workspace/tools/importer/scan-content.sh: line 28: [: 0
0: integer expression expected
/workspace/tools/importer/scan-content.sh: line 35: [: 0
0: integer expression expected
/workspace/tools/importer/scan-content.sh: line 42: [: 0
0: integer expression expected
/workspace/tools/importer/scan-content.sh: line 49: [: 0
0: integer expression expected
[130/171] LUNG_AMBITION_ALLIANCE - tables:0
0
/workspace/tools/importer/scan-content.sh: line 21: [: 0
0: integer expression expected
/workspace/tools/importer/scan-content.sh: line 28: [: 0
0: integer expression expected
/workspace/tools/importer/scan-content.sh: line 35: [: 0
0: integer expression expected
/workspace/tools/importer/scan-content.sh: line 42: [: 0
0: integer expression expected
/workspace/tools/importer/scan-content.sh: line 49: [: 0
0: integer expression expected
[131/171] NOMINA_DRIOL_HR - tables:0
0
/workspace/tools/importer/scan-content.sh: line 21: [: 0
0: integer expression expected
/workspace/tools/importer/scan-content.sh: line 28: [: 0
0: integer expression expected
/workspace/tools/importer/scan-content.sh: line 35: [: 0
0: integer expression expected
/workspace/tools/importer/scan-content.sh: line 42: [: 0
0: integer expression expected
/workspace/tools/importer/scan-content.sh: line 49: [: 0
0: integer expression expected
[132/171] NOMINA_MIRKOMERLETTI - tables:0
0
/workspace/tools/importer/scan-content.sh: line 21: [: 0
0: integer expression expected
/workspace/tools/importer/scan-content.sh: line 28: [: 0
0: integer expression expected
/workspace/tools/importer/scan-content.sh: line 35: [: 0
0: integer expression expected
/workspace/tools/importer/scan-content.sh: line 42: [: 0
0: integer expression expected
/workspace/tools/importer/scan-content.sh: line 49: [: 0
0: integer expression expected
[133/171] NOMINA_OLIVEROS_MEDICALHEAD - tables:0
0
/workspace/tools/importer/scan-content.sh: line 21: [: 0
0: integer expression expected
/workspace/tools/importer/scan-content.sh: line 28: [: 0
0: integer expression expected
/workspace/tools/importer/scan-content.sh: line 35: [: 0
0: integer expression expected
/workspace/tools/importer/scan-content.sh: line 42: [: 0
0: integer expression expected
/workspace/tools/importer/scan-content.sh: line 49: [: 0
0: integer expression expected
[134/171] NOTASTAMPACONSEGNEVACCINO - tables:0
0
/workspace/tools/importer/scan-content.sh: line 21: [: 0
0: integer expression expected
/workspace/tools/importer/scan-content.sh: line 28: [: 0
0: integer expression expected
/workspace/tools/importer/scan-content.sh: line 35: [: 0
0: integer expression expected
/workspace/tools/importer/scan-content.sh: line 42: [: 0
0: integer expression expected
/workspace/tools/importer/scan-content.sh: line 49: [: 0
0: integer expression expected
[135/171] NOTASTAMPAESTRANEITAVENDITAMERCATIPARALLELI - tables:0
0
/workspace/tools/importer/scan-content.sh: line 21: [: 0
0: integer expression expected
/workspace/tools/importer/scan-content.sh: line 28: [: 0
0: integer expression expected
/workspace/tools/importer/scan-content.sh: line 35: [: 0
0: integer expression expected
/workspace/tools/importer/scan-content.sh: line 42: [: 0
0: integer expression expected
/workspace/tools/importer/scan-content.sh: line 49: [: 0
0: integer expression expected
[136/171] NOTASTAMPA_DATI_INGLESI_RWE - tables:0
0
/workspace/tools/importer/scan-content.sh: line 21: [: 0
0: integer expression expected
/workspace/tools/importer/scan-content.sh: line 28: [: 0
0: integer expression expected
/workspace/tools/importer/scan-content.sh: line 35: [: 0
0: integer expression expected
/workspace/tools/importer/scan-content.sh: line 42: [: 0
0: integer expression expected
/workspace/tools/importer/scan-content.sh: line 49: [: 0
0: integer expression expected
[137/171] NOVELSTART - tables:0
0
/workspace/tools/importer/scan-content.sh: line 21: [: 0
0: integer expression expected
/workspace/tools/importer/scan-content.sh: line 28: [: 0
0: integer expression expected
/workspace/tools/importer/scan-content.sh: line 35: [: 0
0: integer expression expected
/workspace/tools/importer/scan-content.sh: line 42: [: 0
0: integer expression expected
/workspace/tools/importer/scan-content.sh: line 49: [: 0
0: integer expression expected
[138/171] Nomina_Chiara_Gargiulo_VP_RIA - tables:0
0
/workspace/tools/importer/scan-content.sh: line 21: [: 0
0: integer expression expected
/workspace/tools/importer/scan-content.sh: line 28: [: 0
0: integer expression expected
/workspace/tools/importer/scan-content.sh: line 35: [: 0
0: integer expression expected
/workspace/tools/importer/scan-content.sh: line 42: [: 0
0: integer expression expected
/workspace/tools/importer/scan-content.sh: line 49: [: 0
0: integer expression expected
[139/171] Nomina_Scott_Pescatore_VP_OBU - tables:0
0
/workspace/tools/importer/scan-content.sh: line 21: [: 0
0: integer expression expected
/workspace/tools/importer/scan-content.sh: line 28: [: 0
0: integer expression expected
/workspace/tools/importer/scan-content.sh: line 35: [: 0
0: integer expression expected
/workspace/tools/importer/scan-content.sh: line 42: [: 0
0: integer expression expected
/workspace/tools/importer/scan-content.sh: line 49: [: 0
0: integer expression expected
[140/171] OLAPARIB_OVAIO_SOLOI_APPROVAZIONEEU - tables:0
0
/workspace/tools/importer/scan-content.sh: line 21: [: 0
0: integer expression expected
/workspace/tools/importer/scan-content.sh: line 28: [: 0
0: integer expression expected
/workspace/tools/importer/scan-content.sh: line 35: [: 0
0: integer expression expected
/workspace/tools/importer/scan-content.sh: line 42: [: 0
0: integer expression expected
/workspace/tools/importer/scan-content.sh: line 49: [: 0
0: integer expression expected
[141/171] OLAPARIB_PAOLAI_APPROVAZIONEEU - tables:0
0
/workspace/tools/importer/scan-content.sh: line 28: [: 0
0: integer expression expected
/workspace/tools/importer/scan-content.sh: line 35: [: 0
0: integer expression expected
/workspace/tools/importer/scan-content.sh: line 42: [: 0
0: integer expression expected
/workspace/tools/importer/scan-content.sh: line 49: [: 0
0: integer expression expected
[142/171] OLAPARIB_PAOLA_ESMO2019 - tables:2
/workspace/tools/importer/scan-content.sh: line 28: [: 0
0: integer expression expected
/workspace/tools/importer/scan-content.sh: line 35: [: 0
0: integer expression expected
/workspace/tools/importer/scan-content.sh: line 42: [: 0
0: integer expression expected
/workspace/tools/importer/scan-content.sh: line 49: [: 0
0: integer expression expected
[143/171] OLAPARIB_PROFOUND_ESMO - tables:1
/workspace/tools/importer/scan-content.sh: line 28: [: 0
0: integer expression expected
/workspace/tools/importer/scan-content.sh: line 35: [: 0
0: integer expression expected
/workspace/tools/importer/scan-content.sh: line 42: [: 0
0: integer expression expected
/workspace/tools/importer/scan-content.sh: line 49: [: 0
0: integer expression expected
[144/171] OLAPARIB_PROFOUND_PROSTATA_ESMO2019 - tables:1
/workspace/tools/importer/scan-content.sh: line 21: [: 0
0: integer expression expected
/workspace/tools/importer/scan-content.sh: line 28: [: 0
0: integer expression expected
/workspace/tools/importer/scan-content.sh: line 35: [: 0
0: integer expression expected
/workspace/tools/importer/scan-content.sh: line 42: [: 0
0: integer expression expected
/workspace/tools/importer/scan-content.sh: line 49: [: 0
0: integer expression expected
[145/171] OLAPARIB_PROFUND_APPROVAZIONEEU - tables:0
0
/workspace/tools/importer/scan-content.sh: line 21: [: 0
0: integer expression expected
/workspace/tools/importer/scan-content.sh: line 28: [: 0
0: integer expression expected
/workspace/tools/importer/scan-content.sh: line 35: [: 0
0: integer expression expected
/workspace/tools/importer/scan-content.sh: line 42: [: 0
0: integer expression expected
/workspace/tools/importer/scan-content.sh: line 49: [: 0
0: integer expression expected
[146/171] OLAPARIB_PSP_AZ-MSD - tables:0
0
/workspace/tools/importer/scan-content.sh: line 21: [: 0
0: integer expression expected
/workspace/tools/importer/scan-content.sh: line 28: [: 0
0: integer expression expected
/workspace/tools/importer/scan-content.sh: line 35: [: 0
0: integer expression expected
/workspace/tools/importer/scan-content.sh: line 42: [: 0
0: integer expression expected
/workspace/tools/importer/scan-content.sh: line 49: [: 0
0: integer expression expected
[147/171] OLAPARIB_SENO_OVAIO_RIMBORSABILITA - tables:0
0
/workspace/tools/importer/scan-content.sh: line 28: [: 0
0: integer expression expected
/workspace/tools/importer/scan-content.sh: line 35: [: 0
0: integer expression expected
/workspace/tools/importer/scan-content.sh: line 42: [: 0
0: integer expression expected
/workspace/tools/importer/scan-content.sh: line 49: [: 0
0: integer expression expected
[148/171] OLAPARIB_SOLO-1_ESMO - tables:1
/workspace/tools/importer/scan-content.sh: line 21: [: 0
0: integer expression expected
/workspace/tools/importer/scan-content.sh: line 28: [: 0
0: integer expression expected
/workspace/tools/importer/scan-content.sh: line 35: [: 0
0: integer expression expected
/workspace/tools/importer/scan-content.sh: line 42: [: 0
0: integer expression expected
/workspace/tools/importer/scan-content.sh: line 49: [: 0
0: integer expression expected
[149/171] OLAPARIB_TumorePancreas - tables:0
0
/workspace/tools/importer/scan-content.sh: line 21: [: 0
0: integer expression expected
/workspace/tools/importer/scan-content.sh: line 28: [: 0
0: integer expression expected
/workspace/tools/importer/scan-content.sh: line 35: [: 0
0: integer expression expected
/workspace/tools/importer/scan-content.sh: line 42: [: 0
0: integer expression expected
/workspace/tools/importer/scan-content.sh: line 49: [: 0
0: integer expression expected
[150/171] OSIMERTINIB_FLAURA_ESMO2019 - tables:0
0
/workspace/tools/importer/scan-content.sh: line 28: [: 0
0: integer expression expected
/workspace/tools/importer/scan-content.sh: line 35: [: 0
0: integer expression expected
/workspace/tools/importer/scan-content.sh: line 42: [: 0
0: integer expression expected
/workspace/tools/importer/scan-content.sh: line 49: [: 0
0: integer expression expected
[151/171] OSIMERTINIB_NSCLC_ADAURA_ASCO - tables:1
/workspace/tools/importer/scan-content.sh: line 21: [: 0
0: integer expression expected
/workspace/tools/importer/scan-content.sh: line 28: [: 0
0: integer expression expected
/workspace/tools/importer/scan-content.sh: line 35: [: 0
0: integer expression expected
/workspace/tools/importer/scan-content.sh: line 42: [: 0
0: integer expression expected
/workspace/tools/importer/scan-content.sh: line 49: [: 0
0: integer expression expected
[152/171] OSIMERTINIB_RIMBORSABILITA_1LINEA - tables:0
0
/workspace/tools/importer/scan-content.sh: line 21: [: 0
0: integer expression expected
/workspace/tools/importer/scan-content.sh: line 28: [: 0
0: integer expression expected
/workspace/tools/importer/scan-content.sh: line 35: [: 0
0: integer expression expected
/workspace/tools/importer/scan-content.sh: line 42: [: 0
0: integer expression expected
/workspace/tools/importer/scan-content.sh: line 49: [: 0
0: integer expression expected
[153/171] Osimertinib_Eu - tables:0
0
/workspace/tools/importer/scan-content.sh: line 21: [: 0
0: integer expression expected
/workspace/tools/importer/scan-content.sh: line 28: [: 0
0: integer expression expected
/workspace/tools/importer/scan-content.sh: line 35: [: 0
0: integer expression expected
/workspace/tools/importer/scan-content.sh: line 42: [: 0
0: integer expression expected
/workspace/tools/importer/scan-content.sh: line 49: [: 0
0: integer expression expected
[154/171] PACIFIC_OS_WCLC - tables:0
0
/workspace/tools/importer/scan-content.sh: line 21: [: 0
0: integer expression expected
/workspace/tools/importer/scan-content.sh: line 28: [: 0
0: integer expression expected
/workspace/tools/importer/scan-content.sh: line 35: [: 0
0: integer expression expected
/workspace/tools/importer/scan-content.sh: line 42: [: 0
0: integer expression expected
/workspace/tools/importer/scan-content.sh: line 49: [: 0
0: integer expression expected
[155/171] PATIENTADVOCACYNETWORK - tables:0
0
/workspace/tools/importer/scan-content.sh: line 21: [: 0
0: integer expression expected
/workspace/tools/importer/scan-content.sh: line 28: [: 0
0: integer expression expected
/workspace/tools/importer/scan-content.sh: line 35: [: 0
0: integer expression expected
/workspace/tools/importer/scan-content.sh: line 42: [: 0
0: integer expression expected
/workspace/tools/importer/scan-content.sh: line 49: [: 0
0: integer expression expected
[156/171] PENNABENRALIZUMAB_DISPONIBILITAITALIA - tables:0
0
/workspace/tools/importer/scan-content.sh: line 21: [: 0
0: integer expression expected
/workspace/tools/importer/scan-content.sh: line 28: [: 0
0: integer expression expected
/workspace/tools/importer/scan-content.sh: line 35: [: 0
0: integer expression expected
/workspace/tools/importer/scan-content.sh: line 42: [: 0
0: integer expression expected
/workspace/tools/importer/scan-content.sh: line 49: [: 0
0: integer expression expected
[157/171] SENOMETASTATICO - tables:0
0
/workspace/tools/importer/scan-content.sh: line 21: [: 0
0: integer expression expected
/workspace/tools/importer/scan-content.sh: line 28: [: 0
0: integer expression expected
/workspace/tools/importer/scan-content.sh: line 35: [: 0
0: integer expression expected
/workspace/tools/importer/scan-content.sh: line 42: [: 0
0: integer expression expected
/workspace/tools/importer/scan-content.sh: line 49: [: 0
0: integer expression expected
[158/171] SOLO1_ESMO2018 - tables:0
0
/workspace/tools/importer/scan-content.sh: line 21: [: 0
0: integer expression expected
/workspace/tools/importer/scan-content.sh: line 28: [: 0
0: integer expression expected
/workspace/tools/importer/scan-content.sh: line 35: [: 0
0: integer expression expected
/workspace/tools/importer/scan-content.sh: line 42: [: 0
0: integer expression expected
/workspace/tools/importer/scan-content.sh: line 49: [: 0
0: integer expression expected
[159/171] Solo1_olaparib - tables:0
0
/workspace/tools/importer/scan-content.sh: line 21: [: 0
0: integer expression expected
/workspace/tools/importer/scan-content.sh: line 28: [: 0
0: integer expression expected
/workspace/tools/importer/scan-content.sh: line 35: [: 0
0: integer expression expected
/workspace/tools/importer/scan-content.sh: line 42: [: 0
0: integer expression expected
/workspace/tools/importer/scan-content.sh: line 49: [: 0
0: integer expression expected
[160/171] TICAGRELOR_THEMIS_ESC2019 - tables:0
0
/workspace/tools/importer/scan-content.sh: line 21: [: 0
0: integer expression expected
/workspace/tools/importer/scan-content.sh: line 28: [: 0
0: integer expression expected
/workspace/tools/importer/scan-content.sh: line 35: [: 0
0: integer expression expected
/workspace/tools/importer/scan-content.sh: line 42: [: 0
0: integer expression expected
/workspace/tools/importer/scan-content.sh: line 49: [: 0
0: integer expression expected
[161/171] TopEmployers2017 - tables:0
0
/workspace/tools/importer/scan-content.sh: line 21: [: 0
0: integer expression expected
/workspace/tools/importer/scan-content.sh: line 28: [: 0
0: integer expression expected
/workspace/tools/importer/scan-content.sh: line 35: [: 0
0: integer expression expected
/workspace/tools/importer/scan-content.sh: line 42: [: 0
0: integer expression expected
/workspace/tools/importer/scan-content.sh: line 49: [: 0
0: integer expression expected
[162/171] benralizumabEMA - tables:0
0
/workspace/tools/importer/scan-content.sh: line 21: [: 0
0: integer expression expected
/workspace/tools/importer/scan-content.sh: line 28: [: 0
0: integer expression expected
/workspace/tools/importer/scan-content.sh: line 35: [: 0
0: integer expression expected
/workspace/tools/importer/scan-content.sh: line 42: [: 0
0: integer expression expected
/workspace/tools/importer/scan-content.sh: line 49: [: 0
0: integer expression expected
[163/171] campagnaioscelgodisapere - tables:0
0
/workspace/tools/importer/scan-content.sh: line 28: [: 0
0: integer expression expected
/workspace/tools/importer/scan-content.sh: line 35: [: 0
0: integer expression expected
/workspace/tools/importer/scan-content.sh: line 42: [: 0
0: integer expression expected
/workspace/tools/importer/scan-content.sh: line 49: [: 0
0: integer expression expected
[164/171] durvalumab - tables:1
/workspace/tools/importer/scan-content.sh: line 21: [: 0
0: integer expression expected
/workspace/tools/importer/scan-content.sh: line 28: [: 0
0: integer expression expected
/workspace/tools/importer/scan-content.sh: line 35: [: 0
0: integer expression expected
/workspace/tools/importer/scan-content.sh: line 42: [: 0
0: integer expression expected
/workspace/tools/importer/scan-content.sh: line 49: [: 0
0: integer expression expected
[165/171] durvalumabPACIFICOS - tables:0
0
/workspace/tools/importer/scan-content.sh: line 21: [: 0
0: integer expression expected
/workspace/tools/importer/scan-content.sh: line 28: [: 0
0: integer expression expected
/workspace/tools/importer/scan-content.sh: line 35: [: 0
0: integer expression expected
/workspace/tools/importer/scan-content.sh: line 42: [: 0
0: integer expression expected
/workspace/tools/importer/scan-content.sh: line 49: [: 0
0: integer expression expected
[166/171] osimertinib_tumorealpolmone_AURA3 - tables:0
0
/workspace/tools/importer/scan-content.sh: line 21: [: 0
0: integer expression expected
/workspace/tools/importer/scan-content.sh: line 28: [: 0
0: integer expression expected
/workspace/tools/importer/scan-content.sh: line 35: [: 0
0: integer expression expected
/workspace/tools/importer/scan-content.sh: line 42: [: 0
0: integer expression expected
/workspace/tools/importer/scan-content.sh: line 49: [: 0
0: integer expression expected
[167/171] patientadvocacynetwork2018 - tables:0
0
/workspace/tools/importer/scan-content.sh: line 21: [: 0
0: integer expression expected
/workspace/tools/importer/scan-content.sh: line 28: [: 0
0: integer expression expected
/workspace/tools/importer/scan-content.sh: line 35: [: 0
0: integer expression expected
/workspace/tools/importer/scan-content.sh: line 42: [: 0
0: integer expression expected
/workspace/tools/importer/scan-content.sh: line 49: [: 0
0: integer expression expected
[168/171] studiocvdreal - tables:0
0
/workspace/tools/importer/scan-content.sh: line 21: [: 0
0: integer expression expected
/workspace/tools/importer/scan-content.sh: line 28: [: 0
0: integer expression expected
/workspace/tools/importer/scan-content.sh: line 35: [: 0
0: integer expression expected
/workspace/tools/importer/scan-content.sh: line 42: [: 0
0: integer expression expected
/workspace/tools/importer/scan-content.sh: line 49: [: 0
0: integer expression expected
[169/171] ticagrelor - tables:0
0
/workspace/tools/importer/scan-content.sh: line 21: [: 0
0: integer expression expected
/workspace/tools/importer/scan-content.sh: line 28: [: 0
0: integer expression expected
/workspace/tools/importer/scan-content.sh: line 35: [: 0
0: integer expression expected
/workspace/tools/importer/scan-content.sh: line 42: [: 0
0: integer expression expected
/workspace/tools/importer/scan-content.sh: line 49: [: 0
0: integer expression expected
[170/171] topemployers2018 - tables:0
0
/workspace/tools/importer/scan-content.sh: line 21: [: 0
0: integer expression expected
/workspace/tools/importer/scan-content.sh: line 28: [: 0
0: integer expression expected
/workspace/tools/importer/scan-content.sh: line 35: [: 0
0: integer expression expected
/workspace/tools/importer/scan-content.sh: line 42: [: 0
0: integer expression expected
/workspace/tools/importer/scan-content.sh: line 49: [: 0
0: integer expression expected
[171/171] trialsygma - tables:0
0

=========================================
CONTENT SCAN RESULTS (171 pages)
=========================================
Pages with TABLES: 21
Pages with IFRAMES: 0
Pages with VIDEOS: 0
Pages with IMAGES in body: 0
Pages with LISTS in body: 0

--- TABLE PAGES ---
Pfizer (1 tables)
accordoaspen (1 tables)
durvalumabesmo (1 tables)
osimertinib_CE (1 tables)
FLAURA_tumore_al_polmone1 (1 tables)
Olaparib_BRCA_SOLO2 (1 tables)
PACIFIC_tumore_al_polmone (1 tables)
acalabrutinib (1 tables)
durvalumab_approvazioneFDA (1 tables)
ACALABRUTINIB_ELEVATETN_ASH (2 tables)
ACALABRUTINIB_LLC_ASCEND (1 tables)
ACALABRUTINIB_LLC_EHA (2 tables)
BUDESONIDE-GLICOPIRRONIO-FORMOTEROLO_ETHOS_BPCO (2 tables)
DURVALUMAB_CASPIAN_IASLC (1 tables)
DURVALUMAB_CASPIAN_SCLC_ASCO (1 tables)
OLAPARIB_PAOLA_ESMO2019 (2 tables)
OLAPARIB_PROFOUND_ESMO (1 tables)
OLAPARIB_PROFOUND_PROSTATA_ESMO2019 (1 tables)
OLAPARIB_SOLO-1_ESMO (1 tables)
OSIMERTINIB_NSCLC_ADAURA_ASCO (1 tables)
durvalumab (1 tables)

--- IFRAME PAGES ---

--- VIDEO PAGES ---

--- IMAGE PAGES ---

